2024-08-31 15:50:20,717 INFO  [main] DocApplication: Starting DocApplication using Java 22.0.2 with PID 19154 (/Users/premkumar/Documents/Linker/build/build-package/target/classes started by premkumar in /Users/premkumar/Documents/Linker)
2024-08-31 15:50:20,718 INFO  [main] DocApplication: The following 1 profile is active: "dev"
2024-08-31 15:50:21,910 WARN  [main] JpaBaseConfiguration$JpaWebConfiguration: spring.jpa.open-in-view is enabled by default. Therefore, database queries may be performed during view rendering. Explicitly configure spring.jpa.open-in-view to disable this warning
2024-08-31 15:50:22,091 INFO  [main] ContentreaderConfiguration: entered EntityStore
2024-08-31 15:50:22,092 INFO  [main] ContentreaderConfiguration: entered StateEntityServiceImpl
2024-08-31 15:50:22,196 WARN  [main] ThymeleafAutoConfiguration$DefaultTemplateResolverConfiguration: Cannot find template location: classpath:/templates/ (please add some templates, check your Thymeleaf configuration, or set spring.thymeleaf.check-template-location=false)
2024-08-31 15:50:22,223 INFO  [main] DocApplication: Started DocApplication in 1.662 seconds (process running for 2.012)
2024-08-31 15:50:22,227 DEBUG [main] HttpModuleBuilder: Patterns [/contentreader, /health-check/{service}, /service-info/{service}, /info, /contentreader/{id}/{eventID}, /get/{id}] in 'simpleUrlHandlerMapping'
2024-08-31 15:50:22,227 INFO  [main] DocApplication: 
----------------------------------------------------------
	Application 'null' is running! Access URLs:
	Local: 		http://localhost:8001/
	External: 	http://127.0.0.1:8001/
	Profile(s): 	[dev]
----------------------------------------------------------
2024-08-31 15:50:30,946 INFO  [http-nio-8001-exec-5] AbstractOpenApiResource: Init duration for springdoc-openapi is: 105 ms
2024-08-31 15:50:39,454 WARN  [http-nio-8001-exec-9] PageNotFound: No mapping for GET /h2-console
2024-08-31 15:50:39,461 DEBUG [http-nio-8001-exec-9] MultipleMessageSource: No properties file found for [classpath*:messages]
2024-08-31 15:50:39,461 DEBUG [http-nio-8001-exec-9] MultipleMessageSource: Loading properties [messages_en.properties]
2024-08-31 15:50:39,462 DEBUG [http-nio-8001-exec-9] MultipleMessageSource: Loading properties [messages_en.properties]
2024-08-31 15:50:39,462 DEBUG [http-nio-8001-exec-9] MultipleMessageSource: Loading properties [messages_en.properties]
2024-08-31 15:50:39,462 DEBUG [http-nio-8001-exec-9] MultipleMessageSource: Loading properties [messages_en_US.properties]
2024-08-31 15:50:39,462 DEBUG [http-nio-8001-exec-9] MultipleMessageSource: Loading properties [messages_en_US.properties]
2024-08-31 15:50:39,462 DEBUG [http-nio-8001-exec-9] MultipleMessageSource: Loading properties [messages_en_US.properties]
2024-08-31 15:50:39,463 DEBUG [http-nio-8001-exec-9] MultipleMessageSource: No properties file found for [classpath*:messages_en]
2024-08-31 15:50:39,463 DEBUG [http-nio-8001-exec-9] MultipleMessageSource: No properties file found for [classpath*:messages_en_US]
2024-08-31 15:51:14,577 WARN  [http-nio-8001-exec-1] PageNotFound: No mapping for GET /h2-console
2024-08-31 15:53:20,733 INFO  [main] DocApplication: Starting DocApplication using Java 22.0.2 with PID 19203 (/Users/premkumar/Documents/Linker/build/build-package/target/classes started by premkumar in /Users/premkumar/Documents/Linker)
2024-08-31 15:53:20,734 INFO  [main] DocApplication: The following 1 profile is active: "dev"
2024-08-31 15:53:21,873 WARN  [main] JpaBaseConfiguration$JpaWebConfiguration: spring.jpa.open-in-view is enabled by default. Therefore, database queries may be performed during view rendering. Explicitly configure spring.jpa.open-in-view to disable this warning
2024-08-31 15:53:22,056 INFO  [main] ContentreaderConfiguration: entered EntityStore
2024-08-31 15:53:22,056 INFO  [main] ContentreaderConfiguration: entered StateEntityServiceImpl
2024-08-31 15:53:22,166 WARN  [main] ThymeleafAutoConfiguration$DefaultTemplateResolverConfiguration: Cannot find template location: classpath:/templates/ (please add some templates, check your Thymeleaf configuration, or set spring.thymeleaf.check-template-location=false)
2024-08-31 15:53:22,195 INFO  [main] DocApplication: Started DocApplication in 1.612 seconds (process running for 1.915)
2024-08-31 15:53:22,199 DEBUG [main] HttpModuleBuilder: Patterns [/contentreader, /health-check/{service}, /service-info/{service}, /info, /contentreader/{id}/{eventID}, /get/{id}] in 'simpleUrlHandlerMapping'
2024-08-31 15:53:22,199 INFO  [main] DocApplication: 
----------------------------------------------------------
	Application 'null' is running! Access URLs:
	Local: 		http://localhost:8001/
	External: 	http://127.0.0.1:8001/
	Profile(s): 	[dev]
----------------------------------------------------------
2024-08-31 15:54:26,629 INFO  [main] DocApplication: Starting DocApplication using Java 22.0.2 with PID 19216 (/Users/premkumar/Documents/Linker/build/build-package/target/classes started by premkumar in /Users/premkumar/Documents/Linker)
2024-08-31 15:54:26,630 INFO  [main] DocApplication: The following 1 profile is active: "dev"
2024-08-31 15:54:27,789 WARN  [main] JpaBaseConfiguration$JpaWebConfiguration: spring.jpa.open-in-view is enabled by default. Therefore, database queries may be performed during view rendering. Explicitly configure spring.jpa.open-in-view to disable this warning
2024-08-31 15:54:27,967 INFO  [main] ContentreaderConfiguration: entered EntityStore
2024-08-31 15:54:27,968 INFO  [main] ContentreaderConfiguration: entered StateEntityServiceImpl
2024-08-31 15:54:28,070 WARN  [main] ThymeleafAutoConfiguration$DefaultTemplateResolverConfiguration: Cannot find template location: classpath:/templates/ (please add some templates, check your Thymeleaf configuration, or set spring.thymeleaf.check-template-location=false)
2024-08-31 15:54:28,096 INFO  [main] DocApplication: Started DocApplication in 1.607 seconds (process running for 1.902)
2024-08-31 15:54:28,099 DEBUG [main] HttpModuleBuilder: Patterns [/contentreader, /health-check/{service}, /service-info/{service}, /{id}, /info, /contentreader/{id}/{eventID}] in 'simpleUrlHandlerMapping'
2024-08-31 15:54:28,099 INFO  [main] DocApplication: 
----------------------------------------------------------
	Application 'null' is running! Access URLs:
	Local: 		http://localhost:8001/
	External: 	http://127.0.0.1:8001/
	Profile(s): 	[dev]
----------------------------------------------------------
2024-08-31 15:54:51,471 INFO  [http-nio-8001-exec-3] ServiceInvoker: Error while executing service _contentreaderStateEntityService_.retrieve. Message = Given shortest link is not valid (type = com.sod.doc.contentreader.exception.ContentReaderException)
2024-08-31 15:54:51,471 DEBUG [http-nio-8001-exec-3] ChenileExceptionHandler: code = 509 locale = en_US
2024-08-31 15:54:51,472 DEBUG [http-nio-8001-exec-3] MultipleMessageSource: No properties file found for [classpath*:messages]
2024-08-31 15:54:51,472 DEBUG [http-nio-8001-exec-3] MultipleMessageSource: Loading properties [messages_en.properties]
2024-08-31 15:54:51,472 DEBUG [http-nio-8001-exec-3] MultipleMessageSource: Loading properties [messages_en.properties]
2024-08-31 15:54:51,472 DEBUG [http-nio-8001-exec-3] MultipleMessageSource: Loading properties [messages_en.properties]
2024-08-31 15:54:51,473 DEBUG [http-nio-8001-exec-3] MultipleMessageSource: Loading properties [messages_en_US.properties]
2024-08-31 15:54:51,473 DEBUG [http-nio-8001-exec-3] MultipleMessageSource: Loading properties [messages_en_US.properties]
2024-08-31 15:54:51,473 DEBUG [http-nio-8001-exec-3] MultipleMessageSource: Loading properties [messages_en_US.properties]
2024-08-31 15:54:51,473 DEBUG [http-nio-8001-exec-3] MultipleMessageSource: No properties file found for [classpath*:messages_en]
2024-08-31 15:54:51,473 DEBUG [http-nio-8001-exec-3] MultipleMessageSource: No properties file found for [classpath*:messages_en_US]
2024-08-31 15:54:57,207 WARN  [http-nio-8001-exec-5] PageNotFound: No mapping for GET /h2-conole/
2024-08-31 15:55:01,521 WARN  [http-nio-8001-exec-7] PageNotFound: No mapping for GET /h2-conole/login
2024-08-31 16:02:02,972 INFO  [main] DocApplication: Starting DocApplication using Java 22.0.2 with PID 19387 (/Users/premkumar/Documents/Linker/build/build-package/target/classes started by premkumar in /Users/premkumar/Documents/Linker)
2024-08-31 16:02:02,972 INFO  [main] DocApplication: The following 1 profile is active: "dev"
2024-08-31 16:02:04,084 WARN  [main] JpaBaseConfiguration$JpaWebConfiguration: spring.jpa.open-in-view is enabled by default. Therefore, database queries may be performed during view rendering. Explicitly configure spring.jpa.open-in-view to disable this warning
2024-08-31 16:02:04,252 INFO  [main] ContentreaderConfiguration: entered EntityStore
2024-08-31 16:02:04,252 INFO  [main] ContentreaderConfiguration: entered StateEntityServiceImpl
2024-08-31 16:02:04,354 WARN  [main] ThymeleafAutoConfiguration$DefaultTemplateResolverConfiguration: Cannot find template location: classpath:/templates/ (please add some templates, check your Thymeleaf configuration, or set spring.thymeleaf.check-template-location=false)
2024-08-31 16:02:04,380 INFO  [main] DocApplication: Started DocApplication in 1.546 seconds (process running for 1.855)
2024-08-31 16:02:04,384 DEBUG [main] HttpModuleBuilder: Patterns [/get/{id}, /contentreader, /health-check/{service}, /service-info/{service}, /info, /contentreader/{id}/{eventID}] in 'simpleUrlHandlerMapping'
2024-08-31 16:02:04,384 INFO  [main] DocApplication: 
----------------------------------------------------------
	Application 'null' is running! Access URLs:
	Local: 		http://localhost:8001/
	External: 	http://127.0.0.1:8001/
	Profile(s): 	[dev]
----------------------------------------------------------
