2024-08-30 00:05:05,844 INFO  [main] DocApplication: Starting DocApplication using Java 22.0.2 with PID 2830 (/Users/premkumar/Documents/Linker/build/build-package/target/classes started by premkumar in /Users/premkumar/Documents/Linker)
2024-08-30 00:05:05,845 INFO  [main] DocApplication: The following 1 profile is active: "dev"
2024-08-30 00:05:06,981 WARN  [main] JpaBaseConfiguration$JpaWebConfiguration: spring.jpa.open-in-view is enabled by default. Therefore, database queries may be performed during view rendering. Explicitly configure spring.jpa.open-in-view to disable this warning
2024-08-30 00:05:07,160 INFO  [main] ContentreaderConfiguration: entered EntityStore
2024-08-30 00:05:07,160 INFO  [main] ContentreaderConfiguration: entered StateEntityServiceImpl
2024-08-30 00:05:07,163 WARN  [main] AnnotationConfigServletWebServerApplicationContext: Exception encountered during context initialization - cancelling refresh attempt: org.springframework.beans.factory.BeanCreationException: Error creating bean with name 'annotationChenileServiceInitializer' defined in class path resource [org/chenile/configuration/http/UrlMappingConfiguration.class]: null
2024-08-30 00:05:07,175 ERROR [main] SpringApplication: Application run failed
org.springframework.beans.factory.BeanCreationException: Error creating bean with name 'annotationChenileServiceInitializer' defined in class path resource [org/chenile/configuration/http/UrlMappingConfiguration.class]: null
	at org.springframework.beans.factory.support.AbstractAutowireCapableBeanFactory.initializeBean(AbstractAutowireCapableBeanFactory.java:1786)
	at org.springframework.beans.factory.support.AbstractAutowireCapableBeanFactory.doCreateBean(AbstractAutowireCapableBeanFactory.java:600)
	at org.springframework.beans.factory.support.AbstractAutowireCapableBeanFactory.createBean(AbstractAutowireCapableBeanFactory.java:522)
	at org.springframework.beans.factory.support.AbstractBeanFactory.lambda$doGetBean$0(AbstractBeanFactory.java:326)
	at org.springframework.beans.factory.support.DefaultSingletonBeanRegistry.getSingleton(DefaultSingletonBeanRegistry.java:234)
	at org.springframework.beans.factory.support.AbstractBeanFactory.doGetBean(AbstractBeanFactory.java:324)
	at org.springframework.beans.factory.support.AbstractBeanFactory.getBean(AbstractBeanFactory.java:200)
	at org.springframework.beans.factory.support.DefaultListableBeanFactory.preInstantiateSingletons(DefaultListableBeanFactory.java:975)
	at org.springframework.context.support.AbstractApplicationContext.finishBeanFactoryInitialization(AbstractApplicationContext.java:962)
	at org.springframework.context.support.AbstractApplicationContext.refresh(AbstractApplicationContext.java:624)
	at org.springframework.boot.web.servlet.context.ServletWebServerApplicationContext.refresh(ServletWebServerApplicationContext.java:146)
	at org.springframework.boot.SpringApplication.refresh(SpringApplication.java:754)
	at org.springframework.boot.SpringApplication.refreshContext(SpringApplication.java:456)
	at org.springframework.boot.SpringApplication.run(SpringApplication.java:334)
	at com.sod.doc.build.DocApplication.main(DocApplication.java:59)
Caused by: org.chenile.base.exception.ServerException: null
	at org.chenile.core.init.AbstractServiceInitializer.validate(AbstractServiceInitializer.java:134)
	at org.chenile.core.init.AbstractServiceInitializer.validate(AbstractServiceInitializer.java:107)
	at org.chenile.core.init.AbstractServiceInitializer.registerService(AbstractServiceInitializer.java:85)
	at org.chenile.http.init.AnnotationChenileServiceInitializer.init(AnnotationChenileServiceInitializer.java:116)
	at org.chenile.core.init.AbstractServiceInitializer.afterPropertiesSet(AbstractServiceInitializer.java:176)
	at org.springframework.beans.factory.support.AbstractAutowireCapableBeanFactory.invokeInitMethods(AbstractAutowireCapableBeanFactory.java:1833)
	at org.springframework.beans.factory.support.AbstractAutowireCapableBeanFactory.initializeBean(AbstractAutowireCapableBeanFactory.java:1782)
	... 14 common frames omitted
2024-08-30 00:05:59,581 INFO  [main] DocApplication: Starting DocApplication using Java 22.0.2 with PID 2850 (/Users/premkumar/Documents/Linker/build/build-package/target/classes started by premkumar in /Users/premkumar/Documents/Linker)
2024-08-30 00:05:59,582 INFO  [main] DocApplication: The following 1 profile is active: "dev"
2024-08-30 00:06:00,651 WARN  [main] JpaBaseConfiguration$JpaWebConfiguration: spring.jpa.open-in-view is enabled by default. Therefore, database queries may be performed during view rendering. Explicitly configure spring.jpa.open-in-view to disable this warning
2024-08-30 00:06:00,826 INFO  [main] ContentreaderConfiguration: entered EntityStore
2024-08-30 00:06:00,826 INFO  [main] ContentreaderConfiguration: entered StateEntityServiceImpl
2024-08-30 00:06:00,829 WARN  [main] AnnotationConfigServletWebServerApplicationContext: Exception encountered during context initialization - cancelling refresh attempt: org.springframework.beans.factory.BeanCreationException: Error creating bean with name 'annotationChenileServiceInitializer' defined in class path resource [org/chenile/configuration/http/UrlMappingConfiguration.class]: null
2024-08-30 00:06:00,840 ERROR [main] SpringApplication: Application run failed
org.springframework.beans.factory.BeanCreationException: Error creating bean with name 'annotationChenileServiceInitializer' defined in class path resource [org/chenile/configuration/http/UrlMappingConfiguration.class]: null
	at org.springframework.beans.factory.support.AbstractAutowireCapableBeanFactory.initializeBean(AbstractAutowireCapableBeanFactory.java:1786)
	at org.springframework.beans.factory.support.AbstractAutowireCapableBeanFactory.doCreateBean(AbstractAutowireCapableBeanFactory.java:600)
	at org.springframework.beans.factory.support.AbstractAutowireCapableBeanFactory.createBean(AbstractAutowireCapableBeanFactory.java:522)
	at org.springframework.beans.factory.support.AbstractBeanFactory.lambda$doGetBean$0(AbstractBeanFactory.java:326)
	at org.springframework.beans.factory.support.DefaultSingletonBeanRegistry.getSingleton(DefaultSingletonBeanRegistry.java:234)
	at org.springframework.beans.factory.support.AbstractBeanFactory.doGetBean(AbstractBeanFactory.java:324)
	at org.springframework.beans.factory.support.AbstractBeanFactory.getBean(AbstractBeanFactory.java:200)
	at org.springframework.beans.factory.support.DefaultListableBeanFactory.preInstantiateSingletons(DefaultListableBeanFactory.java:975)
	at org.springframework.context.support.AbstractApplicationContext.finishBeanFactoryInitialization(AbstractApplicationContext.java:962)
	at org.springframework.context.support.AbstractApplicationContext.refresh(AbstractApplicationContext.java:624)
	at org.springframework.boot.web.servlet.context.ServletWebServerApplicationContext.refresh(ServletWebServerApplicationContext.java:146)
	at org.springframework.boot.SpringApplication.refresh(SpringApplication.java:754)
	at org.springframework.boot.SpringApplication.refreshContext(SpringApplication.java:456)
	at org.springframework.boot.SpringApplication.run(SpringApplication.java:334)
	at com.sod.doc.build.DocApplication.main(DocApplication.java:59)
Caused by: org.chenile.base.exception.ServerException: null
	at org.chenile.core.init.AbstractServiceInitializer.validate(AbstractServiceInitializer.java:134)
	at org.chenile.core.init.AbstractServiceInitializer.validate(AbstractServiceInitializer.java:107)
	at org.chenile.core.init.AbstractServiceInitializer.registerService(AbstractServiceInitializer.java:85)
	at org.chenile.http.init.AnnotationChenileServiceInitializer.init(AnnotationChenileServiceInitializer.java:116)
	at org.chenile.core.init.AbstractServiceInitializer.afterPropertiesSet(AbstractServiceInitializer.java:176)
	at org.springframework.beans.factory.support.AbstractAutowireCapableBeanFactory.invokeInitMethods(AbstractAutowireCapableBeanFactory.java:1833)
	at org.springframework.beans.factory.support.AbstractAutowireCapableBeanFactory.initializeBean(AbstractAutowireCapableBeanFactory.java:1782)
	... 14 common frames omitted
2024-08-30 00:08:18,775 INFO  [main] DocApplication: Starting DocApplication using Java 22.0.2 with PID 2871 (/Users/premkumar/Documents/Linker/build/build-package/target/classes started by premkumar in /Users/premkumar/Documents/Linker)
2024-08-30 00:08:18,776 INFO  [main] DocApplication: The following 1 profile is active: "dev"
2024-08-30 00:08:19,801 WARN  [main] JpaBaseConfiguration$JpaWebConfiguration: spring.jpa.open-in-view is enabled by default. Therefore, database queries may be performed during view rendering. Explicitly configure spring.jpa.open-in-view to disable this warning
2024-08-30 00:08:19,982 INFO  [main] ContentreaderConfiguration: entered EntityStore
2024-08-30 00:08:19,982 INFO  [main] ContentreaderConfiguration: entered StateEntityServiceImpl
2024-08-30 00:08:19,986 WARN  [main] AnnotationConfigServletWebServerApplicationContext: Exception encountered during context initialization - cancelling refresh attempt: org.springframework.beans.factory.BeanCreationException: Error creating bean with name 'annotationChenileServiceInitializer' defined in class path resource [org/chenile/configuration/http/UrlMappingConfiguration.class]: null
2024-08-30 00:08:19,999 ERROR [main] SpringApplication: Application run failed
org.springframework.beans.factory.BeanCreationException: Error creating bean with name 'annotationChenileServiceInitializer' defined in class path resource [org/chenile/configuration/http/UrlMappingConfiguration.class]: null
	at org.springframework.beans.factory.support.AbstractAutowireCapableBeanFactory.initializeBean(AbstractAutowireCapableBeanFactory.java:1786)
	at org.springframework.beans.factory.support.AbstractAutowireCapableBeanFactory.doCreateBean(AbstractAutowireCapableBeanFactory.java:600)
	at org.springframework.beans.factory.support.AbstractAutowireCapableBeanFactory.createBean(AbstractAutowireCapableBeanFactory.java:522)
	at org.springframework.beans.factory.support.AbstractBeanFactory.lambda$doGetBean$0(AbstractBeanFactory.java:326)
	at org.springframework.beans.factory.support.DefaultSingletonBeanRegistry.getSingleton(DefaultSingletonBeanRegistry.java:234)
	at org.springframework.beans.factory.support.AbstractBeanFactory.doGetBean(AbstractBeanFactory.java:324)
	at org.springframework.beans.factory.support.AbstractBeanFactory.getBean(AbstractBeanFactory.java:200)
	at org.springframework.beans.factory.support.DefaultListableBeanFactory.preInstantiateSingletons(DefaultListableBeanFactory.java:975)
	at org.springframework.context.support.AbstractApplicationContext.finishBeanFactoryInitialization(AbstractApplicationContext.java:962)
	at org.springframework.context.support.AbstractApplicationContext.refresh(AbstractApplicationContext.java:624)
	at org.springframework.boot.web.servlet.context.ServletWebServerApplicationContext.refresh(ServletWebServerApplicationContext.java:146)
	at org.springframework.boot.SpringApplication.refresh(SpringApplication.java:754)
	at org.springframework.boot.SpringApplication.refreshContext(SpringApplication.java:456)
	at org.springframework.boot.SpringApplication.run(SpringApplication.java:334)
	at com.sod.doc.build.DocApplication.main(DocApplication.java:59)
Caused by: org.chenile.base.exception.ServerException: null
	at org.chenile.core.init.AbstractServiceInitializer.validate(AbstractServiceInitializer.java:134)
	at org.chenile.core.init.AbstractServiceInitializer.validate(AbstractServiceInitializer.java:107)
	at org.chenile.core.init.AbstractServiceInitializer.registerService(AbstractServiceInitializer.java:85)
	at org.chenile.http.init.AnnotationChenileServiceInitializer.init(AnnotationChenileServiceInitializer.java:116)
	at org.chenile.core.init.AbstractServiceInitializer.afterPropertiesSet(AbstractServiceInitializer.java:176)
	at org.springframework.beans.factory.support.AbstractAutowireCapableBeanFactory.invokeInitMethods(AbstractAutowireCapableBeanFactory.java:1833)
	at org.springframework.beans.factory.support.AbstractAutowireCapableBeanFactory.initializeBean(AbstractAutowireCapableBeanFactory.java:1782)
	... 14 common frames omitted
2024-08-30 00:12:04,830 INFO  [main] DocApplication: Starting DocApplication using Java 22.0.2 with PID 2914 (/Users/premkumar/Documents/Linker/build/build-package/target/classes started by premkumar in /Users/premkumar/Documents/Linker)
2024-08-30 00:12:04,831 INFO  [main] DocApplication: The following 1 profile is active: "dev"
2024-08-30 00:12:05,916 WARN  [main] JpaBaseConfiguration$JpaWebConfiguration: spring.jpa.open-in-view is enabled by default. Therefore, database queries may be performed during view rendering. Explicitly configure spring.jpa.open-in-view to disable this warning
2024-08-30 00:12:06,084 INFO  [main] ContentreaderConfiguration: entered EntityStore
2024-08-30 00:12:06,085 INFO  [main] ContentreaderConfiguration: entered StateEntityServiceImpl
2024-08-30 00:12:06,088 WARN  [main] AnnotationConfigServletWebServerApplicationContext: Exception encountered during context initialization - cancelling refresh attempt: org.springframework.beans.factory.BeanCreationException: Error creating bean with name 'annotationChenileServiceInitializer' defined in class path resource [org/chenile/configuration/http/UrlMappingConfiguration.class]: null
2024-08-30 00:12:06,099 ERROR [main] SpringApplication: Application run failed
org.springframework.beans.factory.BeanCreationException: Error creating bean with name 'annotationChenileServiceInitializer' defined in class path resource [org/chenile/configuration/http/UrlMappingConfiguration.class]: null
	at org.springframework.beans.factory.support.AbstractAutowireCapableBeanFactory.initializeBean(AbstractAutowireCapableBeanFactory.java:1786)
	at org.springframework.beans.factory.support.AbstractAutowireCapableBeanFactory.doCreateBean(AbstractAutowireCapableBeanFactory.java:600)
	at org.springframework.beans.factory.support.AbstractAutowireCapableBeanFactory.createBean(AbstractAutowireCapableBeanFactory.java:522)
	at org.springframework.beans.factory.support.AbstractBeanFactory.lambda$doGetBean$0(AbstractBeanFactory.java:326)
	at org.springframework.beans.factory.support.DefaultSingletonBeanRegistry.getSingleton(DefaultSingletonBeanRegistry.java:234)
	at org.springframework.beans.factory.support.AbstractBeanFactory.doGetBean(AbstractBeanFactory.java:324)
	at org.springframework.beans.factory.support.AbstractBeanFactory.getBean(AbstractBeanFactory.java:200)
	at org.springframework.beans.factory.support.DefaultListableBeanFactory.preInstantiateSingletons(DefaultListableBeanFactory.java:975)
	at org.springframework.context.support.AbstractApplicationContext.finishBeanFactoryInitialization(AbstractApplicationContext.java:962)
	at org.springframework.context.support.AbstractApplicationContext.refresh(AbstractApplicationContext.java:624)
	at org.springframework.boot.web.servlet.context.ServletWebServerApplicationContext.refresh(ServletWebServerApplicationContext.java:146)
	at org.springframework.boot.SpringApplication.refresh(SpringApplication.java:754)
	at org.springframework.boot.SpringApplication.refreshContext(SpringApplication.java:456)
	at org.springframework.boot.SpringApplication.run(SpringApplication.java:334)
	at com.sod.doc.build.DocApplication.main(DocApplication.java:59)
Caused by: org.chenile.base.exception.ServerException: null
	at org.chenile.core.init.AbstractServiceInitializer.validate(AbstractServiceInitializer.java:134)
	at org.chenile.core.init.AbstractServiceInitializer.validate(AbstractServiceInitializer.java:107)
	at org.chenile.core.init.AbstractServiceInitializer.registerService(AbstractServiceInitializer.java:85)
	at org.chenile.http.init.AnnotationChenileServiceInitializer.init(AnnotationChenileServiceInitializer.java:116)
	at org.chenile.core.init.AbstractServiceInitializer.afterPropertiesSet(AbstractServiceInitializer.java:176)
	at org.springframework.beans.factory.support.AbstractAutowireCapableBeanFactory.invokeInitMethods(AbstractAutowireCapableBeanFactory.java:1833)
	at org.springframework.beans.factory.support.AbstractAutowireCapableBeanFactory.initializeBean(AbstractAutowireCapableBeanFactory.java:1782)
	... 14 common frames omitted
2024-08-30 00:12:57,985 INFO  [main] DocApplication: Starting DocApplication using Java 22.0.2 with PID 2926 (/Users/premkumar/Documents/Linker/build/build-package/target/classes started by premkumar in /Users/premkumar/Documents/Linker)
2024-08-30 00:12:57,985 INFO  [main] DocApplication: The following 1 profile is active: "dev"
2024-08-30 00:12:58,990 WARN  [main] JpaBaseConfiguration$JpaWebConfiguration: spring.jpa.open-in-view is enabled by default. Therefore, database queries may be performed during view rendering. Explicitly configure spring.jpa.open-in-view to disable this warning
2024-08-30 00:12:59,146 INFO  [main] ContentreaderConfiguration: entered EntityStore
2024-08-30 00:12:59,146 INFO  [main] ContentreaderConfiguration: entered StateEntityServiceImpl
2024-08-30 00:12:59,252 WARN  [main] ThymeleafAutoConfiguration$DefaultTemplateResolverConfiguration: Cannot find template location: classpath:/templates/ (please add some templates, check your Thymeleaf configuration, or set spring.thymeleaf.check-template-location=false)
2024-08-30 00:12:59,278 INFO  [main] DocApplication: Started DocApplication in 1.441 seconds (process running for 1.736)
2024-08-30 00:12:59,281 DEBUG [main] HttpModuleBuilder: Patterns [/contentreader, /health-check/{service}, /service-info/{service}, /contentreader/{id}, /info, /contentreader/{id}/{eventID}] in 'simpleUrlHandlerMapping'
2024-08-30 00:12:59,282 INFO  [main] DocApplication: 
----------------------------------------------------------
	Application 'null' is running! Access URLs:
	Local: 		http://localhost:8001/
	External: 	http://127.0.0.1:8001/
	Profile(s): 	[dev]
----------------------------------------------------------
2024-08-30 00:15:12,263 INFO  [main] DocApplication: Starting DocApplication using Java 22.0.2 with PID 2947 (/Users/premkumar/Documents/Linker/build/build-package/target/classes started by premkumar in /Users/premkumar/Documents/Linker)
2024-08-30 00:15:12,264 INFO  [main] DocApplication: The following 1 profile is active: "dev"
2024-08-30 00:15:13,294 WARN  [main] JpaBaseConfiguration$JpaWebConfiguration: spring.jpa.open-in-view is enabled by default. Therefore, database queries may be performed during view rendering. Explicitly configure spring.jpa.open-in-view to disable this warning
2024-08-30 00:15:13,452 INFO  [main] ContentreaderConfiguration: entered EntityStore
2024-08-30 00:15:13,453 INFO  [main] ContentreaderConfiguration: entered StateEntityServiceImpl
2024-08-30 00:15:13,455 WARN  [main] AnnotationConfigServletWebServerApplicationContext: Exception encountered during context initialization - cancelling refresh attempt: org.springframework.beans.factory.BeanCreationException: Error creating bean with name 'annotationChenileServiceInitializer' defined in class path resource [org/chenile/configuration/http/UrlMappingConfiguration.class]: null
2024-08-30 00:15:13,466 ERROR [main] SpringApplication: Application run failed
org.springframework.beans.factory.BeanCreationException: Error creating bean with name 'annotationChenileServiceInitializer' defined in class path resource [org/chenile/configuration/http/UrlMappingConfiguration.class]: null
	at org.springframework.beans.factory.support.AbstractAutowireCapableBeanFactory.initializeBean(AbstractAutowireCapableBeanFactory.java:1786)
	at org.springframework.beans.factory.support.AbstractAutowireCapableBeanFactory.doCreateBean(AbstractAutowireCapableBeanFactory.java:600)
	at org.springframework.beans.factory.support.AbstractAutowireCapableBeanFactory.createBean(AbstractAutowireCapableBeanFactory.java:522)
	at org.springframework.beans.factory.support.AbstractBeanFactory.lambda$doGetBean$0(AbstractBeanFactory.java:326)
	at org.springframework.beans.factory.support.DefaultSingletonBeanRegistry.getSingleton(DefaultSingletonBeanRegistry.java:234)
	at org.springframework.beans.factory.support.AbstractBeanFactory.doGetBean(AbstractBeanFactory.java:324)
	at org.springframework.beans.factory.support.AbstractBeanFactory.getBean(AbstractBeanFactory.java:200)
	at org.springframework.beans.factory.support.DefaultListableBeanFactory.preInstantiateSingletons(DefaultListableBeanFactory.java:975)
	at org.springframework.context.support.AbstractApplicationContext.finishBeanFactoryInitialization(AbstractApplicationContext.java:962)
	at org.springframework.context.support.AbstractApplicationContext.refresh(AbstractApplicationContext.java:624)
	at org.springframework.boot.web.servlet.context.ServletWebServerApplicationContext.refresh(ServletWebServerApplicationContext.java:146)
	at org.springframework.boot.SpringApplication.refresh(SpringApplication.java:754)
	at org.springframework.boot.SpringApplication.refreshContext(SpringApplication.java:456)
	at org.springframework.boot.SpringApplication.run(SpringApplication.java:334)
	at com.sod.doc.build.DocApplication.main(DocApplication.java:59)
Caused by: org.chenile.base.exception.ServerException: null
	at org.chenile.core.init.AbstractServiceInitializer.validate(AbstractServiceInitializer.java:134)
	at org.chenile.core.init.AbstractServiceInitializer.validate(AbstractServiceInitializer.java:107)
	at org.chenile.core.init.AbstractServiceInitializer.registerService(AbstractServiceInitializer.java:85)
	at org.chenile.http.init.AnnotationChenileServiceInitializer.init(AnnotationChenileServiceInitializer.java:116)
	at org.chenile.core.init.AbstractServiceInitializer.afterPropertiesSet(AbstractServiceInitializer.java:176)
	at org.springframework.beans.factory.support.AbstractAutowireCapableBeanFactory.invokeInitMethods(AbstractAutowireCapableBeanFactory.java:1833)
	at org.springframework.beans.factory.support.AbstractAutowireCapableBeanFactory.initializeBean(AbstractAutowireCapableBeanFactory.java:1782)
	... 14 common frames omitted
2024-08-30 00:28:29,038 INFO  [main] DocApplication: Starting DocApplication using Java 22.0.2 with PID 3035 (/Users/premkumar/Documents/Linker/build/build-package/target/classes started by premkumar in /Users/premkumar/Documents/Linker)
2024-08-30 00:28:29,038 INFO  [main] DocApplication: The following 1 profile is active: "dev"
2024-08-30 00:28:30,046 WARN  [main] JpaBaseConfiguration$JpaWebConfiguration: spring.jpa.open-in-view is enabled by default. Therefore, database queries may be performed during view rendering. Explicitly configure spring.jpa.open-in-view to disable this warning
2024-08-30 00:28:30,203 INFO  [main] ContentreaderConfiguration: entered EntityStore
2024-08-30 00:28:30,203 INFO  [main] ContentreaderConfiguration: entered StateEntityServiceImpl
2024-08-30 00:28:30,205 WARN  [main] AnnotationConfigServletWebServerApplicationContext: Exception encountered during context initialization - cancelling refresh attempt: org.springframework.beans.factory.BeanCreationException: Error creating bean with name 'annotationChenileServiceInitializer' defined in class path resource [org/chenile/configuration/http/UrlMappingConfiguration.class]: null
2024-08-30 00:28:30,219 ERROR [main] SpringApplication: Application run failed
org.springframework.beans.factory.BeanCreationException: Error creating bean with name 'annotationChenileServiceInitializer' defined in class path resource [org/chenile/configuration/http/UrlMappingConfiguration.class]: null
	at org.springframework.beans.factory.support.AbstractAutowireCapableBeanFactory.initializeBean(AbstractAutowireCapableBeanFactory.java:1786)
	at org.springframework.beans.factory.support.AbstractAutowireCapableBeanFactory.doCreateBean(AbstractAutowireCapableBeanFactory.java:600)
	at org.springframework.beans.factory.support.AbstractAutowireCapableBeanFactory.createBean(AbstractAutowireCapableBeanFactory.java:522)
	at org.springframework.beans.factory.support.AbstractBeanFactory.lambda$doGetBean$0(AbstractBeanFactory.java:326)
	at org.springframework.beans.factory.support.DefaultSingletonBeanRegistry.getSingleton(DefaultSingletonBeanRegistry.java:234)
	at org.springframework.beans.factory.support.AbstractBeanFactory.doGetBean(AbstractBeanFactory.java:324)
	at org.springframework.beans.factory.support.AbstractBeanFactory.getBean(AbstractBeanFactory.java:200)
	at org.springframework.beans.factory.support.DefaultListableBeanFactory.preInstantiateSingletons(DefaultListableBeanFactory.java:975)
	at org.springframework.context.support.AbstractApplicationContext.finishBeanFactoryInitialization(AbstractApplicationContext.java:962)
	at org.springframework.context.support.AbstractApplicationContext.refresh(AbstractApplicationContext.java:624)
	at org.springframework.boot.web.servlet.context.ServletWebServerApplicationContext.refresh(ServletWebServerApplicationContext.java:146)
	at org.springframework.boot.SpringApplication.refresh(SpringApplication.java:754)
	at org.springframework.boot.SpringApplication.refreshContext(SpringApplication.java:456)
	at org.springframework.boot.SpringApplication.run(SpringApplication.java:334)
	at com.sod.doc.build.DocApplication.main(DocApplication.java:59)
Caused by: org.chenile.base.exception.ServerException: null
	at org.chenile.core.init.AbstractServiceInitializer.validate(AbstractServiceInitializer.java:134)
	at org.chenile.core.init.AbstractServiceInitializer.validate(AbstractServiceInitializer.java:107)
	at org.chenile.core.init.AbstractServiceInitializer.registerService(AbstractServiceInitializer.java:85)
	at org.chenile.http.init.AnnotationChenileServiceInitializer.init(AnnotationChenileServiceInitializer.java:116)
	at org.chenile.core.init.AbstractServiceInitializer.afterPropertiesSet(AbstractServiceInitializer.java:176)
	at org.springframework.beans.factory.support.AbstractAutowireCapableBeanFactory.invokeInitMethods(AbstractAutowireCapableBeanFactory.java:1833)
	at org.springframework.beans.factory.support.AbstractAutowireCapableBeanFactory.initializeBean(AbstractAutowireCapableBeanFactory.java:1782)
	... 14 common frames omitted
2024-08-30 00:30:48,283 INFO  [main] DocApplication: Starting DocApplication using Java 22.0.2 with PID 3055 (/Users/premkumar/Documents/Linker/build/build-package/target/classes started by premkumar in /Users/premkumar/Documents/Linker)
2024-08-30 00:30:48,284 INFO  [main] DocApplication: The following 1 profile is active: "dev"
2024-08-30 00:30:49,308 WARN  [main] JpaBaseConfiguration$JpaWebConfiguration: spring.jpa.open-in-view is enabled by default. Therefore, database queries may be performed during view rendering. Explicitly configure spring.jpa.open-in-view to disable this warning
2024-08-30 00:30:49,468 INFO  [main] ContentreaderConfiguration: entered EntityStore
2024-08-30 00:30:49,468 INFO  [main] ContentreaderConfiguration: entered StateEntityServiceImpl
2024-08-30 00:30:49,570 WARN  [main] ThymeleafAutoConfiguration$DefaultTemplateResolverConfiguration: Cannot find template location: classpath:/templates/ (please add some templates, check your Thymeleaf configuration, or set spring.thymeleaf.check-template-location=false)
2024-08-30 00:30:49,596 INFO  [main] DocApplication: Started DocApplication in 1.446 seconds (process running for 1.729)
2024-08-30 00:30:49,600 DEBUG [main] HttpModuleBuilder: Patterns [/contentreader, /health-check/{service}, /service-info/{service}, /{id}, /info, /contentreader/{id}/{eventID}] in 'simpleUrlHandlerMapping'
2024-08-30 00:30:49,600 INFO  [main] DocApplication: 
----------------------------------------------------------
	Application 'null' is running! Access URLs:
	Local: 		http://localhost:8001/
	External: 	http://127.0.0.1:8001/
	Profile(s): 	[dev]
----------------------------------------------------------
2024-08-30 00:30:58,442 DEBUG [http-nio-8001-exec-1] STMFlowStoreImpl: :::::::::::::::::::truefor state::::::::OPENED
2024-08-30 00:30:58,443 DEBUG [http-nio-8001-exec-1] STMFlowStoreImpl: :::::::::::::::::::truefor state::::::::OPENED
2024-08-30 00:30:58,508 WARN  [http-nio-8001-exec-1] CreateShortestUrlService: Shortest Path got matched Change the Logic
2024-08-30 00:30:58,508 DEBUG [http-nio-8001-exec-1] STMFlowStoreImpl: :::::::::::::::::::truefor state::::::::GENERATED
2024-08-30 00:30:58,508 DEBUG [http-nio-8001-exec-1] STMFlowStoreImpl: :::::::::::::::::::truefor state::::::::GENERATED
2024-08-30 00:31:00,812 INFO  [http-nio-8001-exec-2] ServiceInvoker: Error while executing service _contentreaderStateEntityService_.retrieve. Message = Cannot invoke "com.sod.doc.contentreader.service.store.ContentreaderEntityStore.findByShortUrl(String)" because "this.contentreaderEntityStore" is null (type = java.lang.NullPointerException)
2024-08-30 00:31:00,812 DEBUG [http-nio-8001-exec-2] ChenileExceptionHandler: code = 509 locale = en_US
2024-08-30 00:31:00,814 DEBUG [http-nio-8001-exec-2] MultipleMessageSource: No properties file found for [classpath*:messages]
2024-08-30 00:31:00,814 DEBUG [http-nio-8001-exec-2] MultipleMessageSource: Loading properties [messages_en.properties]
2024-08-30 00:31:00,815 DEBUG [http-nio-8001-exec-2] MultipleMessageSource: Loading properties [messages_en.properties]
2024-08-30 00:31:00,815 DEBUG [http-nio-8001-exec-2] MultipleMessageSource: Loading properties [messages_en.properties]
2024-08-30 00:31:00,815 DEBUG [http-nio-8001-exec-2] MultipleMessageSource: Loading properties [messages_en_US.properties]
2024-08-30 00:31:00,815 DEBUG [http-nio-8001-exec-2] MultipleMessageSource: Loading properties [messages_en_US.properties]
2024-08-30 00:31:00,815 DEBUG [http-nio-8001-exec-2] MultipleMessageSource: Loading properties [messages_en_US.properties]
2024-08-30 00:31:00,815 DEBUG [http-nio-8001-exec-2] MultipleMessageSource: No properties file found for [classpath*:messages_en]
2024-08-30 00:31:00,816 DEBUG [http-nio-8001-exec-2] MultipleMessageSource: No properties file found for [classpath*:messages_en_US]
2024-08-30 00:31:36,135 INFO  [main] DocApplication: Starting DocApplication using Java 22.0.2 with PID 3076 (/Users/premkumar/Documents/Linker/build/build-package/target/classes started by premkumar in /Users/premkumar/Documents/Linker)
2024-08-30 00:31:36,136 INFO  [main] DocApplication: The following 1 profile is active: "dev"
2024-08-30 00:31:37,224 WARN  [main] JpaBaseConfiguration$JpaWebConfiguration: spring.jpa.open-in-view is enabled by default. Therefore, database queries may be performed during view rendering. Explicitly configure spring.jpa.open-in-view to disable this warning
2024-08-30 00:31:37,394 INFO  [main] ContentreaderConfiguration: entered EntityStore
2024-08-30 00:31:37,395 INFO  [main] ContentreaderConfiguration: entered StateEntityServiceImpl
2024-08-30 00:31:37,500 WARN  [main] ThymeleafAutoConfiguration$DefaultTemplateResolverConfiguration: Cannot find template location: classpath:/templates/ (please add some templates, check your Thymeleaf configuration, or set spring.thymeleaf.check-template-location=false)
2024-08-30 00:31:37,528 INFO  [main] DocApplication: Started DocApplication in 1.52 seconds (process running for 1.811)
2024-08-30 00:31:37,532 DEBUG [main] HttpModuleBuilder: Patterns [/contentreader, /health-check/{service}, /service-info/{service}, /{id}, /info, /contentreader/{id}/{eventID}] in 'simpleUrlHandlerMapping'
2024-08-30 00:31:37,532 INFO  [main] DocApplication: 
----------------------------------------------------------
	Application 'null' is running! Access URLs:
	Local: 		http://localhost:8001/
	External: 	http://127.0.0.1:8001/
	Profile(s): 	[dev]
----------------------------------------------------------
2024-08-30 00:31:44,286 DEBUG [http-nio-8001-exec-1] STMFlowStoreImpl: :::::::::::::::::::truefor state::::::::OPENED
2024-08-30 00:31:44,286 DEBUG [http-nio-8001-exec-1] STMFlowStoreImpl: :::::::::::::::::::truefor state::::::::OPENED
2024-08-30 00:31:44,351 WARN  [http-nio-8001-exec-1] CreateShortestUrlService: Shortest Path got matched Change the Logic
2024-08-30 00:31:44,351 DEBUG [http-nio-8001-exec-1] STMFlowStoreImpl: :::::::::::::::::::truefor state::::::::GENERATED
2024-08-30 00:31:44,351 DEBUG [http-nio-8001-exec-1] STMFlowStoreImpl: :::::::::::::::::::truefor state::::::::GENERATED
2024-08-30 00:32:13,474 INFO  [main] DocApplication: Starting DocApplication using Java 22.0.2 with PID 3105 (/Users/premkumar/Documents/Linker/build/build-package/target/classes started by premkumar in /Users/premkumar/Documents/Linker)
2024-08-30 00:32:13,474 INFO  [main] DocApplication: The following 1 profile is active: "dev"
2024-08-30 00:32:14,537 WARN  [main] JpaBaseConfiguration$JpaWebConfiguration: spring.jpa.open-in-view is enabled by default. Therefore, database queries may be performed during view rendering. Explicitly configure spring.jpa.open-in-view to disable this warning
2024-08-30 00:32:14,710 INFO  [main] ContentreaderConfiguration: entered EntityStore
2024-08-30 00:32:14,710 INFO  [main] ContentreaderConfiguration: entered StateEntityServiceImpl
2024-08-30 00:32:14,816 WARN  [main] ThymeleafAutoConfiguration$DefaultTemplateResolverConfiguration: Cannot find template location: classpath:/templates/ (please add some templates, check your Thymeleaf configuration, or set spring.thymeleaf.check-template-location=false)
2024-08-30 00:32:14,843 INFO  [main] DocApplication: Started DocApplication in 1.502 seconds (process running for 1.81)
2024-08-30 00:32:14,846 DEBUG [main] HttpModuleBuilder: Patterns [/contentreader, /health-check/{service}, /service-info/{service}, /{id}, /info, /contentreader/{id}/{eventID}] in 'simpleUrlHandlerMapping'
2024-08-30 00:32:14,847 INFO  [main] DocApplication: 
----------------------------------------------------------
	Application 'null' is running! Access URLs:
	Local: 		http://localhost:8001/
	External: 	http://127.0.0.1:8001/
	Profile(s): 	[dev]
----------------------------------------------------------
2024-08-30 00:32:17,935 DEBUG [http-nio-8001-exec-1] STMFlowStoreImpl: :::::::::::::::::::truefor state::::::::OPENED
2024-08-30 00:32:17,935 DEBUG [http-nio-8001-exec-1] STMFlowStoreImpl: :::::::::::::::::::truefor state::::::::OPENED
2024-08-30 00:32:17,999 WARN  [http-nio-8001-exec-1] CreateShortestUrlService: Shortest Path got matched Change the Logic
2024-08-30 00:32:17,999 DEBUG [http-nio-8001-exec-1] STMFlowStoreImpl: :::::::::::::::::::truefor state::::::::GENERATED
2024-08-30 00:32:17,999 DEBUG [http-nio-8001-exec-1] STMFlowStoreImpl: :::::::::::::::::::truefor state::::::::GENERATED
2024-08-30 00:33:20,693 INFO  [main] DocApplication: Starting DocApplication using Java 22.0.2 with PID 3124 (/Users/premkumar/Documents/Linker/build/build-package/target/classes started by premkumar in /Users/premkumar/Documents/Linker)
2024-08-30 00:33:20,693 INFO  [main] DocApplication: The following 1 profile is active: "dev"
2024-08-30 00:33:21,698 WARN  [main] JpaBaseConfiguration$JpaWebConfiguration: spring.jpa.open-in-view is enabled by default. Therefore, database queries may be performed during view rendering. Explicitly configure spring.jpa.open-in-view to disable this warning
2024-08-30 00:33:21,719 WARN  [main] AnnotationConfigServletWebServerApplicationContext: Exception encountered during context initialization - cancelling refresh attempt: org.springframework.beans.factory.BeanCreationException: Error creating bean with name 'requestMappingHandlerMapping' defined in class path resource [org/springframework/web/servlet/config/annotation/DelegatingWebMvcConfiguration.class]: Ambiguous mapping. Cannot map 'contentreaderController' method 
com.sod.doc.contentreader.configuration.controller.ContentreaderController#redirect(HttpServletRequest, String)
to {GET [/{id}]}: There is already 'contentreaderController' bean method
com.sod.doc.contentreader.configuration.controller.ContentreaderController#retrieve(HttpServletRequest, String) mapped.
2024-08-30 00:33:21,732 ERROR [main] SpringApplication: Application run failed
org.springframework.beans.factory.BeanCreationException: Error creating bean with name 'requestMappingHandlerMapping' defined in class path resource [org/springframework/web/servlet/config/annotation/DelegatingWebMvcConfiguration.class]: Ambiguous mapping. Cannot map 'contentreaderController' method 
com.sod.doc.contentreader.configuration.controller.ContentreaderController#redirect(HttpServletRequest, String)
to {GET [/{id}]}: There is already 'contentreaderController' bean method
com.sod.doc.contentreader.configuration.controller.ContentreaderController#retrieve(HttpServletRequest, String) mapped.
	at org.springframework.beans.factory.support.AbstractAutowireCapableBeanFactory.initializeBean(AbstractAutowireCapableBeanFactory.java:1786)
	at org.springframework.beans.factory.support.AbstractAutowireCapableBeanFactory.doCreateBean(AbstractAutowireCapableBeanFactory.java:600)
	at org.springframework.beans.factory.support.AbstractAutowireCapableBeanFactory.createBean(AbstractAutowireCapableBeanFactory.java:522)
	at org.springframework.beans.factory.support.AbstractBeanFactory.lambda$doGetBean$0(AbstractBeanFactory.java:326)
	at org.springframework.beans.factory.support.DefaultSingletonBeanRegistry.getSingleton(DefaultSingletonBeanRegistry.java:234)
	at org.springframework.beans.factory.support.AbstractBeanFactory.doGetBean(AbstractBeanFactory.java:324)
	at org.springframework.beans.factory.support.AbstractBeanFactory.getBean(AbstractBeanFactory.java:200)
	at org.springframework.beans.factory.support.DefaultListableBeanFactory.preInstantiateSingletons(DefaultListableBeanFactory.java:975)
	at org.springframework.context.support.AbstractApplicationContext.finishBeanFactoryInitialization(AbstractApplicationContext.java:962)
	at org.springframework.context.support.AbstractApplicationContext.refresh(AbstractApplicationContext.java:624)
	at org.springframework.boot.web.servlet.context.ServletWebServerApplicationContext.refresh(ServletWebServerApplicationContext.java:146)
	at org.springframework.boot.SpringApplication.refresh(SpringApplication.java:754)
	at org.springframework.boot.SpringApplication.refreshContext(SpringApplication.java:456)
	at org.springframework.boot.SpringApplication.run(SpringApplication.java:334)
	at com.sod.doc.build.DocApplication.main(DocApplication.java:59)
Caused by: java.lang.IllegalStateException: Ambiguous mapping. Cannot map 'contentreaderController' method 
com.sod.doc.contentreader.configuration.controller.ContentreaderController#redirect(HttpServletRequest, String)
to {GET [/{id}]}: There is already 'contentreaderController' bean method
com.sod.doc.contentreader.configuration.controller.ContentreaderController#retrieve(HttpServletRequest, String) mapped.
	at org.springframework.web.servlet.handler.AbstractHandlerMethodMapping$MappingRegistry.validateMethodMapping(AbstractHandlerMethodMapping.java:672)
	at org.springframework.web.servlet.handler.AbstractHandlerMethodMapping$MappingRegistry.register(AbstractHandlerMethodMapping.java:634)
	at org.springframework.web.servlet.handler.AbstractHandlerMethodMapping.registerHandlerMethod(AbstractHandlerMethodMapping.java:331)
	at org.springframework.web.servlet.mvc.method.annotation.RequestMappingHandlerMapping.registerHandlerMethod(RequestMappingHandlerMapping.java:508)
	at org.springframework.web.servlet.mvc.method.annotation.RequestMappingHandlerMapping.registerHandlerMethod(RequestMappingHandlerMapping.java:84)
	at org.springframework.web.servlet.handler.AbstractHandlerMethodMapping.lambda$detectHandlerMethods$2(AbstractHandlerMethodMapping.java:298)
	at java.base/java.util.LinkedHashMap.forEach(LinkedHashMap.java:986)
	at org.springframework.web.servlet.handler.AbstractHandlerMethodMapping.detectHandlerMethods(AbstractHandlerMethodMapping.java:296)
	at org.springframework.web.servlet.handler.AbstractHandlerMethodMapping.processCandidateBean(AbstractHandlerMethodMapping.java:265)
	at org.springframework.web.servlet.handler.AbstractHandlerMethodMapping.initHandlerMethods(AbstractHandlerMethodMapping.java:224)
	at org.springframework.web.servlet.handler.AbstractHandlerMethodMapping.afterPropertiesSet(AbstractHandlerMethodMapping.java:212)
	at org.springframework.web.servlet.mvc.method.annotation.RequestMappingHandlerMapping.afterPropertiesSet(RequestMappingHandlerMapping.java:239)
	at org.springframework.beans.factory.support.AbstractAutowireCapableBeanFactory.invokeInitMethods(AbstractAutowireCapableBeanFactory.java:1833)
	at org.springframework.beans.factory.support.AbstractAutowireCapableBeanFactory.initializeBean(AbstractAutowireCapableBeanFactory.java:1782)
	... 14 common frames omitted
2024-08-30 00:34:04,930 INFO  [main] DocApplication: Starting DocApplication using Java 22.0.2 with PID 3138 (/Users/premkumar/Documents/Linker/build/build-package/target/classes started by premkumar in /Users/premkumar/Documents/Linker)
2024-08-30 00:34:04,930 INFO  [main] DocApplication: The following 1 profile is active: "dev"
2024-08-30 00:34:05,940 WARN  [main] JpaBaseConfiguration$JpaWebConfiguration: spring.jpa.open-in-view is enabled by default. Therefore, database queries may be performed during view rendering. Explicitly configure spring.jpa.open-in-view to disable this warning
2024-08-30 00:34:05,962 WARN  [main] AnnotationConfigServletWebServerApplicationContext: Exception encountered during context initialization - cancelling refresh attempt: org.springframework.beans.factory.BeanCreationException: Error creating bean with name 'requestMappingHandlerMapping' defined in class path resource [org/springframework/web/servlet/config/annotation/DelegatingWebMvcConfiguration.class]: Ambiguous mapping. Cannot map 'contentreaderController' method 
com.sod.doc.contentreader.configuration.controller.ContentreaderController#redirect(HttpServletRequest, String)
to {GET [/{id}]}: There is already 'contentreaderController' bean method
com.sod.doc.contentreader.configuration.controller.ContentreaderController#retrieve(HttpServletRequest, String) mapped.
2024-08-30 00:34:05,974 ERROR [main] SpringApplication: Application run failed
org.springframework.beans.factory.BeanCreationException: Error creating bean with name 'requestMappingHandlerMapping' defined in class path resource [org/springframework/web/servlet/config/annotation/DelegatingWebMvcConfiguration.class]: Ambiguous mapping. Cannot map 'contentreaderController' method 
com.sod.doc.contentreader.configuration.controller.ContentreaderController#redirect(HttpServletRequest, String)
to {GET [/{id}]}: There is already 'contentreaderController' bean method
com.sod.doc.contentreader.configuration.controller.ContentreaderController#retrieve(HttpServletRequest, String) mapped.
	at org.springframework.beans.factory.support.AbstractAutowireCapableBeanFactory.initializeBean(AbstractAutowireCapableBeanFactory.java:1786)
	at org.springframework.beans.factory.support.AbstractAutowireCapableBeanFactory.doCreateBean(AbstractAutowireCapableBeanFactory.java:600)
	at org.springframework.beans.factory.support.AbstractAutowireCapableBeanFactory.createBean(AbstractAutowireCapableBeanFactory.java:522)
	at org.springframework.beans.factory.support.AbstractBeanFactory.lambda$doGetBean$0(AbstractBeanFactory.java:326)
	at org.springframework.beans.factory.support.DefaultSingletonBeanRegistry.getSingleton(DefaultSingletonBeanRegistry.java:234)
	at org.springframework.beans.factory.support.AbstractBeanFactory.doGetBean(AbstractBeanFactory.java:324)
	at org.springframework.beans.factory.support.AbstractBeanFactory.getBean(AbstractBeanFactory.java:200)
	at org.springframework.beans.factory.support.DefaultListableBeanFactory.preInstantiateSingletons(DefaultListableBeanFactory.java:975)
	at org.springframework.context.support.AbstractApplicationContext.finishBeanFactoryInitialization(AbstractApplicationContext.java:962)
	at org.springframework.context.support.AbstractApplicationContext.refresh(AbstractApplicationContext.java:624)
	at org.springframework.boot.web.servlet.context.ServletWebServerApplicationContext.refresh(ServletWebServerApplicationContext.java:146)
	at org.springframework.boot.SpringApplication.refresh(SpringApplication.java:754)
	at org.springframework.boot.SpringApplication.refreshContext(SpringApplication.java:456)
	at org.springframework.boot.SpringApplication.run(SpringApplication.java:334)
	at com.sod.doc.build.DocApplication.main(DocApplication.java:59)
Caused by: java.lang.IllegalStateException: Ambiguous mapping. Cannot map 'contentreaderController' method 
com.sod.doc.contentreader.configuration.controller.ContentreaderController#redirect(HttpServletRequest, String)
to {GET [/{id}]}: There is already 'contentreaderController' bean method
com.sod.doc.contentreader.configuration.controller.ContentreaderController#retrieve(HttpServletRequest, String) mapped.
	at org.springframework.web.servlet.handler.AbstractHandlerMethodMapping$MappingRegistry.validateMethodMapping(AbstractHandlerMethodMapping.java:672)
	at org.springframework.web.servlet.handler.AbstractHandlerMethodMapping$MappingRegistry.register(AbstractHandlerMethodMapping.java:634)
	at org.springframework.web.servlet.handler.AbstractHandlerMethodMapping.registerHandlerMethod(AbstractHandlerMethodMapping.java:331)
	at org.springframework.web.servlet.mvc.method.annotation.RequestMappingHandlerMapping.registerHandlerMethod(RequestMappingHandlerMapping.java:508)
	at org.springframework.web.servlet.mvc.method.annotation.RequestMappingHandlerMapping.registerHandlerMethod(RequestMappingHandlerMapping.java:84)
	at org.springframework.web.servlet.handler.AbstractHandlerMethodMapping.lambda$detectHandlerMethods$2(AbstractHandlerMethodMapping.java:298)
	at java.base/java.util.LinkedHashMap.forEach(LinkedHashMap.java:986)
	at org.springframework.web.servlet.handler.AbstractHandlerMethodMapping.detectHandlerMethods(AbstractHandlerMethodMapping.java:296)
	at org.springframework.web.servlet.handler.AbstractHandlerMethodMapping.processCandidateBean(AbstractHandlerMethodMapping.java:265)
	at org.springframework.web.servlet.handler.AbstractHandlerMethodMapping.initHandlerMethods(AbstractHandlerMethodMapping.java:224)
	at org.springframework.web.servlet.handler.AbstractHandlerMethodMapping.afterPropertiesSet(AbstractHandlerMethodMapping.java:212)
	at org.springframework.web.servlet.mvc.method.annotation.RequestMappingHandlerMapping.afterPropertiesSet(RequestMappingHandlerMapping.java:239)
	at org.springframework.beans.factory.support.AbstractAutowireCapableBeanFactory.invokeInitMethods(AbstractAutowireCapableBeanFactory.java:1833)
	at org.springframework.beans.factory.support.AbstractAutowireCapableBeanFactory.initializeBean(AbstractAutowireCapableBeanFactory.java:1782)
	... 14 common frames omitted
2024-08-30 00:35:25,544 INFO  [main] DocApplication: Starting DocApplication using Java 22.0.2 with PID 3149 (/Users/premkumar/Documents/Linker/build/build-package/target/classes started by premkumar in /Users/premkumar/Documents/Linker)
2024-08-30 00:35:25,544 INFO  [main] DocApplication: The following 1 profile is active: "dev"
2024-08-30 00:35:26,557 WARN  [main] JpaBaseConfiguration$JpaWebConfiguration: spring.jpa.open-in-view is enabled by default. Therefore, database queries may be performed during view rendering. Explicitly configure spring.jpa.open-in-view to disable this warning
2024-08-30 00:35:26,719 INFO  [main] ContentreaderConfiguration: entered EntityStore
2024-08-30 00:35:26,719 INFO  [main] ContentreaderConfiguration: entered StateEntityServiceImpl
2024-08-30 00:35:26,822 WARN  [main] ThymeleafAutoConfiguration$DefaultTemplateResolverConfiguration: Cannot find template location: classpath:/templates/ (please add some templates, check your Thymeleaf configuration, or set spring.thymeleaf.check-template-location=false)
2024-08-30 00:35:26,850 INFO  [main] DocApplication: Started DocApplication in 1.428 seconds (process running for 1.705)
2024-08-30 00:35:26,854 DEBUG [main] HttpModuleBuilder: Patterns [/contentreader, /health-check/{service}, /service-info/{service}, /contentreader/{id}, /info, /contentreader/{id}/{eventID}] in 'simpleUrlHandlerMapping'
2024-08-30 00:35:26,854 INFO  [main] DocApplication: 
----------------------------------------------------------
	Application 'null' is running! Access URLs:
	Local: 		http://localhost:8001/
	External: 	http://127.0.0.1:8001/
	Profile(s): 	[dev]
----------------------------------------------------------
