2024-08-29 17:31:42,943 INFO  [main] DocApplication: Starting DocApplication using Java 22.0.2 with PID 2048 (/Users/premkumar/Documents/Linker/build/build-package/target/classes started by premkumar in /Users/premkumar/Documents/Linker)
2024-08-29 17:31:42,944 INFO  [main] DocApplication: The following 1 profile is active: "dev"
2024-08-29 17:31:44,009 WARN  [main] JpaBaseConfiguration$JpaWebConfiguration: spring.jpa.open-in-view is enabled by default. Therefore, database queries may be performed during view rendering. Explicitly configure spring.jpa.open-in-view to disable this warning
2024-08-29 17:31:44,087 INFO  [main] ContentreaderConfiguration: entered EntityStore
2024-08-29 17:31:44,088 WARN  [main] AnnotationConfigServletWebServerApplicationContext: Exception encountered during context initialization - cancelling refresh attempt: org.springframework.beans.factory.BeanCreationException: Error creating bean with name 'annotationChenileServiceInitializer' defined in class path resource [org/chenile/configuration/http/UrlMappingConfiguration.class]: Error creating bean with name '_contentreaderStateEntityService_' defined in class path resource [com/sod/doc/contentreader/configuration/ContentreaderConfiguration.class]: Unsatisfied dependency expressed through method '_contentreaderStateEntityService_' parameter 2: Error creating bean with name 'contentreaderEntityStore': Unsatisfied dependency expressed through field 'contentreaderRepository': No qualifying bean of type 'com.sod.doc.contentreader.repository.ContentReaderRepository' available: expected at least 1 bean which qualifies as autowire candidate. Dependency annotations: {@org.springframework.beans.factory.annotation.Autowired(required=true), @org.springframework.beans.factory.annotation.Qualifier("contentReaderRepository")}
2024-08-29 17:31:44,100 ERROR [main] LoggingFailureAnalysisReporter: 

***************************
APPLICATION FAILED TO START
***************************

Description:

Field contentreaderRepository in com.sod.doc.contentreader.service.store.ContentreaderEntityStore required a bean of type 'com.sod.doc.contentreader.repository.ContentReaderRepository' that could not be found.

The injection point has the following annotations:
	- @org.springframework.beans.factory.annotation.Qualifier("contentreaderEntityStore")


Action:

Consider defining a bean of type 'com.sod.doc.contentreader.repository.ContentReaderRepository' in your configuration.

2024-08-29 17:33:54,186 INFO  [main] DocApplication: Starting DocApplication using Java 22.0.2 with PID 2089 (/Users/premkumar/Documents/Linker/build/build-package/target/classes started by premkumar in /Users/premkumar/Documents/Linker)
2024-08-29 17:33:54,187 INFO  [main] DocApplication: The following 1 profile is active: "dev"
2024-08-29 17:33:55,111 WARN  [main] JpaBaseConfiguration$JpaWebConfiguration: spring.jpa.open-in-view is enabled by default. Therefore, database queries may be performed during view rendering. Explicitly configure spring.jpa.open-in-view to disable this warning
2024-08-29 17:33:55,182 INFO  [main] ContentreaderConfiguration: entered EntityStore
2024-08-29 17:33:55,182 INFO  [main] ContentreaderConfiguration: entered StateEntityServiceImpl
2024-08-29 17:33:55,292 WARN  [main] ThymeleafAutoConfiguration$DefaultTemplateResolverConfiguration: Cannot find template location: classpath:/templates/ (please add some templates, check your Thymeleaf configuration, or set spring.thymeleaf.check-template-location=false)
2024-08-29 17:33:55,318 INFO  [main] DocApplication: Started DocApplication in 1.262 seconds (process running for 1.568)
2024-08-29 17:33:55,322 DEBUG [main] HttpModuleBuilder: Patterns [/contentreader, /health-check/{service}, /service-info/{service}, /{id}, /info, /contentreader/{id}/{eventID}] in 'simpleUrlHandlerMapping'
2024-08-29 17:33:55,322 INFO  [main] DocApplication: 
----------------------------------------------------------
	Application 'null' is running! Access URLs:
	Local: 		http://localhost:8001/
	External: 	http://127.0.0.1:8001/
	Profile(s): 	[dev]
----------------------------------------------------------
2024-08-29 17:34:19,894 WARN  [http-nio-8001-exec-1] PageNotFound: No mapping for GET /
2024-08-29 17:34:19,900 DEBUG [http-nio-8001-exec-1] MultipleMessageSource: No properties file found for [classpath*:messages]
2024-08-29 17:34:19,900 DEBUG [http-nio-8001-exec-1] MultipleMessageSource: Loading properties [messages_en.properties]
2024-08-29 17:34:19,900 DEBUG [http-nio-8001-exec-1] MultipleMessageSource: Loading properties [messages_en.properties]
2024-08-29 17:34:19,900 DEBUG [http-nio-8001-exec-1] MultipleMessageSource: Loading properties [messages_en.properties]
2024-08-29 17:34:19,900 DEBUG [http-nio-8001-exec-1] MultipleMessageSource: Loading properties [messages_en_US.properties]
2024-08-29 17:34:19,900 DEBUG [http-nio-8001-exec-1] MultipleMessageSource: Loading properties [messages_en_US.properties]
2024-08-29 17:34:19,900 DEBUG [http-nio-8001-exec-1] MultipleMessageSource: Loading properties [messages_en_US.properties]
2024-08-29 17:34:19,900 DEBUG [http-nio-8001-exec-1] MultipleMessageSource: No properties file found for [classpath*:messages_en]
2024-08-29 17:34:19,900 DEBUG [http-nio-8001-exec-1] MultipleMessageSource: No properties file found for [classpath*:messages_en_US]
2024-08-29 17:34:19,978 INFO  [http-nio-8001-exec-2] ServiceInvoker: Error while executing service _contentreaderStateEntityService_.retrieve. Message = Cannot invoke "com.sod.doc.contentreader.repository.ContentReaderRepository.findById(Object)" because "this.contentreaderRepository" is null (type = java.lang.NullPointerException)
2024-08-29 17:34:19,978 DEBUG [http-nio-8001-exec-2] ChenileExceptionHandler: code = 509 locale = en_US
2024-08-29 17:34:24,555 INFO  [http-nio-8001-exec-7] AbstractOpenApiResource: Init duration for springdoc-openapi is: 123 ms
2024-08-29 17:36:54,226 DEBUG [http-nio-8001-exec-1] STMFlowStoreImpl: :::::::::::::::::::truefor state::::::::OPENED
2024-08-29 17:36:54,226 DEBUG [http-nio-8001-exec-1] STMFlowStoreImpl: :::::::::::::::::::truefor state::::::::OPENED
2024-08-29 17:36:54,226 INFO  [http-nio-8001-exec-1] ServiceInvoker: Error while executing service _contentreaderStateEntityService_.processById. Message = null (type = org.chenile.base.exception.ErrorNumException)
2024-08-29 17:36:54,226 DEBUG [http-nio-8001-exec-1] ChenileExceptionHandler: code = 6002 locale = en_US
2024-08-29 17:39:31,577 INFO  [main] DocApplication: Starting DocApplication using Java 22.0.2 with PID 2187 (/Users/premkumar/Documents/Linker/build/build-package/target/classes started by premkumar in /Users/premkumar/Documents/Linker)
2024-08-29 17:39:31,578 INFO  [main] DocApplication: The following 1 profile is active: "dev"
2024-08-29 17:39:32,484 WARN  [main] JpaBaseConfiguration$JpaWebConfiguration: spring.jpa.open-in-view is enabled by default. Therefore, database queries may be performed during view rendering. Explicitly configure spring.jpa.open-in-view to disable this warning
2024-08-29 17:39:32,555 INFO  [main] ContentreaderConfiguration: entered EntityStore
2024-08-29 17:39:32,557 WARN  [main] AnnotationConfigServletWebServerApplicationContext: Exception encountered during context initialization - cancelling refresh attempt: org.springframework.beans.factory.BeanCreationException: Error creating bean with name 'annotationChenileServiceInitializer' defined in class path resource [org/chenile/configuration/http/UrlMappingConfiguration.class]: Error creating bean with name '_contentreaderStateEntityService_' defined in class path resource [com/sod/doc/contentreader/configuration/ContentreaderConfiguration.class]: Unsatisfied dependency expressed through method '_contentreaderStateEntityService_' parameter 2: Error creating bean with name 'contentreaderEntityStore': Unsatisfied dependency expressed through field 'contentreaderRepository': No qualifying bean of type 'com.sod.doc.contentreader.repository.ContentReaderRepository' available: expected at least 1 bean which qualifies as autowire candidate. Dependency annotations: {@org.springframework.beans.factory.annotation.Autowired(required=true)}
2024-08-29 17:39:32,569 ERROR [main] LoggingFailureAnalysisReporter: 

***************************
APPLICATION FAILED TO START
***************************

Description:

Field contentreaderRepository in com.sod.doc.contentreader.service.store.ContentreaderEntityStore required a bean of type 'com.sod.doc.contentreader.repository.ContentReaderRepository' that could not be found.

The injection point has the following annotations:
	- @org.springframework.beans.factory.annotation.Qualifier("contentreaderEntityStore")


Action:

Consider defining a bean of type 'com.sod.doc.contentreader.repository.ContentReaderRepository' in your configuration.

2024-08-29 17:40:47,215 INFO  [main] DocApplication: Starting DocApplication using Java 22.0.2 with PID 2208 (/Users/premkumar/Documents/Linker/build/build-package/target/classes started by premkumar in /Users/premkumar/Documents/Linker)
2024-08-29 17:40:47,215 INFO  [main] DocApplication: The following 1 profile is active: "dev"
2024-08-29 17:40:48,085 WARN  [main] JpaBaseConfiguration$JpaWebConfiguration: spring.jpa.open-in-view is enabled by default. Therefore, database queries may be performed during view rendering. Explicitly configure spring.jpa.open-in-view to disable this warning
2024-08-29 17:40:48,162 INFO  [main] ContentreaderConfiguration: entered EntityStore
2024-08-29 17:40:48,165 WARN  [main] AnnotationConfigServletWebServerApplicationContext: Exception encountered during context initialization - cancelling refresh attempt: org.springframework.beans.factory.BeanCreationException: Error creating bean with name 'annotationChenileServiceInitializer' defined in class path resource [org/chenile/configuration/http/UrlMappingConfiguration.class]: Error creating bean with name '_contentreaderStateEntityService_' defined in class path resource [com/sod/doc/contentreader/configuration/ContentreaderConfiguration.class]: Unsatisfied dependency expressed through method '_contentreaderStateEntityService_' parameter 2: Error creating bean with name 'contentreaderEntityStore': Unsatisfied dependency expressed through field 'contentreaderRepository': No qualifying bean of type 'com.sod.doc.contentreader.repository.ContentReaderRepository' available: expected at least 1 bean which qualifies as autowire candidate. Dependency annotations: {@org.springframework.beans.factory.annotation.Autowired(required=true)}
2024-08-29 17:40:48,178 ERROR [main] LoggingFailureAnalysisReporter: 

***************************
APPLICATION FAILED TO START
***************************

Description:

Field contentreaderRepository in com.sod.doc.contentreader.service.store.ContentreaderEntityStore required a bean of type 'com.sod.doc.contentreader.repository.ContentReaderRepository' that could not be found.

The injection point has the following annotations:
	- @org.springframework.beans.factory.annotation.Qualifier("contentreaderEntityStore")


Action:

Consider defining a bean of type 'com.sod.doc.contentreader.repository.ContentReaderRepository' in your configuration.

2024-08-29 17:41:01,886 INFO  [main] DocApplication: Starting DocApplication using Java 22.0.2 with PID 2217 (/Users/premkumar/Documents/Linker/build/build-package/target/classes started by premkumar in /Users/premkumar/Documents/Linker)
2024-08-29 17:41:01,886 INFO  [main] DocApplication: The following 1 profile is active: "dev"
2024-08-29 17:41:02,728 WARN  [main] AnnotationConfigServletWebServerApplicationContext: Exception encountered during context initialization - cancelling refresh attempt: org.springframework.beans.factory.UnsatisfiedDependencyException: Error creating bean with name 'contentreaderEntityStore': Unsatisfied dependency expressed through field 'contentreaderRepository': No qualifying bean of type 'com.sod.doc.contentreader.repository.ContentReaderRepository' available: expected at least 1 bean which qualifies as autowire candidate. Dependency annotations: {@org.springframework.beans.factory.annotation.Autowired(required=true)}
2024-08-29 17:41:02,740 ERROR [main] LoggingFailureAnalysisReporter: 

***************************
APPLICATION FAILED TO START
***************************

Description:

Field contentreaderRepository in com.sod.doc.contentreader.service.store.ContentreaderEntityStore required a bean of type 'com.sod.doc.contentreader.repository.ContentReaderRepository' that could not be found.

The injection point has the following annotations:
	- @org.springframework.beans.factory.annotation.Autowired(required=true)


Action:

Consider defining a bean of type 'com.sod.doc.contentreader.repository.ContentReaderRepository' in your configuration.

2024-08-29 17:41:43,105 INFO  [main] DocApplication: Starting DocApplication using Java 22.0.2 with PID 2226 (/Users/premkumar/Documents/Linker/build/build-package/target/classes started by premkumar in /Users/premkumar/Documents/Linker)
2024-08-29 17:41:43,106 INFO  [main] DocApplication: The following 1 profile is active: "dev"
2024-08-29 17:41:43,907 WARN  [main] AnnotationConfigServletWebServerApplicationContext: Exception encountered during context initialization - cancelling refresh attempt: org.springframework.beans.factory.UnsatisfiedDependencyException: Error creating bean with name 'contentreaderEntityStore': Unsatisfied dependency expressed through field 'contentReaderRepository': No qualifying bean of type 'com.sod.doc.contentreader.repository.ContentReaderRepository' available: expected at least 1 bean which qualifies as autowire candidate. Dependency annotations: {@org.springframework.beans.factory.annotation.Autowired(required=true)}
2024-08-29 17:41:43,919 ERROR [main] LoggingFailureAnalysisReporter: 

***************************
APPLICATION FAILED TO START
***************************

Description:

Field contentReaderRepository in com.sod.doc.contentreader.service.store.ContentreaderEntityStore required a bean of type 'com.sod.doc.contentreader.repository.ContentReaderRepository' that could not be found.

The injection point has the following annotations:
	- @org.springframework.beans.factory.annotation.Autowired(required=true)


Action:

Consider defining a bean of type 'com.sod.doc.contentreader.repository.ContentReaderRepository' in your configuration.

2024-08-29 17:41:54,795 INFO  [main] DocApplication: Starting DocApplication using Java 22.0.2 with PID 2232 (/Users/premkumar/Documents/Linker/build/build-package/target/classes started by premkumar in /Users/premkumar/Documents/Linker)
2024-08-29 17:41:54,796 INFO  [main] DocApplication: The following 1 profile is active: "dev"
2024-08-29 17:41:55,618 WARN  [main] AnnotationConfigServletWebServerApplicationContext: Exception encountered during context initialization - cancelling refresh attempt: org.springframework.beans.factory.UnsatisfiedDependencyException: Error creating bean with name 'contentreaderEntityStore': Unsatisfied dependency expressed through field 'contentReaderRepository': No qualifying bean of type 'com.sod.doc.contentreader.repository.ContentReaderRepository' available: expected at least 1 bean which qualifies as autowire candidate. Dependency annotations: {@org.springframework.beans.factory.annotation.Autowired(required=true)}
2024-08-29 17:41:55,631 ERROR [main] LoggingFailureAnalysisReporter: 

***************************
APPLICATION FAILED TO START
***************************

Description:

Field contentReaderRepository in com.sod.doc.contentreader.service.store.ContentreaderEntityStore required a bean of type 'com.sod.doc.contentreader.repository.ContentReaderRepository' that could not be found.

The injection point has the following annotations:
	- @org.springframework.beans.factory.annotation.Autowired(required=true)


Action:

Consider defining a bean of type 'com.sod.doc.contentreader.repository.ContentReaderRepository' in your configuration.

2024-08-29 17:43:02,843 INFO  [main] DocApplication: Starting DocApplication using Java 22.0.2 with PID 2247 (/Users/premkumar/Documents/Linker/build/build-package/target/classes started by premkumar in /Users/premkumar/Documents/Linker)
2024-08-29 17:43:02,844 INFO  [main] DocApplication: The following 1 profile is active: "dev"
2024-08-29 17:43:03,729 WARN  [main] JpaBaseConfiguration$JpaWebConfiguration: spring.jpa.open-in-view is enabled by default. Therefore, database queries may be performed during view rendering. Explicitly configure spring.jpa.open-in-view to disable this warning
2024-08-29 17:43:03,805 WARN  [main] AnnotationConfigServletWebServerApplicationContext: Exception encountered during context initialization - cancelling refresh attempt: org.springframework.beans.factory.BeanCreationException: Error creating bean with name 'annotationChenileServiceInitializer' defined in class path resource [org/chenile/configuration/http/UrlMappingConfiguration.class]: Error creating bean with name '_contentreaderStateEntityService_' defined in class path resource [com/sod/doc/contentreader/configuration/ContentreaderConfiguration.class]: Unsatisfied dependency expressed through method '_contentreaderStateEntityService_' parameter 2: Error creating bean with name 'contentreaderEntityStore' defined in class path resource [com/sod/doc/contentreader/configuration/ContentreaderConfiguration.class]: Unsatisfied dependency expressed through method 'contentreaderEntityStore' parameter 0: No qualifying bean of type 'com.sod.doc.contentreader.repository.ContentReaderRepository' available: expected at least 1 bean which qualifies as autowire candidate. Dependency annotations: {}
2024-08-29 17:43:03,818 ERROR [main] LoggingFailureAnalysisReporter: 

***************************
APPLICATION FAILED TO START
***************************

Description:

Parameter 0 of method contentreaderEntityStore in com.sod.doc.contentreader.configuration.ContentreaderConfiguration required a bean of type 'com.sod.doc.contentreader.repository.ContentReaderRepository' that could not be found.

The injection point has the following annotations:
	- @org.springframework.beans.factory.annotation.Qualifier("contentreaderEntityStore")


Action:

Consider defining a bean of type 'com.sod.doc.contentreader.repository.ContentReaderRepository' in your configuration.

2024-08-29 18:06:27,100 INFO  [main] DocApplication: Starting DocApplication using Java 22.0.2 with PID 2299 (/Users/premkumar/Documents/Linker/build/build-package/target/classes started by premkumar in /Users/premkumar/Documents/Linker)
2024-08-29 18:06:27,100 INFO  [main] DocApplication: The following 1 profile is active: "dev"
2024-08-29 18:06:28,017 WARN  [main] JpaBaseConfiguration$JpaWebConfiguration: spring.jpa.open-in-view is enabled by default. Therefore, database queries may be performed during view rendering. Explicitly configure spring.jpa.open-in-view to disable this warning
2024-08-29 18:06:28,091 WARN  [main] AnnotationConfigServletWebServerApplicationContext: Exception encountered during context initialization - cancelling refresh attempt: org.springframework.beans.factory.BeanCreationException: Error creating bean with name 'annotationChenileServiceInitializer' defined in class path resource [org/chenile/configuration/http/UrlMappingConfiguration.class]: Error creating bean with name '_contentreaderStateEntityService_' defined in class path resource [com/sod/doc/contentreader/configuration/ContentreaderConfiguration.class]: Unsatisfied dependency expressed through method '_contentreaderStateEntityService_' parameter 2: Error creating bean with name 'contentreaderEntityStore' defined in class path resource [com/sod/doc/contentreader/configuration/ContentreaderConfiguration.class]: Unsatisfied dependency expressed through method 'contentreaderEntityStore' parameter 0: No qualifying bean of type 'com.sod.doc.contentreader.repository.ContentReaderRepository' available: expected at least 1 bean which qualifies as autowire candidate. Dependency annotations: {}
2024-08-29 18:06:28,106 ERROR [main] LoggingFailureAnalysisReporter: 

***************************
APPLICATION FAILED TO START
***************************

Description:

Parameter 0 of method contentreaderEntityStore in com.sod.doc.contentreader.configuration.ContentreaderConfiguration required a bean of type 'com.sod.doc.contentreader.repository.ContentReaderRepository' that could not be found.

The injection point has the following annotations:
	- @org.springframework.beans.factory.annotation.Qualifier("contentreaderEntityStore")


Action:

Consider defining a bean of type 'com.sod.doc.contentreader.repository.ContentReaderRepository' in your configuration.

2024-08-29 18:07:04,048 INFO  [main] DocApplication: Starting DocApplication using Java 22.0.2 with PID 2309 (/Users/premkumar/Documents/Linker/build/build-package/target/classes started by premkumar in /Users/premkumar/Documents/Linker)
2024-08-29 18:07:04,048 INFO  [main] DocApplication: The following 1 profile is active: "dev"
2024-08-29 18:07:04,886 WARN  [main] JpaBaseConfiguration$JpaWebConfiguration: spring.jpa.open-in-view is enabled by default. Therefore, database queries may be performed during view rendering. Explicitly configure spring.jpa.open-in-view to disable this warning
2024-08-29 18:07:04,961 WARN  [main] AnnotationConfigServletWebServerApplicationContext: Exception encountered during context initialization - cancelling refresh attempt: org.springframework.beans.factory.BeanCreationException: Error creating bean with name 'annotationChenileServiceInitializer' defined in class path resource [org/chenile/configuration/http/UrlMappingConfiguration.class]: Error creating bean with name '_contentreaderStateEntityService_' defined in class path resource [com/sod/doc/contentreader/configuration/ContentreaderConfiguration.class]: Unsatisfied dependency expressed through method '_contentreaderStateEntityService_' parameter 2: Error creating bean with name 'contentreaderEntityStore' defined in class path resource [com/sod/doc/contentreader/configuration/ContentreaderConfiguration.class]: Unsatisfied dependency expressed through method 'contentreaderEntityStore' parameter 0: No qualifying bean of type 'com.sod.doc.contentreader.repository.ContentReaderRepository' available: expected at least 1 bean which qualifies as autowire candidate. Dependency annotations: {@org.springframework.beans.factory.annotation.Qualifier("contentReaderRepository")}
2024-08-29 18:07:04,973 ERROR [main] LoggingFailureAnalysisReporter: 

***************************
APPLICATION FAILED TO START
***************************

Description:

Parameter 0 of method contentreaderEntityStore in com.sod.doc.contentreader.configuration.ContentreaderConfiguration required a bean of type 'com.sod.doc.contentreader.repository.ContentReaderRepository' that could not be found.

The injection point has the following annotations:
	- @org.springframework.beans.factory.annotation.Qualifier("contentreaderEntityStore")


Action:

Consider defining a bean of type 'com.sod.doc.contentreader.repository.ContentReaderRepository' in your configuration.

2024-08-29 18:07:11,996 INFO  [main] DocApplication: Starting DocApplication using Java 22.0.2 with PID 2315 (/Users/premkumar/Documents/Linker/build/build-package/target/classes started by premkumar in /Users/premkumar/Documents/Linker)
2024-08-29 18:07:11,997 INFO  [main] DocApplication: The following 1 profile is active: "dev"
2024-08-29 18:07:12,837 WARN  [main] JpaBaseConfiguration$JpaWebConfiguration: spring.jpa.open-in-view is enabled by default. Therefore, database queries may be performed during view rendering. Explicitly configure spring.jpa.open-in-view to disable this warning
2024-08-29 18:07:12,909 WARN  [main] AnnotationConfigServletWebServerApplicationContext: Exception encountered during context initialization - cancelling refresh attempt: org.springframework.beans.factory.BeanCreationException: Error creating bean with name 'annotationChenileServiceInitializer' defined in class path resource [org/chenile/configuration/http/UrlMappingConfiguration.class]: Error creating bean with name '_contentreaderStateEntityService_' defined in class path resource [com/sod/doc/contentreader/configuration/ContentreaderConfiguration.class]: Unsatisfied dependency expressed through method '_contentreaderStateEntityService_' parameter 2: Error creating bean with name 'contentreaderEntityStore' defined in class path resource [com/sod/doc/contentreader/configuration/ContentreaderConfiguration.class]: Unsatisfied dependency expressed through method 'contentreaderEntityStore' parameter 0: No qualifying bean of type 'com.sod.doc.contentreader.repository.ContentReaderRepository' available: expected at least 1 bean which qualifies as autowire candidate. Dependency annotations: {@org.springframework.beans.factory.annotation.Qualifier("contentReaderRepository")}
2024-08-29 18:07:12,921 ERROR [main] LoggingFailureAnalysisReporter: 

***************************
APPLICATION FAILED TO START
***************************

Description:

Parameter 0 of method contentreaderEntityStore in com.sod.doc.contentreader.configuration.ContentreaderConfiguration required a bean of type 'com.sod.doc.contentreader.repository.ContentReaderRepository' that could not be found.

The injection point has the following annotations:
	- @org.springframework.beans.factory.annotation.Qualifier("contentreaderEntityStore")


Action:

Consider defining a bean of type 'com.sod.doc.contentreader.repository.ContentReaderRepository' in your configuration.

2024-08-29 18:08:17,311 INFO  [main] DocApplication: Starting DocApplication using Java 22.0.2 with PID 2324 (/Users/premkumar/Documents/Linker/build/build-package/target/classes started by premkumar in /Users/premkumar/Documents/Linker)
2024-08-29 18:08:17,311 INFO  [main] DocApplication: The following 1 profile is active: "dev"
2024-08-29 18:08:18,155 WARN  [main] JpaBaseConfiguration$JpaWebConfiguration: spring.jpa.open-in-view is enabled by default. Therefore, database queries may be performed during view rendering. Explicitly configure spring.jpa.open-in-view to disable this warning
2024-08-29 18:08:18,267 WARN  [main] AnnotationConfigServletWebServerApplicationContext: Exception encountered during context initialization - cancelling refresh attempt: org.springframework.beans.factory.BeanCreationException: Error creating bean with name 'annotationChenileServiceInitializer' defined in class path resource [org/chenile/configuration/http/UrlMappingConfiguration.class]: Error creating bean with name '_contentreaderStateEntityService_' defined in class path resource [com/sod/doc/contentreader/configuration/ContentreaderConfiguration.class]: Unsatisfied dependency expressed through method '_contentreaderStateEntityService_' parameter 2: Error creating bean with name 'contentreaderEntityStore' defined in class path resource [com/sod/doc/contentreader/configuration/ContentreaderConfiguration.class]: Unsatisfied dependency expressed through method 'contentreaderEntityStore' parameter 0: Error creating bean with name 'contentReaderRepository' defined in com.sod.doc.contentreader.repository.ContentReaderRepository defined in @EnableJpaRepositories declared on DocApplication: Not a managed type: class com.sod.doc.contentreader.model.Contentreader
2024-08-29 18:08:18,278 ERROR [main] SpringApplication: Application run failed
org.springframework.beans.factory.BeanCreationException: Error creating bean with name 'annotationChenileServiceInitializer' defined in class path resource [org/chenile/configuration/http/UrlMappingConfiguration.class]: Error creating bean with name '_contentreaderStateEntityService_' defined in class path resource [com/sod/doc/contentreader/configuration/ContentreaderConfiguration.class]: Unsatisfied dependency expressed through method '_contentreaderStateEntityService_' parameter 2: Error creating bean with name 'contentreaderEntityStore' defined in class path resource [com/sod/doc/contentreader/configuration/ContentreaderConfiguration.class]: Unsatisfied dependency expressed through method 'contentreaderEntityStore' parameter 0: Error creating bean with name 'contentReaderRepository' defined in com.sod.doc.contentreader.repository.ContentReaderRepository defined in @EnableJpaRepositories declared on DocApplication: Not a managed type: class com.sod.doc.contentreader.model.Contentreader
	at org.springframework.beans.factory.support.AbstractAutowireCapableBeanFactory.initializeBean(AbstractAutowireCapableBeanFactory.java:1786)
	at org.springframework.beans.factory.support.AbstractAutowireCapableBeanFactory.doCreateBean(AbstractAutowireCapableBeanFactory.java:600)
	at org.springframework.beans.factory.support.AbstractAutowireCapableBeanFactory.createBean(AbstractAutowireCapableBeanFactory.java:522)
	at org.springframework.beans.factory.support.AbstractBeanFactory.lambda$doGetBean$0(AbstractBeanFactory.java:326)
	at org.springframework.beans.factory.support.DefaultSingletonBeanRegistry.getSingleton(DefaultSingletonBeanRegistry.java:234)
	at org.springframework.beans.factory.support.AbstractBeanFactory.doGetBean(AbstractBeanFactory.java:324)
	at org.springframework.beans.factory.support.AbstractBeanFactory.getBean(AbstractBeanFactory.java:200)
	at org.springframework.beans.factory.support.DefaultListableBeanFactory.preInstantiateSingletons(DefaultListableBeanFactory.java:975)
	at org.springframework.context.support.AbstractApplicationContext.finishBeanFactoryInitialization(AbstractApplicationContext.java:962)
	at org.springframework.context.support.AbstractApplicationContext.refresh(AbstractApplicationContext.java:624)
	at org.springframework.boot.web.servlet.context.ServletWebServerApplicationContext.refresh(ServletWebServerApplicationContext.java:146)
	at org.springframework.boot.SpringApplication.refresh(SpringApplication.java:754)
	at org.springframework.boot.SpringApplication.refreshContext(SpringApplication.java:456)
	at org.springframework.boot.SpringApplication.run(SpringApplication.java:334)
	at com.sod.doc.build.DocApplication.main(DocApplication.java:57)
Caused by: org.springframework.beans.factory.UnsatisfiedDependencyException: Error creating bean with name '_contentreaderStateEntityService_' defined in class path resource [com/sod/doc/contentreader/configuration/ContentreaderConfiguration.class]: Unsatisfied dependency expressed through method '_contentreaderStateEntityService_' parameter 2: Error creating bean with name 'contentreaderEntityStore' defined in class path resource [com/sod/doc/contentreader/configuration/ContentreaderConfiguration.class]: Unsatisfied dependency expressed through method 'contentreaderEntityStore' parameter 0: Error creating bean with name 'contentReaderRepository' defined in com.sod.doc.contentreader.repository.ContentReaderRepository defined in @EnableJpaRepositories declared on DocApplication: Not a managed type: class com.sod.doc.contentreader.model.Contentreader
	at org.springframework.beans.factory.support.ConstructorResolver.createArgumentArray(ConstructorResolver.java:795)
	at org.springframework.beans.factory.support.ConstructorResolver.instantiateUsingFactoryMethod(ConstructorResolver.java:542)
	at org.springframework.beans.factory.support.AbstractAutowireCapableBeanFactory.instantiateUsingFactoryMethod(AbstractAutowireCapableBeanFactory.java:1335)
	at org.springframework.beans.factory.support.AbstractAutowireCapableBeanFactory.createBeanInstance(AbstractAutowireCapableBeanFactory.java:1165)
	at org.springframework.beans.factory.support.AbstractAutowireCapableBeanFactory.doCreateBean(AbstractAutowireCapableBeanFactory.java:562)
	at org.springframework.beans.factory.support.AbstractAutowireCapableBeanFactory.createBean(AbstractAutowireCapableBeanFactory.java:522)
	at org.springframework.beans.factory.support.AbstractBeanFactory.lambda$doGetBean$0(AbstractBeanFactory.java:326)
	at org.springframework.beans.factory.support.DefaultSingletonBeanRegistry.getSingleton(DefaultSingletonBeanRegistry.java:234)
	at org.springframework.beans.factory.support.AbstractBeanFactory.doGetBean(AbstractBeanFactory.java:324)
	at org.springframework.beans.factory.support.AbstractBeanFactory.getBean(AbstractBeanFactory.java:200)
	at org.springframework.context.support.AbstractApplicationContext.getBean(AbstractApplicationContext.java:1234)
	at org.chenile.http.init.AnnotationChenileServiceInitializer.lookup(AnnotationChenileServiceInitializer.java:153)
	at org.chenile.http.init.AnnotationChenileServiceInitializer.init(AnnotationChenileServiceInitializer.java:80)
	at org.chenile.core.init.AbstractServiceInitializer.afterPropertiesSet(AbstractServiceInitializer.java:176)
	at org.springframework.beans.factory.support.AbstractAutowireCapableBeanFactory.invokeInitMethods(AbstractAutowireCapableBeanFactory.java:1833)
	at org.springframework.beans.factory.support.AbstractAutowireCapableBeanFactory.initializeBean(AbstractAutowireCapableBeanFactory.java:1782)
	... 14 common frames omitted
Caused by: org.springframework.beans.factory.UnsatisfiedDependencyException: Error creating bean with name 'contentreaderEntityStore' defined in class path resource [com/sod/doc/contentreader/configuration/ContentreaderConfiguration.class]: Unsatisfied dependency expressed through method 'contentreaderEntityStore' parameter 0: Error creating bean with name 'contentReaderRepository' defined in com.sod.doc.contentreader.repository.ContentReaderRepository defined in @EnableJpaRepositories declared on DocApplication: Not a managed type: class com.sod.doc.contentreader.model.Contentreader
	at org.springframework.beans.factory.support.ConstructorResolver.createArgumentArray(ConstructorResolver.java:795)
	at org.springframework.beans.factory.support.ConstructorResolver.instantiateUsingFactoryMethod(ConstructorResolver.java:542)
	at org.springframework.beans.factory.support.AbstractAutowireCapableBeanFactory.instantiateUsingFactoryMethod(AbstractAutowireCapableBeanFactory.java:1335)
	at org.springframework.beans.factory.support.AbstractAutowireCapableBeanFactory.createBeanInstance(AbstractAutowireCapableBeanFactory.java:1165)
	at org.springframework.beans.factory.support.AbstractAutowireCapableBeanFactory.doCreateBean(AbstractAutowireCapableBeanFactory.java:562)
	at org.springframework.beans.factory.support.AbstractAutowireCapableBeanFactory.createBean(AbstractAutowireCapableBeanFactory.java:522)
	at org.springframework.beans.factory.support.AbstractBeanFactory.lambda$doGetBean$0(AbstractBeanFactory.java:326)
	at org.springframework.beans.factory.support.DefaultSingletonBeanRegistry.getSingleton(DefaultSingletonBeanRegistry.java:234)
	at org.springframework.beans.factory.support.AbstractBeanFactory.doGetBean(AbstractBeanFactory.java:324)
	at org.springframework.beans.factory.support.AbstractBeanFactory.getBean(AbstractBeanFactory.java:200)
	at org.springframework.beans.factory.config.DependencyDescriptor.resolveCandidate(DependencyDescriptor.java:254)
	at org.springframework.beans.factory.support.DefaultListableBeanFactory.doResolveDependency(DefaultListableBeanFactory.java:1443)
	at org.springframework.beans.factory.support.DefaultListableBeanFactory.resolveDependency(DefaultListableBeanFactory.java:1353)
	at org.springframework.beans.factory.support.ConstructorResolver.resolveAutowiredArgument(ConstructorResolver.java:904)
	at org.springframework.beans.factory.support.ConstructorResolver.createArgumentArray(ConstructorResolver.java:782)
	... 29 common frames omitted
Caused by: org.springframework.beans.factory.BeanCreationException: Error creating bean with name 'contentReaderRepository' defined in com.sod.doc.contentreader.repository.ContentReaderRepository defined in @EnableJpaRepositories declared on DocApplication: Not a managed type: class com.sod.doc.contentreader.model.Contentreader
	at org.springframework.beans.factory.support.AbstractAutowireCapableBeanFactory.initializeBean(AbstractAutowireCapableBeanFactory.java:1786)
	at org.springframework.beans.factory.support.AbstractAutowireCapableBeanFactory.doCreateBean(AbstractAutowireCapableBeanFactory.java:600)
	at org.springframework.beans.factory.support.AbstractAutowireCapableBeanFactory.createBean(AbstractAutowireCapableBeanFactory.java:522)
	at org.springframework.beans.factory.support.AbstractBeanFactory.lambda$doGetBean$0(AbstractBeanFactory.java:326)
	at org.springframework.beans.factory.support.DefaultSingletonBeanRegistry.getSingleton(DefaultSingletonBeanRegistry.java:234)
	at org.springframework.beans.factory.support.AbstractBeanFactory.doGetBean(AbstractBeanFactory.java:324)
	at org.springframework.beans.factory.support.AbstractBeanFactory.getBean(AbstractBeanFactory.java:200)
	at org.springframework.beans.factory.config.DependencyDescriptor.resolveCandidate(DependencyDescriptor.java:254)
	at org.springframework.beans.factory.support.DefaultListableBeanFactory.doResolveDependency(DefaultListableBeanFactory.java:1443)
	at org.springframework.beans.factory.support.DefaultListableBeanFactory.resolveDependency(DefaultListableBeanFactory.java:1353)
	at org.springframework.beans.factory.support.ConstructorResolver.resolveAutowiredArgument(ConstructorResolver.java:904)
	at org.springframework.beans.factory.support.ConstructorResolver.createArgumentArray(ConstructorResolver.java:782)
	... 43 common frames omitted
Caused by: java.lang.IllegalArgumentException: Not a managed type: class com.sod.doc.contentreader.model.Contentreader
	at org.hibernate.metamodel.model.domain.internal.JpaMetamodelImpl.managedType(JpaMetamodelImpl.java:193)
	at org.hibernate.metamodel.model.domain.internal.MappingMetamodelImpl.managedType(MappingMetamodelImpl.java:468)
	at org.hibernate.metamodel.model.domain.internal.MappingMetamodelImpl.managedType(MappingMetamodelImpl.java:98)
	at org.springframework.data.jpa.repository.support.JpaMetamodelEntityInformation.<init>(JpaMetamodelEntityInformation.java:82)
	at org.springframework.data.jpa.repository.support.JpaEntityInformationSupport.getEntityInformation(JpaEntityInformationSupport.java:69)
	at org.springframework.data.jpa.repository.support.JpaRepositoryFactory.getEntityInformation(JpaRepositoryFactory.java:246)
	at org.springframework.data.jpa.repository.support.JpaRepositoryFactory.getTargetRepository(JpaRepositoryFactory.java:211)
	at org.springframework.data.jpa.repository.support.JpaRepositoryFactory.getTargetRepository(JpaRepositoryFactory.java:194)
	at org.springframework.data.jpa.repository.support.JpaRepositoryFactory.getTargetRepository(JpaRepositoryFactory.java:1)
	at org.springframework.data.repository.core.support.RepositoryFactorySupport.getRepository(RepositoryFactorySupport.java:317)
	at org.springframework.data.repository.core.support.RepositoryFactoryBeanSupport.lambda$afterPropertiesSet$5(RepositoryFactoryBeanSupport.java:279)
	at org.springframework.data.util.Lazy.getNullable(Lazy.java:135)
	at org.springframework.data.util.Lazy.get(Lazy.java:113)
	at org.springframework.data.repository.core.support.RepositoryFactoryBeanSupport.afterPropertiesSet(RepositoryFactoryBeanSupport.java:285)
	at org.springframework.data.jpa.repository.support.JpaRepositoryFactoryBean.afterPropertiesSet(JpaRepositoryFactoryBean.java:132)
	at org.springframework.beans.factory.support.AbstractAutowireCapableBeanFactory.invokeInitMethods(AbstractAutowireCapableBeanFactory.java:1833)
	at org.springframework.beans.factory.support.AbstractAutowireCapableBeanFactory.initializeBean(AbstractAutowireCapableBeanFactory.java:1782)
	... 54 common frames omitted
2024-08-29 18:10:08,359 INFO  [main] DocApplication: Starting DocApplication using Java 22.0.2 with PID 2338 (/Users/premkumar/Documents/Linker/build/build-package/target/classes started by premkumar in /Users/premkumar/Documents/Linker)
2024-08-29 18:10:08,359 INFO  [main] DocApplication: The following 1 profile is active: "dev"
2024-08-29 18:10:09,372 WARN  [main] JpaBaseConfiguration$JpaWebConfiguration: spring.jpa.open-in-view is enabled by default. Therefore, database queries may be performed during view rendering. Explicitly configure spring.jpa.open-in-view to disable this warning
2024-08-29 18:10:09,539 INFO  [main] ContentreaderConfiguration: entered EntityStore
2024-08-29 18:10:09,540 INFO  [main] ContentreaderConfiguration: entered StateEntityServiceImpl
2024-08-29 18:10:09,646 WARN  [main] ThymeleafAutoConfiguration$DefaultTemplateResolverConfiguration: Cannot find template location: classpath:/templates/ (please add some templates, check your Thymeleaf configuration, or set spring.thymeleaf.check-template-location=false)
2024-08-29 18:10:09,673 INFO  [main] DocApplication: Started DocApplication in 1.443 seconds (process running for 1.724)
2024-08-29 18:10:09,676 DEBUG [main] HttpModuleBuilder: Patterns [/contentreader, /health-check/{service}, /service-info/{service}, /{id}, /info, /contentreader/{id}/{eventID}] in 'simpleUrlHandlerMapping'
2024-08-29 18:10:09,676 INFO  [main] DocApplication: 
----------------------------------------------------------
	Application 'null' is running! Access URLs:
	Local: 		http://localhost:8001/
	External: 	http://127.0.0.1:8001/
	Profile(s): 	[dev]
----------------------------------------------------------
2024-08-29 18:10:18,692 DEBUG [http-nio-8001-exec-1] STMFlowStoreImpl: :::::::::::::::::::truefor state::::::::OPENED
2024-08-29 18:10:18,692 DEBUG [http-nio-8001-exec-1] STMFlowStoreImpl: :::::::::::::::::::truefor state::::::::OPENED
2024-08-29 18:10:18,761 DEBUG [http-nio-8001-exec-1] STMFlowStoreImpl: :::::::::::::::::::truefor state::::::::GENERATED
2024-08-29 18:10:18,761 DEBUG [http-nio-8001-exec-1] STMFlowStoreImpl: :::::::::::::::::::truefor state::::::::GENERATED
2024-08-29 18:12:18,557 WARN  [Hikari housekeeper] HikariPool: Hikari - Thread starvation or clock leap detected (housekeeper delta=2m9s542ms).
2024-08-29 18:20:25,394 WARN  [Hikari housekeeper] HikariPool: Hikari - Thread starvation or clock leap detected (housekeeper delta=8m6s837ms).
2024-08-29 18:40:30,765 WARN  [Hikari housekeeper] HikariPool: Hikari - Thread starvation or clock leap detected (housekeeper delta=20m5s371ms).
2024-08-29 19:02:24,705 WARN  [Hikari housekeeper] HikariPool: Hikari - Thread starvation or clock leap detected (housekeeper delta=21m53s940ms).
2024-08-29 19:28:56,160 WARN  [Hikari housekeeper] HikariPool: Hikari - Thread starvation or clock leap detected (housekeeper delta=26m31s455ms).
2024-08-29 20:02:11,659 WARN  [Hikari housekeeper] HikariPool: Hikari - Thread starvation or clock leap detected (housekeeper delta=33m15s499ms).
2024-08-29 20:14:01,094 WARN  [Hikari housekeeper] HikariPool: Hikari - Thread starvation or clock leap detected (housekeeper delta=11m49s435ms).
2024-08-29 20:32:33,189 WARN  [Hikari housekeeper] HikariPool: Hikari - Thread starvation or clock leap detected (housekeeper delta=18m32s95ms).
2024-08-29 20:43:49,654 WARN  [Hikari housekeeper] HikariPool: Hikari - Thread starvation or clock leap detected (housekeeper delta=11m16s465ms).
2024-08-29 20:51:28,950 WARN  [Hikari housekeeper] HikariPool: Hikari - Thread starvation or clock leap detected (housekeeper delta=7m39s296ms).
2024-08-29 21:32:42,604 WARN  [Hikari housekeeper] HikariPool: Hikari - Thread starvation or clock leap detected (housekeeper delta=41m13s654ms).
2024-08-29 22:03:12,121 WARN  [Hikari housekeeper] HikariPool: Hikari - Thread starvation or clock leap detected (housekeeper delta=30m29s516ms).
2024-08-29 22:55:01,245 WARN  [Hikari housekeeper] HikariPool: Hikari - Thread starvation or clock leap detected (housekeeper delta=51m49s125ms).
2024-08-29 23:15:48,597 WARN  [Hikari housekeeper] HikariPool: Hikari - Thread starvation or clock leap detected (housekeeper delta=20m47s352ms).
2024-08-29 23:19:48,065 WARN  [Hikari housekeeper] HikariPool: Hikari - Thread starvation or clock leap detected (housekeeper delta=3m59s468ms).
2024-08-29 23:43:26,618 WARN  [Hikari housekeeper] HikariPool: Hikari - Thread starvation or clock leap detected (housekeeper delta=23m38s553ms).
2024-08-29 23:45:57,622 INFO  [main] DocApplication: Starting DocApplication using Java 22.0.2 with PID 2676 (/Users/premkumar/Documents/Linker/build/build-package/target/classes started by premkumar in /Users/premkumar/Documents/Linker)
2024-08-29 23:45:57,622 INFO  [main] DocApplication: The following 1 profile is active: "dev"
2024-08-29 23:45:58,696 WARN  [main] JpaBaseConfiguration$JpaWebConfiguration: spring.jpa.open-in-view is enabled by default. Therefore, database queries may be performed during view rendering. Explicitly configure spring.jpa.open-in-view to disable this warning
2024-08-29 23:45:58,863 INFO  [main] ContentreaderConfiguration: entered EntityStore
2024-08-29 23:45:58,863 INFO  [main] ContentreaderConfiguration: entered StateEntityServiceImpl
2024-08-29 23:45:58,969 WARN  [main] ThymeleafAutoConfiguration$DefaultTemplateResolverConfiguration: Cannot find template location: classpath:/templates/ (please add some templates, check your Thymeleaf configuration, or set spring.thymeleaf.check-template-location=false)
2024-08-29 23:45:58,996 INFO  [main] DocApplication: Started DocApplication in 1.505 seconds (process running for 1.797)
2024-08-29 23:45:58,999 DEBUG [main] HttpModuleBuilder: Patterns [/contentreader, /health-check/{service}, /service-info/{service}, /{id}, /info, /contentreader/{id}/{eventID}] in 'simpleUrlHandlerMapping'
2024-08-29 23:45:58,999 INFO  [main] DocApplication: 
----------------------------------------------------------
	Application 'null' is running! Access URLs:
	Local: 		http://localhost:8001/
	External: 	http://127.0.0.1:8001/
	Profile(s): 	[dev]
----------------------------------------------------------
2024-08-29 23:46:08,900 DEBUG [http-nio-8001-exec-1] STMFlowStoreImpl: :::::::::::::::::::truefor state::::::::OPENED
2024-08-29 23:46:08,900 DEBUG [http-nio-8001-exec-1] STMFlowStoreImpl: :::::::::::::::::::truefor state::::::::OPENED
2024-08-29 23:46:08,968 DEBUG [http-nio-8001-exec-1] STMFlowStoreImpl: :::::::::::::::::::truefor state::::::::GENERATED
2024-08-29 23:46:08,968 DEBUG [http-nio-8001-exec-1] STMFlowStoreImpl: :::::::::::::::::::truefor state::::::::GENERATED
2024-08-29 23:46:39,520 INFO  [main] DocApplication: Starting DocApplication using Java 22.0.2 with PID 2693 (/Users/premkumar/Documents/Linker/build/build-package/target/classes started by premkumar in /Users/premkumar/Documents/Linker)
2024-08-29 23:46:39,521 INFO  [main] DocApplication: The following 1 profile is active: "dev"
2024-08-29 23:46:40,530 WARN  [main] JpaBaseConfiguration$JpaWebConfiguration: spring.jpa.open-in-view is enabled by default. Therefore, database queries may be performed during view rendering. Explicitly configure spring.jpa.open-in-view to disable this warning
2024-08-29 23:46:40,689 INFO  [main] ContentreaderConfiguration: entered EntityStore
2024-08-29 23:46:40,689 INFO  [main] ContentreaderConfiguration: entered StateEntityServiceImpl
2024-08-29 23:46:40,789 WARN  [main] ThymeleafAutoConfiguration$DefaultTemplateResolverConfiguration: Cannot find template location: classpath:/templates/ (please add some templates, check your Thymeleaf configuration, or set spring.thymeleaf.check-template-location=false)
2024-08-29 23:46:40,814 INFO  [main] DocApplication: Started DocApplication in 1.414 seconds (process running for 1.697)
2024-08-29 23:46:40,818 DEBUG [main] HttpModuleBuilder: Patterns [/contentreader, /health-check/{service}, /service-info/{service}, /{id}, /info, /contentreader/{id}/{eventID}] in 'simpleUrlHandlerMapping'
2024-08-29 23:46:40,818 INFO  [main] DocApplication: 
----------------------------------------------------------
	Application 'null' is running! Access URLs:
	Local: 		http://localhost:8001/
	External: 	http://127.0.0.1:8001/
	Profile(s): 	[dev]
----------------------------------------------------------
2024-08-29 23:46:54,484 DEBUG [http-nio-8001-exec-1] STMFlowStoreImpl: :::::::::::::::::::truefor state::::::::OPENED
2024-08-29 23:46:54,484 DEBUG [http-nio-8001-exec-1] STMFlowStoreImpl: :::::::::::::::::::truefor state::::::::OPENED
2024-08-29 23:46:54,553 DEBUG [http-nio-8001-exec-1] STMFlowStoreImpl: :::::::::::::::::::truefor state::::::::GENERATED
2024-08-29 23:46:54,553 DEBUG [http-nio-8001-exec-1] STMFlowStoreImpl: :::::::::::::::::::truefor state::::::::GENERATED
2024-08-29 23:47:04,024 INFO  [http-nio-8001-exec-2] ServiceInvoker: Error while executing service _contentreaderStateEntityService_.retrieve. Message = Unable to find Contentreader with ID KMKXSyIKhiq (type = org.chenile.base.exception.NotFoundException)
2024-08-29 23:47:04,051 INFO  [http-nio-8001-exec-3] ServiceInvoker: Error while executing service _contentreaderStateEntityService_.retrieve. Message = Unable to find Contentreader with ID favicon.ico (type = org.chenile.base.exception.NotFoundException)
2024-08-29 23:48:37,751 INFO  [main] DocApplication: Starting DocApplication using Java 22.0.2 with PID 2717 (/Users/premkumar/Documents/Linker/build/build-package/target/classes started by premkumar in /Users/premkumar/Documents/Linker)
2024-08-29 23:48:37,752 INFO  [main] DocApplication: The following 1 profile is active: "dev"
2024-08-29 23:48:38,755 WARN  [main] JpaBaseConfiguration$JpaWebConfiguration: spring.jpa.open-in-view is enabled by default. Therefore, database queries may be performed during view rendering. Explicitly configure spring.jpa.open-in-view to disable this warning
2024-08-29 23:48:38,913 INFO  [main] ContentreaderConfiguration: entered EntityStore
2024-08-29 23:48:38,913 INFO  [main] ContentreaderConfiguration: entered StateEntityServiceImpl
2024-08-29 23:48:39,017 WARN  [main] ThymeleafAutoConfiguration$DefaultTemplateResolverConfiguration: Cannot find template location: classpath:/templates/ (please add some templates, check your Thymeleaf configuration, or set spring.thymeleaf.check-template-location=false)
2024-08-29 23:48:39,045 INFO  [main] DocApplication: Started DocApplication in 1.425 seconds (process running for 1.714)
2024-08-29 23:48:39,049 DEBUG [main] HttpModuleBuilder: Patterns [/contentreader, /health-check/{service}, /service-info/{service}, /{id}, /info, /contentreader/{id}/{eventID}] in 'simpleUrlHandlerMapping'
2024-08-29 23:48:39,049 INFO  [main] DocApplication: 
----------------------------------------------------------
	Application 'null' is running! Access URLs:
	Local: 		http://localhost:8001/
	External: 	http://127.0.0.1:8001/
	Profile(s): 	[dev]
----------------------------------------------------------
2024-08-29 23:48:56,322 DEBUG [http-nio-8001-exec-1] STMFlowStoreImpl: :::::::::::::::::::truefor state::::::::OPENED
2024-08-29 23:48:56,323 DEBUG [http-nio-8001-exec-1] STMFlowStoreImpl: :::::::::::::::::::truefor state::::::::OPENED
2024-08-29 23:48:56,391 DEBUG [http-nio-8001-exec-1] STMFlowStoreImpl: :::::::::::::::::::truefor state::::::::GENERATED
2024-08-29 23:48:56,391 DEBUG [http-nio-8001-exec-1] STMFlowStoreImpl: :::::::::::::::::::truefor state::::::::GENERATED
2024-08-29 23:48:58,033 INFO  [http-nio-8001-exec-2] ServiceInvoker: Error while executing service _contentreaderStateEntityService_.retrieve. Message = Unable to find Contentreader with ID http://localhost:8001/cTSUUINkrkxi (type = org.chenile.base.exception.NotFoundException)
2024-08-29 23:54:49,524 WARN  [Hikari housekeeper] HikariPool: Hikari - Thread starvation or clock leap detected (housekeeper delta=3m41s90ms).
