2024-11-06 17:42:09,085 INFO  [main] WebSocketIntegrationTest: Starting WebSocketIntegrationTest using Java 22.0.2 with PID 4401 (started by premkumar in /Users/premkumar/LinkerSod/chatapp/chatapp-service)
2024-11-06 17:42:09,085 INFO  [main] WebSocketIntegrationTest: No active profile set, falling back to 1 default profile: "default"
2024-11-06 17:42:10,672 WARN  [main] JpaBaseConfiguration$JpaWebConfiguration: spring.jpa.open-in-view is enabled by default. Therefore, database queries may be performed during view rendering. Explicitly configure spring.jpa.open-in-view to disable this warning
2024-11-06 17:42:10,938 INFO  [main] WebSocketIntegrationTest: Started WebSocketIntegrationTest in 1.972 seconds (process running for 2.457)
2024-11-06 17:42:10,942 DEBUG [main] HttpModuleBuilder: Patterns [/chatapp/{id}, /health-check/{service}, /service-info/{service}, /info, /chatapp/{id}/{eventID}, /chatapp] in 'simpleUrlHandlerMapping'
2024-11-06 17:42:11,264 WARN  [http-nio-auto-1-exec-1] PageNotFound: No mapping for GET /api/realtimedata/info
2024-11-06 17:42:11,267 DEBUG [http-nio-auto-1-exec-1] MultipleMessageSource: No properties file found for [classpath*:messages]
2024-11-06 17:42:11,267 DEBUG [http-nio-auto-1-exec-1] MultipleMessageSource: Loading properties [messages_en.properties]
2024-11-06 17:42:11,267 DEBUG [http-nio-auto-1-exec-1] MultipleMessageSource: Loading properties [messages_en.properties]
2024-11-06 17:42:11,268 DEBUG [http-nio-auto-1-exec-1] MultipleMessageSource: Loading properties [messages_en.properties]
2024-11-06 17:42:11,268 DEBUG [http-nio-auto-1-exec-1] MultipleMessageSource: Loading properties [messages_en_US.properties]
2024-11-06 17:42:11,268 DEBUG [http-nio-auto-1-exec-1] MultipleMessageSource: Loading properties [messages_en_US.properties]
2024-11-06 17:42:11,268 DEBUG [http-nio-auto-1-exec-1] MultipleMessageSource: Loading properties [messages_en_US.properties]
2024-11-06 17:42:11,268 DEBUG [http-nio-auto-1-exec-1] MultipleMessageSource: No properties file found for [classpath*:messages_en]
2024-11-06 17:42:11,268 DEBUG [http-nio-auto-1-exec-1] MultipleMessageSource: No properties file found for [classpath*:messages_en_US]
2024-11-06 17:42:11,282 ERROR [main] SockJsClient: Initial SockJS "Info" request to server failed, url=ws://localhost:59060/api/realtimedata
org.springframework.web.client.HttpClientErrorException$NotFound: 404 : "{"type":"about:blank","title":"Not Found","status":404,"detail":"No endpoint GET /api/realtimedata/info.","instance":"/api/realtimedata/info"}"
	at org.springframework.web.client.HttpClientErrorException.create(HttpClientErrorException.java:112)
	at org.springframework.web.client.DefaultResponseErrorHandler.handleError(DefaultResponseErrorHandler.java:183)
	at org.springframework.web.client.DefaultResponseErrorHandler.handleError(DefaultResponseErrorHandler.java:137)
	at org.springframework.web.client.ResponseErrorHandler.handleError(ResponseErrorHandler.java:63)
	at org.springframework.web.client.RestTemplate.handleResponse(RestTemplate.java:942)
	at org.springframework.web.client.RestTemplate.doExecute(RestTemplate.java:891)
	at org.springframework.web.client.RestTemplate.execute(RestTemplate.java:830)
	at org.springframework.web.socket.sockjs.client.RestTemplateXhrTransport.executeInfoRequestInternal(RestTemplateXhrTransport.java:138)
	at org.springframework.web.socket.sockjs.client.AbstractXhrTransport.executeInfoRequest(AbstractXhrTransport.java:134)
	at org.springframework.web.socket.sockjs.client.SockJsClient.getServerInfo(SockJsClient.java:293)
	at org.springframework.web.socket.sockjs.client.SockJsClient.execute(SockJsClient.java:247)
	at org.springframework.web.socket.messaging.WebSocketStompClient.connectAsync(WebSocketStompClient.java:353)
	at org.springframework.web.socket.messaging.WebSocketStompClient.connectAsync(WebSocketStompClient.java:312)
	at org.springframework.web.socket.messaging.WebSocketStompClient.connectAsync(WebSocketStompClient.java:269)
	at org.springframework.web.socket.messaging.WebSocketStompClient.connectAsync(WebSocketStompClient.java:232)
	at org.springframework.web.socket.messaging.WebSocketStompClient.connect(WebSocketStompClient.java:218)
	at com.sod.doc.chatapp.WebSocketIntegrationTest.shouldReceiveAMessageFromTheServer(WebSocketIntegrationTest.java:51)
	at java.base/jdk.internal.reflect.DirectMethodHandleAccessor.invoke(DirectMethodHandleAccessor.java:103)
	at java.base/java.lang.reflect.Method.invoke(Method.java:580)
	at org.junit.platform.commons.util.ReflectionUtils.invokeMethod(ReflectionUtils.java:728)
	at org.junit.jupiter.engine.execution.MethodInvocation.proceed(MethodInvocation.java:60)
	at org.junit.jupiter.engine.execution.InvocationInterceptorChain$ValidatingInvocation.proceed(InvocationInterceptorChain.java:131)
	at org.junit.jupiter.engine.extension.TimeoutExtension.intercept(TimeoutExtension.java:156)
	at org.junit.jupiter.engine.extension.TimeoutExtension.interceptTestableMethod(TimeoutExtension.java:147)
	at org.junit.jupiter.engine.extension.TimeoutExtension.interceptTestMethod(TimeoutExtension.java:86)
	at org.junit.jupiter.engine.execution.InterceptingExecutableInvoker$ReflectiveInterceptorCall.lambda$ofVoidMethod$0(InterceptingExecutableInvoker.java:103)
	at org.junit.jupiter.engine.execution.InterceptingExecutableInvoker.lambda$invoke$0(InterceptingExecutableInvoker.java:93)
	at org.junit.jupiter.engine.execution.InvocationInterceptorChain$InterceptedInvocation.proceed(InvocationInterceptorChain.java:106)
	at org.junit.jupiter.engine.execution.InvocationInterceptorChain.proceed(InvocationInterceptorChain.java:64)
	at org.junit.jupiter.engine.execution.InvocationInterceptorChain.chainAndInvoke(InvocationInterceptorChain.java:45)
	at org.junit.jupiter.engine.execution.InvocationInterceptorChain.invoke(InvocationInterceptorChain.java:37)
	at org.junit.jupiter.engine.execution.InterceptingExecutableInvoker.invoke(InterceptingExecutableInvoker.java:92)
	at org.junit.jupiter.engine.execution.InterceptingExecutableInvoker.invoke(InterceptingExecutableInvoker.java:86)
	at org.junit.jupiter.engine.descriptor.TestMethodTestDescriptor.lambda$invokeTestMethod$7(TestMethodTestDescriptor.java:218)
	at org.junit.platform.engine.support.hierarchical.ThrowableCollector.execute(ThrowableCollector.java:73)
	at org.junit.jupiter.engine.descriptor.TestMethodTestDescriptor.invokeTestMethod(TestMethodTestDescriptor.java:214)
	at org.junit.jupiter.engine.descriptor.TestMethodTestDescriptor.execute(TestMethodTestDescriptor.java:139)
	at org.junit.jupiter.engine.descriptor.TestMethodTestDescriptor.execute(TestMethodTestDescriptor.java:69)
	at org.junit.platform.engine.support.hierarchical.NodeTestTask.lambda$executeRecursively$6(NodeTestTask.java:151)
	at org.junit.platform.engine.support.hierarchical.ThrowableCollector.execute(ThrowableCollector.java:73)
	at org.junit.platform.engine.support.hierarchical.NodeTestTask.lambda$executeRecursively$8(NodeTestTask.java:141)
	at org.junit.platform.engine.support.hierarchical.Node.around(Node.java:137)
	at org.junit.platform.engine.support.hierarchical.NodeTestTask.lambda$executeRecursively$9(NodeTestTask.java:139)
	at org.junit.platform.engine.support.hierarchical.ThrowableCollector.execute(ThrowableCollector.java:73)
	at org.junit.platform.engine.support.hierarchical.NodeTestTask.executeRecursively(NodeTestTask.java:138)
	at org.junit.platform.engine.support.hierarchical.NodeTestTask.execute(NodeTestTask.java:95)
	at java.base/java.util.ArrayList.forEach(ArrayList.java:1597)
	at org.junit.platform.engine.support.hierarchical.SameThreadHierarchicalTestExecutorService.invokeAll(SameThreadHierarchicalTestExecutorService.java:41)
	at org.junit.platform.engine.support.hierarchical.NodeTestTask.lambda$executeRecursively$6(NodeTestTask.java:155)
	at org.junit.platform.engine.support.hierarchical.ThrowableCollector.execute(ThrowableCollector.java:73)
	at org.junit.platform.engine.support.hierarchical.NodeTestTask.lambda$executeRecursively$8(NodeTestTask.java:141)
	at org.junit.platform.engine.support.hierarchical.Node.around(Node.java:137)
	at org.junit.platform.engine.support.hierarchical.NodeTestTask.lambda$executeRecursively$9(NodeTestTask.java:139)
	at org.junit.platform.engine.support.hierarchical.ThrowableCollector.execute(ThrowableCollector.java:73)
	at org.junit.platform.engine.support.hierarchical.NodeTestTask.executeRecursively(NodeTestTask.java:138)
	at org.junit.platform.engine.support.hierarchical.NodeTestTask.execute(NodeTestTask.java:95)
	at java.base/java.util.ArrayList.forEach(ArrayList.java:1597)
	at org.junit.platform.engine.support.hierarchical.SameThreadHierarchicalTestExecutorService.invokeAll(SameThreadHierarchicalTestExecutorService.java:41)
	at org.junit.platform.engine.support.hierarchical.NodeTestTask.lambda$executeRecursively$6(NodeTestTask.java:155)
	at org.junit.platform.engine.support.hierarchical.ThrowableCollector.execute(ThrowableCollector.java:73)
	at org.junit.platform.engine.support.hierarchical.NodeTestTask.lambda$executeRecursively$8(NodeTestTask.java:141)
	at org.junit.platform.engine.support.hierarchical.Node.around(Node.java:137)
	at org.junit.platform.engine.support.hierarchical.NodeTestTask.lambda$executeRecursively$9(NodeTestTask.java:139)
	at org.junit.platform.engine.support.hierarchical.ThrowableCollector.execute(ThrowableCollector.java:73)
	at org.junit.platform.engine.support.hierarchical.NodeTestTask.executeRecursively(NodeTestTask.java:138)
	at org.junit.platform.engine.support.hierarchical.NodeTestTask.execute(NodeTestTask.java:95)
	at org.junit.platform.engine.support.hierarchical.SameThreadHierarchicalTestExecutorService.submit(SameThreadHierarchicalTestExecutorService.java:35)
	at org.junit.platform.engine.support.hierarchical.HierarchicalTestExecutor.execute(HierarchicalTestExecutor.java:57)
	at org.junit.platform.engine.support.hierarchical.HierarchicalTestEngine.execute(HierarchicalTestEngine.java:54)
	at org.junit.platform.launcher.core.EngineExecutionOrchestrator.execute(EngineExecutionOrchestrator.java:198)
	at org.junit.platform.launcher.core.EngineExecutionOrchestrator.execute(EngineExecutionOrchestrator.java:169)
	at org.junit.platform.launcher.core.EngineExecutionOrchestrator.execute(EngineExecutionOrchestrator.java:93)
	at org.junit.platform.launcher.core.EngineExecutionOrchestrator.lambda$execute$0(EngineExecutionOrchestrator.java:58)
	at org.junit.platform.launcher.core.EngineExecutionOrchestrator.withInterceptedStreams(EngineExecutionOrchestrator.java:141)
	at org.junit.platform.launcher.core.EngineExecutionOrchestrator.execute(EngineExecutionOrchestrator.java:57)
	at org.junit.platform.launcher.core.DefaultLauncher.execute(DefaultLauncher.java:103)
	at org.junit.platform.launcher.core.DefaultLauncher.execute(DefaultLauncher.java:85)
	at org.junit.platform.launcher.core.DelegatingLauncher.execute(DelegatingLauncher.java:47)
	at org.junit.platform.launcher.core.SessionPerRequestLauncher.execute(SessionPerRequestLauncher.java:63)
	at com.intellij.junit5.JUnit5IdeaTestRunner.startRunnerWithArgs(JUnit5IdeaTestRunner.java:57)
	at com.intellij.rt.junit.IdeaTestRunner$Repeater$1.execute(IdeaTestRunner.java:38)
	at com.intellij.rt.execution.junit.TestsRepeater.repeat(TestsRepeater.java:11)
	at com.intellij.rt.junit.IdeaTestRunner$Repeater.startRunnerWithArgs(IdeaTestRunner.java:35)
	at com.intellij.rt.junit.JUnitStarter.prepareStreamsAndStart(JUnitStarter.java:232)
	at com.intellij.rt.junit.JUnitStarter.main(JUnitStarter.java:55)
2024-11-06 17:43:28,236 INFO  [main] WebSocketIntegrationTest: Starting WebSocketIntegrationTest using Java 22.0.2 with PID 4423 (started by premkumar in /Users/premkumar/LinkerSod/chatapp/chatapp-service)
2024-11-06 17:43:28,237 INFO  [main] WebSocketIntegrationTest: No active profile set, falling back to 1 default profile: "default"
2024-11-06 17:43:29,824 WARN  [main] JpaBaseConfiguration$JpaWebConfiguration: spring.jpa.open-in-view is enabled by default. Therefore, database queries may be performed during view rendering. Explicitly configure spring.jpa.open-in-view to disable this warning
2024-11-06 17:43:30,090 INFO  [main] WebSocketIntegrationTest: Started WebSocketIntegrationTest in 1.958 seconds (process running for 2.447)
2024-11-06 17:43:30,094 DEBUG [main] HttpModuleBuilder: Patterns [/chatapp/{id}, /health-check/{service}, /service-info/{service}, /info, /chatapp/{id}/{eventID}, /chatapp] in 'simpleUrlHandlerMapping'
2024-11-06 17:43:30,414 WARN  [http-nio-auto-1-exec-1] PageNotFound: No mapping for GET /api/realtimedata/info
2024-11-06 17:43:30,420 DEBUG [http-nio-auto-1-exec-1] MultipleMessageSource: No properties file found for [classpath*:messages]
2024-11-06 17:43:30,421 DEBUG [http-nio-auto-1-exec-1] MultipleMessageSource: Loading properties [messages_en.properties]
2024-11-06 17:43:30,421 DEBUG [http-nio-auto-1-exec-1] MultipleMessageSource: Loading properties [messages_en.properties]
2024-11-06 17:43:30,421 DEBUG [http-nio-auto-1-exec-1] MultipleMessageSource: Loading properties [messages_en.properties]
2024-11-06 17:43:30,421 DEBUG [http-nio-auto-1-exec-1] MultipleMessageSource: Loading properties [messages_en_US.properties]
2024-11-06 17:43:30,421 DEBUG [http-nio-auto-1-exec-1] MultipleMessageSource: Loading properties [messages_en_US.properties]
2024-11-06 17:43:30,421 DEBUG [http-nio-auto-1-exec-1] MultipleMessageSource: Loading properties [messages_en_US.properties]
2024-11-06 17:43:30,422 DEBUG [http-nio-auto-1-exec-1] MultipleMessageSource: No properties file found for [classpath*:messages_en]
2024-11-06 17:43:30,422 DEBUG [http-nio-auto-1-exec-1] MultipleMessageSource: No properties file found for [classpath*:messages_en_US]
2024-11-06 17:43:30,437 ERROR [main] SockJsClient: Initial SockJS "Info" request to server failed, url=ws://localhost:59109/api/realtimedata
org.springframework.web.client.HttpClientErrorException$NotFound: 404 : "{"type":"about:blank","title":"Not Found","status":404,"detail":"No endpoint GET /api/realtimedata/info.","instance":"/api/realtimedata/info"}"
	at org.springframework.web.client.HttpClientErrorException.create(HttpClientErrorException.java:112)
	at org.springframework.web.client.DefaultResponseErrorHandler.handleError(DefaultResponseErrorHandler.java:183)
	at org.springframework.web.client.DefaultResponseErrorHandler.handleError(DefaultResponseErrorHandler.java:137)
	at org.springframework.web.client.ResponseErrorHandler.handleError(ResponseErrorHandler.java:63)
	at org.springframework.web.client.RestTemplate.handleResponse(RestTemplate.java:942)
	at org.springframework.web.client.RestTemplate.doExecute(RestTemplate.java:891)
	at org.springframework.web.client.RestTemplate.execute(RestTemplate.java:830)
	at org.springframework.web.socket.sockjs.client.RestTemplateXhrTransport.executeInfoRequestInternal(RestTemplateXhrTransport.java:138)
	at org.springframework.web.socket.sockjs.client.AbstractXhrTransport.executeInfoRequest(AbstractXhrTransport.java:134)
	at org.springframework.web.socket.sockjs.client.SockJsClient.getServerInfo(SockJsClient.java:293)
	at org.springframework.web.socket.sockjs.client.SockJsClient.execute(SockJsClient.java:247)
	at org.springframework.web.socket.messaging.WebSocketStompClient.connectAsync(WebSocketStompClient.java:353)
	at org.springframework.web.socket.messaging.WebSocketStompClient.connectAsync(WebSocketStompClient.java:312)
	at org.springframework.web.socket.messaging.WebSocketStompClient.connectAsync(WebSocketStompClient.java:269)
	at org.springframework.web.socket.messaging.WebSocketStompClient.connectAsync(WebSocketStompClient.java:232)
	at org.springframework.web.socket.messaging.WebSocketStompClient.connect(WebSocketStompClient.java:218)
	at com.sod.doc.chatapp.WebSocketIntegrationTest.shouldReceiveAMessageFromTheServer(WebSocketIntegrationTest.java:51)
	at java.base/jdk.internal.reflect.DirectMethodHandleAccessor.invoke(DirectMethodHandleAccessor.java:103)
	at java.base/java.lang.reflect.Method.invoke(Method.java:580)
	at org.junit.platform.commons.util.ReflectionUtils.invokeMethod(ReflectionUtils.java:728)
	at org.junit.jupiter.engine.execution.MethodInvocation.proceed(MethodInvocation.java:60)
	at org.junit.jupiter.engine.execution.InvocationInterceptorChain$ValidatingInvocation.proceed(InvocationInterceptorChain.java:131)
	at org.junit.jupiter.engine.extension.TimeoutExtension.intercept(TimeoutExtension.java:156)
	at org.junit.jupiter.engine.extension.TimeoutExtension.interceptTestableMethod(TimeoutExtension.java:147)
	at org.junit.jupiter.engine.extension.TimeoutExtension.interceptTestMethod(TimeoutExtension.java:86)
	at org.junit.jupiter.engine.execution.InterceptingExecutableInvoker$ReflectiveInterceptorCall.lambda$ofVoidMethod$0(InterceptingExecutableInvoker.java:103)
	at org.junit.jupiter.engine.execution.InterceptingExecutableInvoker.lambda$invoke$0(InterceptingExecutableInvoker.java:93)
	at org.junit.jupiter.engine.execution.InvocationInterceptorChain$InterceptedInvocation.proceed(InvocationInterceptorChain.java:106)
	at org.junit.jupiter.engine.execution.InvocationInterceptorChain.proceed(InvocationInterceptorChain.java:64)
	at org.junit.jupiter.engine.execution.InvocationInterceptorChain.chainAndInvoke(InvocationInterceptorChain.java:45)
	at org.junit.jupiter.engine.execution.InvocationInterceptorChain.invoke(InvocationInterceptorChain.java:37)
	at org.junit.jupiter.engine.execution.InterceptingExecutableInvoker.invoke(InterceptingExecutableInvoker.java:92)
	at org.junit.jupiter.engine.execution.InterceptingExecutableInvoker.invoke(InterceptingExecutableInvoker.java:86)
	at org.junit.jupiter.engine.descriptor.TestMethodTestDescriptor.lambda$invokeTestMethod$7(TestMethodTestDescriptor.java:218)
	at org.junit.platform.engine.support.hierarchical.ThrowableCollector.execute(ThrowableCollector.java:73)
	at org.junit.jupiter.engine.descriptor.TestMethodTestDescriptor.invokeTestMethod(TestMethodTestDescriptor.java:214)
	at org.junit.jupiter.engine.descriptor.TestMethodTestDescriptor.execute(TestMethodTestDescriptor.java:139)
	at org.junit.jupiter.engine.descriptor.TestMethodTestDescriptor.execute(TestMethodTestDescriptor.java:69)
	at org.junit.platform.engine.support.hierarchical.NodeTestTask.lambda$executeRecursively$6(NodeTestTask.java:151)
	at org.junit.platform.engine.support.hierarchical.ThrowableCollector.execute(ThrowableCollector.java:73)
	at org.junit.platform.engine.support.hierarchical.NodeTestTask.lambda$executeRecursively$8(NodeTestTask.java:141)
	at org.junit.platform.engine.support.hierarchical.Node.around(Node.java:137)
	at org.junit.platform.engine.support.hierarchical.NodeTestTask.lambda$executeRecursively$9(NodeTestTask.java:139)
	at org.junit.platform.engine.support.hierarchical.ThrowableCollector.execute(ThrowableCollector.java:73)
	at org.junit.platform.engine.support.hierarchical.NodeTestTask.executeRecursively(NodeTestTask.java:138)
	at org.junit.platform.engine.support.hierarchical.NodeTestTask.execute(NodeTestTask.java:95)
	at java.base/java.util.ArrayList.forEach(ArrayList.java:1597)
	at org.junit.platform.engine.support.hierarchical.SameThreadHierarchicalTestExecutorService.invokeAll(SameThreadHierarchicalTestExecutorService.java:41)
	at org.junit.platform.engine.support.hierarchical.NodeTestTask.lambda$executeRecursively$6(NodeTestTask.java:155)
	at org.junit.platform.engine.support.hierarchical.ThrowableCollector.execute(ThrowableCollector.java:73)
	at org.junit.platform.engine.support.hierarchical.NodeTestTask.lambda$executeRecursively$8(NodeTestTask.java:141)
	at org.junit.platform.engine.support.hierarchical.Node.around(Node.java:137)
	at org.junit.platform.engine.support.hierarchical.NodeTestTask.lambda$executeRecursively$9(NodeTestTask.java:139)
	at org.junit.platform.engine.support.hierarchical.ThrowableCollector.execute(ThrowableCollector.java:73)
	at org.junit.platform.engine.support.hierarchical.NodeTestTask.executeRecursively(NodeTestTask.java:138)
	at org.junit.platform.engine.support.hierarchical.NodeTestTask.execute(NodeTestTask.java:95)
	at java.base/java.util.ArrayList.forEach(ArrayList.java:1597)
	at org.junit.platform.engine.support.hierarchical.SameThreadHierarchicalTestExecutorService.invokeAll(SameThreadHierarchicalTestExecutorService.java:41)
	at org.junit.platform.engine.support.hierarchical.NodeTestTask.lambda$executeRecursively$6(NodeTestTask.java:155)
	at org.junit.platform.engine.support.hierarchical.ThrowableCollector.execute(ThrowableCollector.java:73)
	at org.junit.platform.engine.support.hierarchical.NodeTestTask.lambda$executeRecursively$8(NodeTestTask.java:141)
	at org.junit.platform.engine.support.hierarchical.Node.around(Node.java:137)
	at org.junit.platform.engine.support.hierarchical.NodeTestTask.lambda$executeRecursively$9(NodeTestTask.java:139)
	at org.junit.platform.engine.support.hierarchical.ThrowableCollector.execute(ThrowableCollector.java:73)
	at org.junit.platform.engine.support.hierarchical.NodeTestTask.executeRecursively(NodeTestTask.java:138)
	at org.junit.platform.engine.support.hierarchical.NodeTestTask.execute(NodeTestTask.java:95)
	at org.junit.platform.engine.support.hierarchical.SameThreadHierarchicalTestExecutorService.submit(SameThreadHierarchicalTestExecutorService.java:35)
	at org.junit.platform.engine.support.hierarchical.HierarchicalTestExecutor.execute(HierarchicalTestExecutor.java:57)
	at org.junit.platform.engine.support.hierarchical.HierarchicalTestEngine.execute(HierarchicalTestEngine.java:54)
	at org.junit.platform.launcher.core.EngineExecutionOrchestrator.execute(EngineExecutionOrchestrator.java:198)
	at org.junit.platform.launcher.core.EngineExecutionOrchestrator.execute(EngineExecutionOrchestrator.java:169)
	at org.junit.platform.launcher.core.EngineExecutionOrchestrator.execute(EngineExecutionOrchestrator.java:93)
	at org.junit.platform.launcher.core.EngineExecutionOrchestrator.lambda$execute$0(EngineExecutionOrchestrator.java:58)
	at org.junit.platform.launcher.core.EngineExecutionOrchestrator.withInterceptedStreams(EngineExecutionOrchestrator.java:141)
	at org.junit.platform.launcher.core.EngineExecutionOrchestrator.execute(EngineExecutionOrchestrator.java:57)
	at org.junit.platform.launcher.core.DefaultLauncher.execute(DefaultLauncher.java:103)
	at org.junit.platform.launcher.core.DefaultLauncher.execute(DefaultLauncher.java:85)
	at org.junit.platform.launcher.core.DelegatingLauncher.execute(DelegatingLauncher.java:47)
	at org.junit.platform.launcher.core.SessionPerRequestLauncher.execute(SessionPerRequestLauncher.java:63)
	at com.intellij.junit5.JUnit5IdeaTestRunner.startRunnerWithArgs(JUnit5IdeaTestRunner.java:57)
	at com.intellij.rt.junit.IdeaTestRunner$Repeater$1.execute(IdeaTestRunner.java:38)
	at com.intellij.rt.execution.junit.TestsRepeater.repeat(TestsRepeater.java:11)
	at com.intellij.rt.junit.IdeaTestRunner$Repeater.startRunnerWithArgs(IdeaTestRunner.java:35)
	at com.intellij.rt.junit.JUnitStarter.prepareStreamsAndStart(JUnitStarter.java:232)
	at com.intellij.rt.junit.JUnitStarter.main(JUnitStarter.java:55)
2024-11-06 17:45:02,078 INFO  [main] WebSocketIntegrationTest: Starting WebSocketIntegrationTest using Java 22.0.2 with PID 4444 (started by premkumar in /Users/premkumar/LinkerSod/chatapp/chatapp-service)
2024-11-06 17:45:02,079 INFO  [main] WebSocketIntegrationTest: No active profile set, falling back to 1 default profile: "default"
2024-11-06 17:45:03,431 WARN  [main] JpaBaseConfiguration$JpaWebConfiguration: spring.jpa.open-in-view is enabled by default. Therefore, database queries may be performed during view rendering. Explicitly configure spring.jpa.open-in-view to disable this warning
2024-11-06 17:45:03,827 INFO  [main] WebSocketIntegrationTest: Started WebSocketIntegrationTest in 1.863 seconds (process running for 2.4)
2024-11-06 17:45:03,831 DEBUG [main] HttpModuleBuilder: Patterns [/chatapp/{id}, /health-check/{service}, /service-info/{service}, /info, /chatapp/{id}/{eventID}, /chatapp] in 'simpleUrlHandlerMapping'
2024-11-06 17:46:26,321 INFO  [main] WebSocketIntegrationTest: Starting WebSocketIntegrationTest using Java 22.0.2 with PID 4471 (started by premkumar in /Users/premkumar/LinkerSod/chatapp/chatapp-service)
2024-11-06 17:46:26,322 INFO  [main] WebSocketIntegrationTest: No active profile set, falling back to 1 default profile: "default"
2024-11-06 17:46:27,574 WARN  [main] JpaBaseConfiguration$JpaWebConfiguration: spring.jpa.open-in-view is enabled by default. Therefore, database queries may be performed during view rendering. Explicitly configure spring.jpa.open-in-view to disable this warning
2024-11-06 17:46:27,976 INFO  [main] WebSocketIntegrationTest: Started WebSocketIntegrationTest in 1.749 seconds (process running for 2.184)
2024-11-06 17:46:27,979 DEBUG [main] HttpModuleBuilder: Patterns [/chatapp/{id}, /health-check/{service}, /service-info/{service}, /info, /chatapp/{id}/{eventID}, /chatapp] in 'simpleUrlHandlerMapping'
2024-11-06 17:46:55,289 INFO  [main] WebSocketIntegrationTest: Starting WebSocketIntegrationTest using Java 22.0.2 with PID 4479 (started by premkumar in /Users/premkumar/LinkerSod/chatapp/chatapp-service)
2024-11-06 17:46:55,290 INFO  [main] WebSocketIntegrationTest: No active profile set, falling back to 1 default profile: "default"
2024-11-06 17:46:56,533 WARN  [main] JpaBaseConfiguration$JpaWebConfiguration: spring.jpa.open-in-view is enabled by default. Therefore, database queries may be performed during view rendering. Explicitly configure spring.jpa.open-in-view to disable this warning
2024-11-06 17:46:56,926 INFO  [main] WebSocketIntegrationTest: Started WebSocketIntegrationTest in 1.728 seconds (process running for 2.18)
2024-11-06 17:46:56,929 DEBUG [main] HttpModuleBuilder: Patterns [/chatapp/{id}, /health-check/{service}, /service-info/{service}, /info, /chatapp/{id}/{eventID}, /chatapp] in 'simpleUrlHandlerMapping'
2024-11-06 17:48:31,073 INFO  [main] WebSocketIntegrationTest: Starting WebSocketIntegrationTest using Java 22.0.2 with PID 4502 (started by premkumar in /Users/premkumar/LinkerSod/chatapp/chatapp-service)
2024-11-06 17:48:31,075 INFO  [main] WebSocketIntegrationTest: No active profile set, falling back to 1 default profile: "default"
2024-11-06 17:48:32,435 WARN  [main] JpaBaseConfiguration$JpaWebConfiguration: spring.jpa.open-in-view is enabled by default. Therefore, database queries may be performed during view rendering. Explicitly configure spring.jpa.open-in-view to disable this warning
2024-11-06 17:48:32,826 INFO  [main] WebSocketIntegrationTest: Started WebSocketIntegrationTest in 1.879 seconds (process running for 2.328)
2024-11-06 17:48:32,830 DEBUG [main] HttpModuleBuilder: Patterns [/chatapp/{id}, /health-check/{service}, /service-info/{service}, /info, /chatapp/{id}/{eventID}, /chatapp] in 'simpleUrlHandlerMapping'
2024-11-06 17:49:28,599 INFO  [main] WebSocketIntegrationTest: Starting WebSocketIntegrationTest using Java 22.0.2 with PID 4517 (started by premkumar in /Users/premkumar/LinkerSod/chatapp/chatapp-service)
2024-11-06 17:49:28,600 INFO  [main] WebSocketIntegrationTest: No active profile set, falling back to 1 default profile: "default"
2024-11-06 17:49:29,952 WARN  [main] JpaBaseConfiguration$JpaWebConfiguration: spring.jpa.open-in-view is enabled by default. Therefore, database queries may be performed during view rendering. Explicitly configure spring.jpa.open-in-view to disable this warning
2024-11-06 17:49:30,387 INFO  [main] WebSocketIntegrationTest: Started WebSocketIntegrationTest in 1.886 seconds (process running for 2.344)
2024-11-06 17:49:30,391 DEBUG [main] HttpModuleBuilder: Patterns [/chatapp/{id}, /health-check/{service}, /service-info/{service}, /info, /chatapp/{id}/{eventID}, /chatapp] in 'simpleUrlHandlerMapping'
2024-11-06 17:50:30,944 INFO  [main] WebSocketIntegrationTest: Starting WebSocketIntegrationTest using Java 22.0.2 with PID 4537 (started by premkumar in /Users/premkumar/LinkerSod/chatapp/chatapp-service)
2024-11-06 17:50:30,944 INFO  [main] WebSocketIntegrationTest: No active profile set, falling back to 1 default profile: "default"
2024-11-06 17:50:32,317 WARN  [main] JpaBaseConfiguration$JpaWebConfiguration: spring.jpa.open-in-view is enabled by default. Therefore, database queries may be performed during view rendering. Explicitly configure spring.jpa.open-in-view to disable this warning
2024-11-06 17:50:32,737 INFO  [main] WebSocketIntegrationTest: Started WebSocketIntegrationTest in 1.888 seconds (process running for 2.327)
2024-11-06 17:50:32,741 DEBUG [main] HttpModuleBuilder: Patterns [/chatapp/{id}, /health-check/{service}, /service-info/{service}, /info, /chatapp/{id}/{eventID}, /chatapp] in 'simpleUrlHandlerMapping'
2024-11-06 17:50:49,957 INFO  [main] WebSocketIntegrationTest: Starting WebSocketIntegrationTest using Java 22.0.2 with PID 4544 (started by premkumar in /Users/premkumar/LinkerSod/chatapp/chatapp-service)
2024-11-06 17:50:49,958 INFO  [main] WebSocketIntegrationTest: No active profile set, falling back to 1 default profile: "default"
2024-11-06 17:50:52,417 WARN  [main] JpaBaseConfiguration$JpaWebConfiguration: spring.jpa.open-in-view is enabled by default. Therefore, database queries may be performed during view rendering. Explicitly configure spring.jpa.open-in-view to disable this warning
2024-11-06 17:50:53,417 INFO  [main] WebSocketIntegrationTest: Started WebSocketIntegrationTest in 3.587 seconds (process running for 4.187)
2024-11-06 17:50:53,428 DEBUG [main] HttpModuleBuilder: Patterns [/chatapp/{id}, /health-check/{service}, /service-info/{service}, /info, /chatapp/{id}/{eventID}, /chatapp] in 'simpleUrlHandlerMapping'
2024-11-06 17:51:35,435 INFO  [main] WebSocketIntegrationTest: Starting WebSocketIntegrationTest using Java 22.0.2 with PID 4551 (started by premkumar in /Users/premkumar/LinkerSod/chatapp/chatapp-service)
2024-11-06 17:51:35,435 INFO  [main] WebSocketIntegrationTest: No active profile set, falling back to 1 default profile: "default"
2024-11-06 17:51:37,709 WARN  [main] JpaBaseConfiguration$JpaWebConfiguration: spring.jpa.open-in-view is enabled by default. Therefore, database queries may be performed during view rendering. Explicitly configure spring.jpa.open-in-view to disable this warning
2024-11-06 17:51:38,645 INFO  [main] WebSocketIntegrationTest: Started WebSocketIntegrationTest in 3.323 seconds (process running for 3.858)
2024-11-06 17:51:38,653 DEBUG [main] HttpModuleBuilder: Patterns [/chatapp/{id}, /health-check/{service}, /service-info/{service}, /info, /chatapp/{id}/{eventID}, /chatapp] in 'simpleUrlHandlerMapping'
2024-11-06 17:52:37,530 WARN  [Hikari housekeeper] HikariPool: Hikari - Thread starvation or clock leap detected (housekeeper delta=1m972ms).
2024-11-06 17:53:16,675 INFO  [main] WebSocketIntegrationTest: Starting WebSocketIntegrationTest using Java 22.0.2 with PID 4572 (started by premkumar in /Users/premkumar/LinkerSod/chatapp/chatapp-service)
2024-11-06 17:53:16,675 INFO  [main] WebSocketIntegrationTest: No active profile set, falling back to 1 default profile: "default"
2024-11-06 17:53:17,946 WARN  [main] JpaBaseConfiguration$JpaWebConfiguration: spring.jpa.open-in-view is enabled by default. Therefore, database queries may be performed during view rendering. Explicitly configure spring.jpa.open-in-view to disable this warning
2024-11-06 17:53:18,333 INFO  [main] WebSocketIntegrationTest: Started WebSocketIntegrationTest in 1.751 seconds (process running for 2.195)
2024-11-06 17:53:18,336 DEBUG [main] HttpModuleBuilder: Patterns [/chatapp/{id}, /health-check/{service}, /service-info/{service}, /info, /chatapp/{id}/{eventID}, /chatapp] in 'simpleUrlHandlerMapping'
2024-11-06 17:53:29,602 INFO  [main] WebSocketIntegrationTest: Starting WebSocketIntegrationTest using Java 22.0.2 with PID 4580 (started by premkumar in /Users/premkumar/LinkerSod/chatapp/chatapp-service)
2024-11-06 17:53:29,603 INFO  [main] WebSocketIntegrationTest: No active profile set, falling back to 1 default profile: "default"
2024-11-06 17:53:31,802 WARN  [main] JpaBaseConfiguration$JpaWebConfiguration: spring.jpa.open-in-view is enabled by default. Therefore, database queries may be performed during view rendering. Explicitly configure spring.jpa.open-in-view to disable this warning
2024-11-06 17:53:32,763 INFO  [main] WebSocketIntegrationTest: Started WebSocketIntegrationTest in 3.276 seconds (process running for 3.853)
2024-11-06 17:53:32,770 DEBUG [main] HttpModuleBuilder: Patterns [/chatapp/{id}, /health-check/{service}, /service-info/{service}, /info, /chatapp/{id}/{eventID}, /chatapp] in 'simpleUrlHandlerMapping'
2024-11-06 17:55:12,861 WARN  [Hikari housekeeper] HikariPool: Hikari - Thread starvation or clock leap detected (housekeeper delta=1m42s207ms).
2024-11-06 17:55:17,519 INFO  [main] WebSocketIntegrationTest: Starting WebSocketIntegrationTest using Java 22.0.2 with PID 4611 (started by premkumar in /Users/premkumar/LinkerSod/chatapp/chatapp-service)
2024-11-06 17:55:17,520 INFO  [main] WebSocketIntegrationTest: No active profile set, falling back to 1 default profile: "default"
2024-11-06 17:55:19,953 WARN  [main] JpaBaseConfiguration$JpaWebConfiguration: spring.jpa.open-in-view is enabled by default. Therefore, database queries may be performed during view rendering. Explicitly configure spring.jpa.open-in-view to disable this warning
2024-11-06 17:55:20,896 INFO  [main] WebSocketIntegrationTest: Started WebSocketIntegrationTest in 3.583 seconds (process running for 4.528)
2024-11-06 17:55:20,903 DEBUG [main] HttpModuleBuilder: Patterns [/chatapp/{id}, /health-check/{service}, /service-info/{service}, /info, /chatapp/{id}/{eventID}, /chatapp] in 'simpleUrlHandlerMapping'
2024-11-06 17:56:33,852 WARN  [Hikari housekeeper] HikariPool: Hikari - Thread starvation or clock leap detected (housekeeper delta=1m15s31ms).
2024-11-06 17:56:48,316 INFO  [main] WebSocketIntegrationTest: Starting WebSocketIntegrationTest using Java 22.0.2 with PID 4628 (started by premkumar in /Users/premkumar/LinkerSod/chatapp/chatapp-service)
2024-11-06 17:56:48,316 INFO  [main] WebSocketIntegrationTest: No active profile set, falling back to 1 default profile: "default"
2024-11-06 17:56:49,724 WARN  [main] JpaBaseConfiguration$JpaWebConfiguration: spring.jpa.open-in-view is enabled by default. Therefore, database queries may be performed during view rendering. Explicitly configure spring.jpa.open-in-view to disable this warning
2024-11-06 17:56:50,145 INFO  [main] WebSocketIntegrationTest: Started WebSocketIntegrationTest in 1.932 seconds (process running for 2.413)
2024-11-06 17:56:50,149 DEBUG [main] HttpModuleBuilder: Patterns [/chatapp/{id}, /health-check/{service}, /service-info/{service}, /info, /chatapp/{id}/{eventID}, /chatapp] in 'simpleUrlHandlerMapping'
2024-11-06 17:58:40,320 INFO  [main] WebSocketIntegrationTest: Starting WebSocketIntegrationTest using Java 22.0.2 with PID 4682 (started by premkumar in /Users/premkumar/LinkerSod/chatapp/chatapp-service)
2024-11-06 17:58:40,320 INFO  [main] WebSocketIntegrationTest: No active profile set, falling back to 1 default profile: "default"
2024-11-06 17:58:41,617 WARN  [main] JpaBaseConfiguration$JpaWebConfiguration: spring.jpa.open-in-view is enabled by default. Therefore, database queries may be performed during view rendering. Explicitly configure spring.jpa.open-in-view to disable this warning
2024-11-06 17:58:42,002 INFO  [main] WebSocketIntegrationTest: Started WebSocketIntegrationTest in 1.781 seconds (process running for 2.237)
2024-11-06 17:58:42,006 DEBUG [main] HttpModuleBuilder: Patterns [/chatapp/{id}, /health-check/{service}, /service-info/{service}, /info, /chatapp/{id}/{eventID}, /chatapp] in 'simpleUrlHandlerMapping'
2024-11-06 18:01:41,247 INFO  [main] WebSocketIntegrationTest: Starting WebSocketIntegrationTest using Java 22.0.2 with PID 4726 (started by premkumar in /Users/premkumar/LinkerSod/chatapp/chatapp-service)
2024-11-06 18:01:41,249 INFO  [main] WebSocketIntegrationTest: No active profile set, falling back to 1 default profile: "default"
2024-11-06 18:01:43,841 WARN  [main] JpaBaseConfiguration$JpaWebConfiguration: spring.jpa.open-in-view is enabled by default. Therefore, database queries may be performed during view rendering. Explicitly configure spring.jpa.open-in-view to disable this warning
2024-11-06 18:01:44,937 INFO  [main] WebSocketIntegrationTest: Started WebSocketIntegrationTest in 3.913 seconds (process running for 4.804)
2024-11-06 18:01:44,944 DEBUG [main] HttpModuleBuilder: Patterns [/chatapp/{id}, /health-check/{service}, /service-info/{service}, /info, /chatapp/{id}/{eventID}, /chatapp] in 'simpleUrlHandlerMapping'
2024-11-06 18:10:02,809 WARN  [Hikari housekeeper] HikariPool: Hikari - Thread starvation or clock leap detected (housekeeper delta=7m46s742ms).
2024-11-06 18:10:05,419 INFO  [main] WebSocketIntegrationTest: Starting WebSocketIntegrationTest using Java 22.0.2 with PID 4804 (started by premkumar in /Users/premkumar/LinkerSod/chatapp/chatapp-service)
2024-11-06 18:10:05,420 INFO  [main] WebSocketIntegrationTest: No active profile set, falling back to 1 default profile: "default"
2024-11-06 18:10:06,670 WARN  [main] JpaBaseConfiguration$JpaWebConfiguration: spring.jpa.open-in-view is enabled by default. Therefore, database queries may be performed during view rendering. Explicitly configure spring.jpa.open-in-view to disable this warning
2024-11-06 18:10:07,064 INFO  [main] WebSocketIntegrationTest: Started WebSocketIntegrationTest in 1.744 seconds (process running for 2.181)
2024-11-06 18:10:07,068 DEBUG [main] HttpModuleBuilder: Patterns [/chatapp/{id}, /health-check/{service}, /service-info/{service}, /info, /chatapp/{id}/{eventID}, /chatapp] in 'simpleUrlHandlerMapping'
2024-11-06 23:29:43,427 INFO  [main] WebSocketIntegrationTest: Starting WebSocketIntegrationTest using Java 22.0.2 with PID 1866 (started by premkumar in /Users/premkumar/LinkerSod/chatapp/chatapp-service)
2024-11-06 23:29:43,427 INFO  [main] WebSocketIntegrationTest: No active profile set, falling back to 1 default profile: "default"
2024-11-06 23:29:44,929 WARN  [main] JpaBaseConfiguration$JpaWebConfiguration: spring.jpa.open-in-view is enabled by default. Therefore, database queries may be performed during view rendering. Explicitly configure spring.jpa.open-in-view to disable this warning
2024-11-06 23:29:45,361 INFO  [main] WebSocketIntegrationTest: Started WebSocketIntegrationTest in 2.037 seconds (process running for 2.598)
2024-11-06 23:29:45,365 DEBUG [main] HttpModuleBuilder: Patterns [/chatapp/{id}, /health-check/{service}, /service-info/{service}, /info, /chatapp/{id}/{eventID}, /chatapp] in 'simpleUrlHandlerMapping'
2024-11-06 23:30:53,788 INFO  [main] WebSocketIntegrationTest: Starting WebSocketIntegrationTest using Java 22.0.2 with PID 1886 (started by premkumar in /Users/premkumar/LinkerSod/chatapp/chatapp-service)
2024-11-06 23:30:53,788 INFO  [main] WebSocketIntegrationTest: No active profile set, falling back to 1 default profile: "default"
2024-11-06 23:30:55,216 WARN  [main] JpaBaseConfiguration$JpaWebConfiguration: spring.jpa.open-in-view is enabled by default. Therefore, database queries may be performed during view rendering. Explicitly configure spring.jpa.open-in-view to disable this warning
2024-11-06 23:30:55,629 INFO  [main] WebSocketIntegrationTest: Started WebSocketIntegrationTest in 1.953 seconds (process running for 2.444)
2024-11-06 23:30:55,633 DEBUG [main] HttpModuleBuilder: Patterns [/chatapp/{id}, /health-check/{service}, /service-info/{service}, /info, /chatapp/{id}/{eventID}, /chatapp] in 'simpleUrlHandlerMapping'
2024-11-06 23:33:07,527 INFO  [main] WebSocketIntegrationTest: Starting WebSocketIntegrationTest using Java 22.0.2 with PID 1920 (started by premkumar in /Users/premkumar/LinkerSod/chatapp/chatapp-service)
2024-11-06 23:33:07,528 INFO  [main] WebSocketIntegrationTest: No active profile set, falling back to 1 default profile: "default"
2024-11-06 23:33:08,894 WARN  [main] JpaBaseConfiguration$JpaWebConfiguration: spring.jpa.open-in-view is enabled by default. Therefore, database queries may be performed during view rendering. Explicitly configure spring.jpa.open-in-view to disable this warning
2024-11-06 23:33:09,312 INFO  [main] WebSocketIntegrationTest: Started WebSocketIntegrationTest in 1.893 seconds (process running for 2.369)
2024-11-06 23:33:09,315 DEBUG [main] HttpModuleBuilder: Patterns [/chatapp/{id}, /health-check/{service}, /service-info/{service}, /info, /chatapp/{id}/{eventID}, /chatapp] in 'simpleUrlHandlerMapping'
2024-11-06 23:36:01,407 INFO  [main] WebSocketIntegrationTest: Starting WebSocketIntegrationTest using Java 22.0.2 with PID 1975 (started by premkumar in /Users/premkumar/LinkerSod/chatapp/chatapp-service)
2024-11-06 23:36:01,409 INFO  [main] WebSocketIntegrationTest: No active profile set, falling back to 1 default profile: "default"
2024-11-06 23:36:02,736 WARN  [main] JpaBaseConfiguration$JpaWebConfiguration: spring.jpa.open-in-view is enabled by default. Therefore, database queries may be performed during view rendering. Explicitly configure spring.jpa.open-in-view to disable this warning
2024-11-06 23:36:03,133 INFO  [main] WebSocketIntegrationTest: Started WebSocketIntegrationTest in 1.83 seconds (process running for 2.279)
2024-11-06 23:36:03,137 DEBUG [main] HttpModuleBuilder: Patterns [/chatapp/{id}, /health-check/{service}, /service-info/{service}, /info, /chatapp/{id}/{eventID}, /chatapp] in 'simpleUrlHandlerMapping'
2024-11-06 23:36:03,459 WARN  [http-nio-auto-1-exec-1] PageNotFound: No mapping for GET /realtimedata/info
2024-11-06 23:36:03,462 DEBUG [http-nio-auto-1-exec-1] MultipleMessageSource: No properties file found for [classpath*:messages]
2024-11-06 23:36:03,462 DEBUG [http-nio-auto-1-exec-1] MultipleMessageSource: Loading properties [messages_en.properties]
2024-11-06 23:36:03,462 DEBUG [http-nio-auto-1-exec-1] MultipleMessageSource: Loading properties [messages_en.properties]
2024-11-06 23:36:03,463 DEBUG [http-nio-auto-1-exec-1] MultipleMessageSource: Loading properties [messages_en.properties]
2024-11-06 23:36:03,463 DEBUG [http-nio-auto-1-exec-1] MultipleMessageSource: Loading properties [messages_en_US.properties]
2024-11-06 23:36:03,463 DEBUG [http-nio-auto-1-exec-1] MultipleMessageSource: Loading properties [messages_en_US.properties]
2024-11-06 23:36:03,463 DEBUG [http-nio-auto-1-exec-1] MultipleMessageSource: Loading properties [messages_en_US.properties]
2024-11-06 23:36:03,463 DEBUG [http-nio-auto-1-exec-1] MultipleMessageSource: No properties file found for [classpath*:messages_en]
2024-11-06 23:36:03,463 DEBUG [http-nio-auto-1-exec-1] MultipleMessageSource: No properties file found for [classpath*:messages_en_US]
2024-11-06 23:36:03,479 ERROR [main] SockJsClient: Initial SockJS "Info" request to server failed, url=ws://localhost:51949/realtimedata
org.springframework.web.client.HttpClientErrorException$NotFound: 404 : "{"type":"about:blank","title":"Not Found","status":404,"detail":"No endpoint GET /realtimedata/info.","instance":"/realtimedata/info"}"
	at org.springframework.web.client.HttpClientErrorException.create(HttpClientErrorException.java:112)
	at org.springframework.web.client.DefaultResponseErrorHandler.handleError(DefaultResponseErrorHandler.java:183)
	at org.springframework.web.client.DefaultResponseErrorHandler.handleError(DefaultResponseErrorHandler.java:137)
	at org.springframework.web.client.ResponseErrorHandler.handleError(ResponseErrorHandler.java:63)
	at org.springframework.web.client.RestTemplate.handleResponse(RestTemplate.java:942)
	at org.springframework.web.client.RestTemplate.doExecute(RestTemplate.java:891)
	at org.springframework.web.client.RestTemplate.execute(RestTemplate.java:830)
	at org.springframework.web.socket.sockjs.client.RestTemplateXhrTransport.executeInfoRequestInternal(RestTemplateXhrTransport.java:138)
	at org.springframework.web.socket.sockjs.client.AbstractXhrTransport.executeInfoRequest(AbstractXhrTransport.java:134)
	at org.springframework.web.socket.sockjs.client.SockJsClient.getServerInfo(SockJsClient.java:293)
	at org.springframework.web.socket.sockjs.client.SockJsClient.execute(SockJsClient.java:247)
	at org.springframework.web.socket.messaging.WebSocketStompClient.connectAsync(WebSocketStompClient.java:353)
	at org.springframework.web.socket.messaging.WebSocketStompClient.connectAsync(WebSocketStompClient.java:312)
	at org.springframework.web.socket.messaging.WebSocketStompClient.connectAsync(WebSocketStompClient.java:269)
	at org.springframework.web.socket.messaging.WebSocketStompClient.connectAsync(WebSocketStompClient.java:232)
	at org.springframework.web.socket.messaging.WebSocketStompClient.connect(WebSocketStompClient.java:218)
	at com.sod.doc.chatapp.WebSocketIntegrationTest.shouldReceiveAMessageFromTheServer(WebSocketIntegrationTest.java:47)
	at java.base/jdk.internal.reflect.DirectMethodHandleAccessor.invoke(DirectMethodHandleAccessor.java:103)
	at java.base/java.lang.reflect.Method.invoke(Method.java:580)
	at org.junit.platform.commons.util.ReflectionUtils.invokeMethod(ReflectionUtils.java:728)
	at org.junit.jupiter.engine.execution.MethodInvocation.proceed(MethodInvocation.java:60)
	at org.junit.jupiter.engine.execution.InvocationInterceptorChain$ValidatingInvocation.proceed(InvocationInterceptorChain.java:131)
	at org.junit.jupiter.engine.extension.TimeoutExtension.intercept(TimeoutExtension.java:156)
	at org.junit.jupiter.engine.extension.TimeoutExtension.interceptTestableMethod(TimeoutExtension.java:147)
	at org.junit.jupiter.engine.extension.TimeoutExtension.interceptTestMethod(TimeoutExtension.java:86)
	at org.junit.jupiter.engine.execution.InterceptingExecutableInvoker$ReflectiveInterceptorCall.lambda$ofVoidMethod$0(InterceptingExecutableInvoker.java:103)
	at org.junit.jupiter.engine.execution.InterceptingExecutableInvoker.lambda$invoke$0(InterceptingExecutableInvoker.java:93)
	at org.junit.jupiter.engine.execution.InvocationInterceptorChain$InterceptedInvocation.proceed(InvocationInterceptorChain.java:106)
	at org.junit.jupiter.engine.execution.InvocationInterceptorChain.proceed(InvocationInterceptorChain.java:64)
	at org.junit.jupiter.engine.execution.InvocationInterceptorChain.chainAndInvoke(InvocationInterceptorChain.java:45)
	at org.junit.jupiter.engine.execution.InvocationInterceptorChain.invoke(InvocationInterceptorChain.java:37)
	at org.junit.jupiter.engine.execution.InterceptingExecutableInvoker.invoke(InterceptingExecutableInvoker.java:92)
	at org.junit.jupiter.engine.execution.InterceptingExecutableInvoker.invoke(InterceptingExecutableInvoker.java:86)
	at org.junit.jupiter.engine.descriptor.TestMethodTestDescriptor.lambda$invokeTestMethod$7(TestMethodTestDescriptor.java:218)
	at org.junit.platform.engine.support.hierarchical.ThrowableCollector.execute(ThrowableCollector.java:73)
	at org.junit.jupiter.engine.descriptor.TestMethodTestDescriptor.invokeTestMethod(TestMethodTestDescriptor.java:214)
	at org.junit.jupiter.engine.descriptor.TestMethodTestDescriptor.execute(TestMethodTestDescriptor.java:139)
	at org.junit.jupiter.engine.descriptor.TestMethodTestDescriptor.execute(TestMethodTestDescriptor.java:69)
	at org.junit.platform.engine.support.hierarchical.NodeTestTask.lambda$executeRecursively$6(NodeTestTask.java:151)
	at org.junit.platform.engine.support.hierarchical.ThrowableCollector.execute(ThrowableCollector.java:73)
	at org.junit.platform.engine.support.hierarchical.NodeTestTask.lambda$executeRecursively$8(NodeTestTask.java:141)
	at org.junit.platform.engine.support.hierarchical.Node.around(Node.java:137)
	at org.junit.platform.engine.support.hierarchical.NodeTestTask.lambda$executeRecursively$9(NodeTestTask.java:139)
	at org.junit.platform.engine.support.hierarchical.ThrowableCollector.execute(ThrowableCollector.java:73)
	at org.junit.platform.engine.support.hierarchical.NodeTestTask.executeRecursively(NodeTestTask.java:138)
	at org.junit.platform.engine.support.hierarchical.NodeTestTask.execute(NodeTestTask.java:95)
	at java.base/java.util.ArrayList.forEach(ArrayList.java:1597)
	at org.junit.platform.engine.support.hierarchical.SameThreadHierarchicalTestExecutorService.invokeAll(SameThreadHierarchicalTestExecutorService.java:41)
	at org.junit.platform.engine.support.hierarchical.NodeTestTask.lambda$executeRecursively$6(NodeTestTask.java:155)
	at org.junit.platform.engine.support.hierarchical.ThrowableCollector.execute(ThrowableCollector.java:73)
	at org.junit.platform.engine.support.hierarchical.NodeTestTask.lambda$executeRecursively$8(NodeTestTask.java:141)
	at org.junit.platform.engine.support.hierarchical.Node.around(Node.java:137)
	at org.junit.platform.engine.support.hierarchical.NodeTestTask.lambda$executeRecursively$9(NodeTestTask.java:139)
	at org.junit.platform.engine.support.hierarchical.ThrowableCollector.execute(ThrowableCollector.java:73)
	at org.junit.platform.engine.support.hierarchical.NodeTestTask.executeRecursively(NodeTestTask.java:138)
	at org.junit.platform.engine.support.hierarchical.NodeTestTask.execute(NodeTestTask.java:95)
	at java.base/java.util.ArrayList.forEach(ArrayList.java:1597)
	at org.junit.platform.engine.support.hierarchical.SameThreadHierarchicalTestExecutorService.invokeAll(SameThreadHierarchicalTestExecutorService.java:41)
	at org.junit.platform.engine.support.hierarchical.NodeTestTask.lambda$executeRecursively$6(NodeTestTask.java:155)
	at org.junit.platform.engine.support.hierarchical.ThrowableCollector.execute(ThrowableCollector.java:73)
	at org.junit.platform.engine.support.hierarchical.NodeTestTask.lambda$executeRecursively$8(NodeTestTask.java:141)
	at org.junit.platform.engine.support.hierarchical.Node.around(Node.java:137)
	at org.junit.platform.engine.support.hierarchical.NodeTestTask.lambda$executeRecursively$9(NodeTestTask.java:139)
	at org.junit.platform.engine.support.hierarchical.ThrowableCollector.execute(ThrowableCollector.java:73)
	at org.junit.platform.engine.support.hierarchical.NodeTestTask.executeRecursively(NodeTestTask.java:138)
	at org.junit.platform.engine.support.hierarchical.NodeTestTask.execute(NodeTestTask.java:95)
	at org.junit.platform.engine.support.hierarchical.SameThreadHierarchicalTestExecutorService.submit(SameThreadHierarchicalTestExecutorService.java:35)
	at org.junit.platform.engine.support.hierarchical.HierarchicalTestExecutor.execute(HierarchicalTestExecutor.java:57)
	at org.junit.platform.engine.support.hierarchical.HierarchicalTestEngine.execute(HierarchicalTestEngine.java:54)
	at org.junit.platform.launcher.core.EngineExecutionOrchestrator.execute(EngineExecutionOrchestrator.java:198)
	at org.junit.platform.launcher.core.EngineExecutionOrchestrator.execute(EngineExecutionOrchestrator.java:169)
	at org.junit.platform.launcher.core.EngineExecutionOrchestrator.execute(EngineExecutionOrchestrator.java:93)
	at org.junit.platform.launcher.core.EngineExecutionOrchestrator.lambda$execute$0(EngineExecutionOrchestrator.java:58)
	at org.junit.platform.launcher.core.EngineExecutionOrchestrator.withInterceptedStreams(EngineExecutionOrchestrator.java:141)
	at org.junit.platform.launcher.core.EngineExecutionOrchestrator.execute(EngineExecutionOrchestrator.java:57)
	at org.junit.platform.launcher.core.DefaultLauncher.execute(DefaultLauncher.java:103)
	at org.junit.platform.launcher.core.DefaultLauncher.execute(DefaultLauncher.java:85)
	at org.junit.platform.launcher.core.DelegatingLauncher.execute(DelegatingLauncher.java:47)
	at org.junit.platform.launcher.core.SessionPerRequestLauncher.execute(SessionPerRequestLauncher.java:63)
	at com.intellij.junit5.JUnit5IdeaTestRunner.startRunnerWithArgs(JUnit5IdeaTestRunner.java:57)
	at com.intellij.rt.junit.IdeaTestRunner$Repeater$1.execute(IdeaTestRunner.java:38)
	at com.intellij.rt.execution.junit.TestsRepeater.repeat(TestsRepeater.java:11)
	at com.intellij.rt.junit.IdeaTestRunner$Repeater.startRunnerWithArgs(IdeaTestRunner.java:35)
	at com.intellij.rt.junit.JUnitStarter.prepareStreamsAndStart(JUnitStarter.java:232)
	at com.intellij.rt.junit.JUnitStarter.main(JUnitStarter.java:55)
2024-11-06 23:36:27,195 INFO  [main] WebSocketIntegrationTest: Starting WebSocketIntegrationTest using Java 22.0.2 with PID 1985 (started by premkumar in /Users/premkumar/LinkerSod/chatapp/chatapp-service)
2024-11-06 23:36:27,196 INFO  [main] WebSocketIntegrationTest: No active profile set, falling back to 1 default profile: "default"
2024-11-06 23:36:28,488 WARN  [main] JpaBaseConfiguration$JpaWebConfiguration: spring.jpa.open-in-view is enabled by default. Therefore, database queries may be performed during view rendering. Explicitly configure spring.jpa.open-in-view to disable this warning
2024-11-06 23:36:28,892 INFO  [main] WebSocketIntegrationTest: Started WebSocketIntegrationTest in 1.804 seconds (process running for 2.285)
2024-11-06 23:36:28,896 DEBUG [main] HttpModuleBuilder: Patterns [/chatapp/{id}, /health-check/{service}, /service-info/{service}, /info, /chatapp/{id}/{eventID}, /chatapp] in 'simpleUrlHandlerMapping'
2024-11-06 23:36:29,219 WARN  [http-nio-auto-1-exec-1] PageNotFound: No mapping for GET /realtimedata/info
2024-11-06 23:36:29,221 DEBUG [http-nio-auto-1-exec-1] MultipleMessageSource: No properties file found for [classpath*:messages]
2024-11-06 23:36:29,222 DEBUG [http-nio-auto-1-exec-1] MultipleMessageSource: Loading properties [messages_en.properties]
2024-11-06 23:36:29,222 DEBUG [http-nio-auto-1-exec-1] MultipleMessageSource: Loading properties [messages_en.properties]
2024-11-06 23:36:29,222 DEBUG [http-nio-auto-1-exec-1] MultipleMessageSource: Loading properties [messages_en.properties]
2024-11-06 23:36:29,222 DEBUG [http-nio-auto-1-exec-1] MultipleMessageSource: Loading properties [messages_en_US.properties]
2024-11-06 23:36:29,222 DEBUG [http-nio-auto-1-exec-1] MultipleMessageSource: Loading properties [messages_en_US.properties]
2024-11-06 23:36:29,222 DEBUG [http-nio-auto-1-exec-1] MultipleMessageSource: Loading properties [messages_en_US.properties]
2024-11-06 23:36:29,222 DEBUG [http-nio-auto-1-exec-1] MultipleMessageSource: No properties file found for [classpath*:messages_en]
2024-11-06 23:36:29,222 DEBUG [http-nio-auto-1-exec-1] MultipleMessageSource: No properties file found for [classpath*:messages_en_US]
2024-11-06 23:36:29,235 ERROR [main] SockJsClient: Initial SockJS "Info" request to server failed, url=ws://localhost:51966/realtimedata
org.springframework.web.client.HttpClientErrorException$NotFound: 404 : "{"type":"about:blank","title":"Not Found","status":404,"detail":"No endpoint GET /realtimedata/info.","instance":"/realtimedata/info"}"
	at org.springframework.web.client.HttpClientErrorException.create(HttpClientErrorException.java:112)
	at org.springframework.web.client.DefaultResponseErrorHandler.handleError(DefaultResponseErrorHandler.java:183)
	at org.springframework.web.client.DefaultResponseErrorHandler.handleError(DefaultResponseErrorHandler.java:137)
	at org.springframework.web.client.ResponseErrorHandler.handleError(ResponseErrorHandler.java:63)
	at org.springframework.web.client.RestTemplate.handleResponse(RestTemplate.java:942)
	at org.springframework.web.client.RestTemplate.doExecute(RestTemplate.java:891)
	at org.springframework.web.client.RestTemplate.execute(RestTemplate.java:830)
	at org.springframework.web.socket.sockjs.client.RestTemplateXhrTransport.executeInfoRequestInternal(RestTemplateXhrTransport.java:138)
	at org.springframework.web.socket.sockjs.client.AbstractXhrTransport.executeInfoRequest(AbstractXhrTransport.java:134)
	at org.springframework.web.socket.sockjs.client.SockJsClient.getServerInfo(SockJsClient.java:293)
	at org.springframework.web.socket.sockjs.client.SockJsClient.execute(SockJsClient.java:247)
	at org.springframework.web.socket.messaging.WebSocketStompClient.connectAsync(WebSocketStompClient.java:353)
	at org.springframework.web.socket.messaging.WebSocketStompClient.connectAsync(WebSocketStompClient.java:312)
	at org.springframework.web.socket.messaging.WebSocketStompClient.connectAsync(WebSocketStompClient.java:269)
	at org.springframework.web.socket.messaging.WebSocketStompClient.connectAsync(WebSocketStompClient.java:232)
	at org.springframework.web.socket.messaging.WebSocketStompClient.connect(WebSocketStompClient.java:218)
	at com.sod.doc.chatapp.WebSocketIntegrationTest.shouldReceiveAMessageFromTheServer(WebSocketIntegrationTest.java:47)
	at java.base/jdk.internal.reflect.DirectMethodHandleAccessor.invoke(DirectMethodHandleAccessor.java:103)
	at java.base/java.lang.reflect.Method.invoke(Method.java:580)
	at org.junit.platform.commons.util.ReflectionUtils.invokeMethod(ReflectionUtils.java:728)
	at org.junit.jupiter.engine.execution.MethodInvocation.proceed(MethodInvocation.java:60)
	at org.junit.jupiter.engine.execution.InvocationInterceptorChain$ValidatingInvocation.proceed(InvocationInterceptorChain.java:131)
	at org.junit.jupiter.engine.extension.TimeoutExtension.intercept(TimeoutExtension.java:156)
	at org.junit.jupiter.engine.extension.TimeoutExtension.interceptTestableMethod(TimeoutExtension.java:147)
	at org.junit.jupiter.engine.extension.TimeoutExtension.interceptTestMethod(TimeoutExtension.java:86)
	at org.junit.jupiter.engine.execution.InterceptingExecutableInvoker$ReflectiveInterceptorCall.lambda$ofVoidMethod$0(InterceptingExecutableInvoker.java:103)
	at org.junit.jupiter.engine.execution.InterceptingExecutableInvoker.lambda$invoke$0(InterceptingExecutableInvoker.java:93)
	at org.junit.jupiter.engine.execution.InvocationInterceptorChain$InterceptedInvocation.proceed(InvocationInterceptorChain.java:106)
	at org.junit.jupiter.engine.execution.InvocationInterceptorChain.proceed(InvocationInterceptorChain.java:64)
	at org.junit.jupiter.engine.execution.InvocationInterceptorChain.chainAndInvoke(InvocationInterceptorChain.java:45)
	at org.junit.jupiter.engine.execution.InvocationInterceptorChain.invoke(InvocationInterceptorChain.java:37)
	at org.junit.jupiter.engine.execution.InterceptingExecutableInvoker.invoke(InterceptingExecutableInvoker.java:92)
	at org.junit.jupiter.engine.execution.InterceptingExecutableInvoker.invoke(InterceptingExecutableInvoker.java:86)
	at org.junit.jupiter.engine.descriptor.TestMethodTestDescriptor.lambda$invokeTestMethod$7(TestMethodTestDescriptor.java:218)
	at org.junit.platform.engine.support.hierarchical.ThrowableCollector.execute(ThrowableCollector.java:73)
	at org.junit.jupiter.engine.descriptor.TestMethodTestDescriptor.invokeTestMethod(TestMethodTestDescriptor.java:214)
	at org.junit.jupiter.engine.descriptor.TestMethodTestDescriptor.execute(TestMethodTestDescriptor.java:139)
	at org.junit.jupiter.engine.descriptor.TestMethodTestDescriptor.execute(TestMethodTestDescriptor.java:69)
	at org.junit.platform.engine.support.hierarchical.NodeTestTask.lambda$executeRecursively$6(NodeTestTask.java:151)
	at org.junit.platform.engine.support.hierarchical.ThrowableCollector.execute(ThrowableCollector.java:73)
	at org.junit.platform.engine.support.hierarchical.NodeTestTask.lambda$executeRecursively$8(NodeTestTask.java:141)
	at org.junit.platform.engine.support.hierarchical.Node.around(Node.java:137)
	at org.junit.platform.engine.support.hierarchical.NodeTestTask.lambda$executeRecursively$9(NodeTestTask.java:139)
	at org.junit.platform.engine.support.hierarchical.ThrowableCollector.execute(ThrowableCollector.java:73)
	at org.junit.platform.engine.support.hierarchical.NodeTestTask.executeRecursively(NodeTestTask.java:138)
	at org.junit.platform.engine.support.hierarchical.NodeTestTask.execute(NodeTestTask.java:95)
	at java.base/java.util.ArrayList.forEach(ArrayList.java:1597)
	at org.junit.platform.engine.support.hierarchical.SameThreadHierarchicalTestExecutorService.invokeAll(SameThreadHierarchicalTestExecutorService.java:41)
	at org.junit.platform.engine.support.hierarchical.NodeTestTask.lambda$executeRecursively$6(NodeTestTask.java:155)
	at org.junit.platform.engine.support.hierarchical.ThrowableCollector.execute(ThrowableCollector.java:73)
	at org.junit.platform.engine.support.hierarchical.NodeTestTask.lambda$executeRecursively$8(NodeTestTask.java:141)
	at org.junit.platform.engine.support.hierarchical.Node.around(Node.java:137)
	at org.junit.platform.engine.support.hierarchical.NodeTestTask.lambda$executeRecursively$9(NodeTestTask.java:139)
	at org.junit.platform.engine.support.hierarchical.ThrowableCollector.execute(ThrowableCollector.java:73)
	at org.junit.platform.engine.support.hierarchical.NodeTestTask.executeRecursively(NodeTestTask.java:138)
	at org.junit.platform.engine.support.hierarchical.NodeTestTask.execute(NodeTestTask.java:95)
	at java.base/java.util.ArrayList.forEach(ArrayList.java:1597)
	at org.junit.platform.engine.support.hierarchical.SameThreadHierarchicalTestExecutorService.invokeAll(SameThreadHierarchicalTestExecutorService.java:41)
	at org.junit.platform.engine.support.hierarchical.NodeTestTask.lambda$executeRecursively$6(NodeTestTask.java:155)
	at org.junit.platform.engine.support.hierarchical.ThrowableCollector.execute(ThrowableCollector.java:73)
	at org.junit.platform.engine.support.hierarchical.NodeTestTask.lambda$executeRecursively$8(NodeTestTask.java:141)
	at org.junit.platform.engine.support.hierarchical.Node.around(Node.java:137)
	at org.junit.platform.engine.support.hierarchical.NodeTestTask.lambda$executeRecursively$9(NodeTestTask.java:139)
	at org.junit.platform.engine.support.hierarchical.ThrowableCollector.execute(ThrowableCollector.java:73)
	at org.junit.platform.engine.support.hierarchical.NodeTestTask.executeRecursively(NodeTestTask.java:138)
	at org.junit.platform.engine.support.hierarchical.NodeTestTask.execute(NodeTestTask.java:95)
	at org.junit.platform.engine.support.hierarchical.SameThreadHierarchicalTestExecutorService.submit(SameThreadHierarchicalTestExecutorService.java:35)
	at org.junit.platform.engine.support.hierarchical.HierarchicalTestExecutor.execute(HierarchicalTestExecutor.java:57)
	at org.junit.platform.engine.support.hierarchical.HierarchicalTestEngine.execute(HierarchicalTestEngine.java:54)
	at org.junit.platform.launcher.core.EngineExecutionOrchestrator.execute(EngineExecutionOrchestrator.java:198)
	at org.junit.platform.launcher.core.EngineExecutionOrchestrator.execute(EngineExecutionOrchestrator.java:169)
	at org.junit.platform.launcher.core.EngineExecutionOrchestrator.execute(EngineExecutionOrchestrator.java:93)
	at org.junit.platform.launcher.core.EngineExecutionOrchestrator.lambda$execute$0(EngineExecutionOrchestrator.java:58)
	at org.junit.platform.launcher.core.EngineExecutionOrchestrator.withInterceptedStreams(EngineExecutionOrchestrator.java:141)
	at org.junit.platform.launcher.core.EngineExecutionOrchestrator.execute(EngineExecutionOrchestrator.java:57)
	at org.junit.platform.launcher.core.DefaultLauncher.execute(DefaultLauncher.java:103)
	at org.junit.platform.launcher.core.DefaultLauncher.execute(DefaultLauncher.java:85)
	at org.junit.platform.launcher.core.DelegatingLauncher.execute(DelegatingLauncher.java:47)
	at org.junit.platform.launcher.core.SessionPerRequestLauncher.execute(SessionPerRequestLauncher.java:63)
	at com.intellij.junit5.JUnit5IdeaTestRunner.startRunnerWithArgs(JUnit5IdeaTestRunner.java:57)
	at com.intellij.rt.junit.IdeaTestRunner$Repeater$1.execute(IdeaTestRunner.java:38)
	at com.intellij.rt.execution.junit.TestsRepeater.repeat(TestsRepeater.java:11)
	at com.intellij.rt.junit.IdeaTestRunner$Repeater.startRunnerWithArgs(IdeaTestRunner.java:35)
	at com.intellij.rt.junit.JUnitStarter.prepareStreamsAndStart(JUnitStarter.java:232)
	at com.intellij.rt.junit.JUnitStarter.main(JUnitStarter.java:55)
2024-11-06 23:37:14,075 INFO  [main] WebSocketIntegrationTest: Starting WebSocketIntegrationTest using Java 22.0.2 with PID 2003 (started by premkumar in /Users/premkumar/LinkerSod/chatapp/chatapp-service)
2024-11-06 23:37:14,076 INFO  [main] WebSocketIntegrationTest: No active profile set, falling back to 1 default profile: "default"
2024-11-06 23:37:15,392 WARN  [main] JpaBaseConfiguration$JpaWebConfiguration: spring.jpa.open-in-view is enabled by default. Therefore, database queries may be performed during view rendering. Explicitly configure spring.jpa.open-in-view to disable this warning
2024-11-06 23:37:15,884 INFO  [main] WebSocketIntegrationTest: Started WebSocketIntegrationTest in 1.906 seconds (process running for 2.367)
2024-11-06 23:37:15,888 DEBUG [main] HttpModuleBuilder: Patterns [/chatapp/{id}, /health-check/{service}, /service-info/{service}, /info, /chatapp/{id}/{eventID}, /chatapp] in 'simpleUrlHandlerMapping'
2024-11-06 23:37:42,033 INFO  [main] WebSocketIntegrationTest: Starting WebSocketIntegrationTest using Java 22.0.2 with PID 2011 (started by premkumar in /Users/premkumar/LinkerSod/chatapp/chatapp-service)
2024-11-06 23:37:42,034 INFO  [main] WebSocketIntegrationTest: No active profile set, falling back to 1 default profile: "default"
2024-11-06 23:37:43,370 WARN  [main] JpaBaseConfiguration$JpaWebConfiguration: spring.jpa.open-in-view is enabled by default. Therefore, database queries may be performed during view rendering. Explicitly configure spring.jpa.open-in-view to disable this warning
2024-11-06 23:37:43,802 INFO  [main] WebSocketIntegrationTest: Started WebSocketIntegrationTest in 1.871 seconds (process running for 2.345)
2024-11-06 23:37:43,806 DEBUG [main] HttpModuleBuilder: Patterns [/chatapp/{id}, /health-check/{service}, /service-info/{service}, /info, /chatapp/{id}/{eventID}, /chatapp] in 'simpleUrlHandlerMapping'
2024-11-06 23:38:11,366 INFO  [main] WebSocketIntegrationTest: Starting WebSocketIntegrationTest using Java 22.0.2 with PID 2021 (started by premkumar in /Users/premkumar/LinkerSod/chatapp/chatapp-service)
2024-11-06 23:38:11,367 INFO  [main] WebSocketIntegrationTest: No active profile set, falling back to 1 default profile: "default"
2024-11-06 23:38:12,638 WARN  [main] JpaBaseConfiguration$JpaWebConfiguration: spring.jpa.open-in-view is enabled by default. Therefore, database queries may be performed during view rendering. Explicitly configure spring.jpa.open-in-view to disable this warning
2024-11-06 23:38:13,017 INFO  [main] WebSocketIntegrationTest: Started WebSocketIntegrationTest in 1.744 seconds (process running for 2.203)
2024-11-06 23:38:13,020 DEBUG [main] HttpModuleBuilder: Patterns [/chatapp/{id}, /health-check/{service}, /service-info/{service}, /info, /chatapp/{id}/{eventID}, /chatapp] in 'simpleUrlHandlerMapping'
2024-11-06 23:39:00,682 INFO  [main] WebSocketIntegrationTest: Starting WebSocketIntegrationTest using Java 22.0.2 with PID 2032 (started by premkumar in /Users/premkumar/LinkerSod/chatapp/chatapp-service)
2024-11-06 23:39:00,683 INFO  [main] WebSocketIntegrationTest: No active profile set, falling back to 1 default profile: "default"
2024-11-06 23:39:03,468 WARN  [main] JpaBaseConfiguration$JpaWebConfiguration: spring.jpa.open-in-view is enabled by default. Therefore, database queries may be performed during view rendering. Explicitly configure spring.jpa.open-in-view to disable this warning
2024-11-06 23:39:04,439 INFO  [main] WebSocketIntegrationTest: Started WebSocketIntegrationTest in 3.973 seconds (process running for 5.367)
2024-11-06 23:39:04,446 DEBUG [main] HttpModuleBuilder: Patterns [/chatapp/{id}, /health-check/{service}, /service-info/{service}, /info, /chatapp/{id}/{eventID}, /chatapp] in 'simpleUrlHandlerMapping'
2024-11-06 23:40:07,918 INFO  [main] WebSocketIntegrationTest: Starting WebSocketIntegrationTest using Java 22.0.2 with PID 2052 (started by premkumar in /Users/premkumar/LinkerSod/chatapp/chatapp-service)
2024-11-06 23:40:07,919 INFO  [main] WebSocketIntegrationTest: No active profile set, falling back to 1 default profile: "default"
2024-11-06 23:40:10,541 WARN  [main] JpaBaseConfiguration$JpaWebConfiguration: spring.jpa.open-in-view is enabled by default. Therefore, database queries may be performed during view rendering. Explicitly configure spring.jpa.open-in-view to disable this warning
2024-11-06 23:40:11,518 INFO  [main] WebSocketIntegrationTest: Started WebSocketIntegrationTest in 3.833 seconds (process running for 4.951)
2024-11-06 23:40:11,525 DEBUG [main] HttpModuleBuilder: Patterns [/chatapp/{id}, /health-check/{service}, /service-info/{service}, /info, /chatapp/{id}/{eventID}, /chatapp] in 'simpleUrlHandlerMapping'
2024-11-06 23:40:44,723 INFO  [main] WebSocketIntegrationTest: Starting WebSocketIntegrationTest using Java 22.0.2 with PID 2061 (started by premkumar in /Users/premkumar/LinkerSod/chatapp/chatapp-service)
2024-11-06 23:40:44,724 INFO  [main] WebSocketIntegrationTest: No active profile set, falling back to 1 default profile: "default"
2024-11-06 23:40:46,073 WARN  [main] JpaBaseConfiguration$JpaWebConfiguration: spring.jpa.open-in-view is enabled by default. Therefore, database queries may be performed during view rendering. Explicitly configure spring.jpa.open-in-view to disable this warning
2024-11-06 23:40:46,487 INFO  [main] WebSocketIntegrationTest: Started WebSocketIntegrationTest in 1.867 seconds (process running for 2.352)
2024-11-06 23:40:46,490 DEBUG [main] HttpModuleBuilder: Patterns [/chatapp/{id}, /health-check/{service}, /service-info/{service}, /info, /chatapp/{id}/{eventID}, /chatapp] in 'simpleUrlHandlerMapping'
2024-11-06 23:42:16,993 INFO  [main] WebSocketIntegrationTest: Starting WebSocketIntegrationTest using Java 22.0.2 with PID 2083 (started by premkumar in /Users/premkumar/LinkerSod/chatapp/chatapp-service)
2024-11-06 23:42:16,994 INFO  [main] WebSocketIntegrationTest: No active profile set, falling back to 1 default profile: "default"
2024-11-06 23:42:18,336 WARN  [main] JpaBaseConfiguration$JpaWebConfiguration: spring.jpa.open-in-view is enabled by default. Therefore, database queries may be performed during view rendering. Explicitly configure spring.jpa.open-in-view to disable this warning
2024-11-06 23:42:18,768 INFO  [main] WebSocketIntegrationTest: Started WebSocketIntegrationTest in 1.873 seconds (process running for 2.345)
2024-11-06 23:42:18,772 DEBUG [main] HttpModuleBuilder: Patterns [/chatapp/{id}, /health-check/{service}, /service-info/{service}, /info, /chatapp/{id}/{eventID}, /chatapp] in 'simpleUrlHandlerMapping'
2024-11-06 23:42:30,949 INFO  [main] WebSocketIntegrationTest: Starting WebSocketIntegrationTest using Java 22.0.2 with PID 2090 (started by premkumar in /Users/premkumar/LinkerSod/chatapp/chatapp-service)
2024-11-06 23:42:30,950 INFO  [main] WebSocketIntegrationTest: No active profile set, falling back to 1 default profile: "default"
2024-11-06 23:42:32,269 WARN  [main] JpaBaseConfiguration$JpaWebConfiguration: spring.jpa.open-in-view is enabled by default. Therefore, database queries may be performed during view rendering. Explicitly configure spring.jpa.open-in-view to disable this warning
2024-11-06 23:42:32,681 INFO  [main] WebSocketIntegrationTest: Started WebSocketIntegrationTest in 1.835 seconds (process running for 2.312)
2024-11-06 23:42:32,684 DEBUG [main] HttpModuleBuilder: Patterns [/chatapp/{id}, /health-check/{service}, /service-info/{service}, /info, /chatapp/{id}/{eventID}, /chatapp] in 'simpleUrlHandlerMapping'
2024-11-06 23:42:55,589 INFO  [main] WebSocketIntegrationTest: Starting WebSocketIntegrationTest using Java 22.0.2 with PID 2099 (started by premkumar in /Users/premkumar/LinkerSod/chatapp/chatapp-service)
2024-11-06 23:42:55,590 INFO  [main] WebSocketIntegrationTest: No active profile set, falling back to 1 default profile: "default"
2024-11-06 23:42:58,107 WARN  [main] JpaBaseConfiguration$JpaWebConfiguration: spring.jpa.open-in-view is enabled by default. Therefore, database queries may be performed during view rendering. Explicitly configure spring.jpa.open-in-view to disable this warning
2024-11-06 23:42:59,078 INFO  [main] WebSocketIntegrationTest: Started WebSocketIntegrationTest in 3.687 seconds (process running for 4.647)
2024-11-06 23:42:59,085 DEBUG [main] HttpModuleBuilder: Patterns [/chatapp/{id}, /health-check/{service}, /service-info/{service}, /info, /chatapp/{id}/{eventID}, /chatapp] in 'simpleUrlHandlerMapping'
2024-11-06 23:45:44,495 WARN  [Hikari housekeeper] HikariPool: Hikari - Thread starvation or clock leap detected (housekeeper delta=2m47s504ms).
2024-11-06 23:45:47,414 INFO  [main] WebSocketIntegrationTest: Starting WebSocketIntegrationTest using Java 22.0.2 with PID 2142 (started by premkumar in /Users/premkumar/LinkerSod/chatapp/chatapp-service)
2024-11-06 23:45:47,415 INFO  [main] WebSocketIntegrationTest: No active profile set, falling back to 1 default profile: "default"
2024-11-06 23:45:49,827 WARN  [main] JpaBaseConfiguration$JpaWebConfiguration: spring.jpa.open-in-view is enabled by default. Therefore, database queries may be performed during view rendering. Explicitly configure spring.jpa.open-in-view to disable this warning
2024-11-06 23:45:50,774 INFO  [main] WebSocketIntegrationTest: Started WebSocketIntegrationTest in 3.55 seconds (process running for 4.399)
2024-11-06 23:45:50,782 DEBUG [main] HttpModuleBuilder: Patterns [/chatapp/{id}, /health-check/{service}, /service-info/{service}, /info, /chatapp/{id}/{eventID}, /chatapp] in 'simpleUrlHandlerMapping'
2024-11-06 23:53:16,411 INFO  [main] WebSocketIntegrationTest: Starting WebSocketIntegrationTest using Java 22.0.2 with PID 2223 (started by premkumar in /Users/premkumar/LinkerSod/chatapp/chatapp-service)
2024-11-06 23:53:16,411 INFO  [main] WebSocketIntegrationTest: No active profile set, falling back to 1 default profile: "default"
2024-11-06 23:53:17,723 WARN  [main] JpaBaseConfiguration$JpaWebConfiguration: spring.jpa.open-in-view is enabled by default. Therefore, database queries may be performed during view rendering. Explicitly configure spring.jpa.open-in-view to disable this warning
2024-11-06 23:53:18,122 INFO  [main] WebSocketIntegrationTest: Started WebSocketIntegrationTest in 1.815 seconds (process running for 2.283)
2024-11-06 23:53:18,126 DEBUG [main] HttpModuleBuilder: Patterns [/chatapp/{id}, /health-check/{service}, /service-info/{service}, /info, /chatapp/{id}/{eventID}, /chatapp] in 'simpleUrlHandlerMapping'
2024-11-06 23:54:10,142 INFO  [main] WebSocketIntegrationTest: Starting WebSocketIntegrationTest using Java 22.0.2 with PID 2234 (started by premkumar in /Users/premkumar/LinkerSod/chatapp/chatapp-service)
2024-11-06 23:54:10,143 INFO  [main] WebSocketIntegrationTest: No active profile set, falling back to 1 default profile: "default"
2024-11-06 23:54:11,452 WARN  [main] JpaBaseConfiguration$JpaWebConfiguration: spring.jpa.open-in-view is enabled by default. Therefore, database queries may be performed during view rendering. Explicitly configure spring.jpa.open-in-view to disable this warning
2024-11-06 23:54:11,890 INFO  [main] WebSocketIntegrationTest: Started WebSocketIntegrationTest in 1.851 seconds (process running for 2.316)
2024-11-06 23:54:11,894 DEBUG [main] HttpModuleBuilder: Patterns [/chatapp/{id}, /health-check/{service}, /service-info/{service}, /info, /chatapp/{id}/{eventID}, /chatapp] in 'simpleUrlHandlerMapping'
2024-11-06 23:54:31,524 INFO  [main] WebSocketIntegrationTest: Starting WebSocketIntegrationTest using Java 22.0.2 with PID 2244 (started by premkumar in /Users/premkumar/LinkerSod/chatapp/chatapp-service)
2024-11-06 23:54:31,525 INFO  [main] WebSocketIntegrationTest: No active profile set, falling back to 1 default profile: "default"
2024-11-06 23:54:34,008 WARN  [main] JpaBaseConfiguration$JpaWebConfiguration: spring.jpa.open-in-view is enabled by default. Therefore, database queries may be performed during view rendering. Explicitly configure spring.jpa.open-in-view to disable this warning
2024-11-06 23:54:35,014 INFO  [main] WebSocketIntegrationTest: Started WebSocketIntegrationTest in 3.686 seconds (process running for 4.668)
2024-11-06 23:54:35,022 DEBUG [main] HttpModuleBuilder: Patterns [/chatapp/{id}, /health-check/{service}, /service-info/{service}, /info, /chatapp/{id}/{eventID}, /chatapp] in 'simpleUrlHandlerMapping'
2024-11-06 23:55:31,375 WARN  [Hikari housekeeper] HikariPool: Hikari - Thread starvation or clock leap detected (housekeeper delta=58s467ms).
