2024-11-07 00:03:15,175 INFO  [main] WebSocketBroadcastIntegrationTest: Starting WebSocketBroadcastIntegrationTest using Java 22.0.2 with PID 2377 (started by premkumar in /Users/premkumar/LinkerSod/chatapp/chatapp-service)
2024-11-07 00:03:15,176 INFO  [main] WebSocketBroadcastIntegrationTest: No active profile set, falling back to 1 default profile: "default"
2024-11-07 00:03:16,508 WARN  [main] JpaBaseConfiguration$JpaWebConfiguration: spring.jpa.open-in-view is enabled by default. Therefore, database queries may be performed during view rendering. Explicitly configure spring.jpa.open-in-view to disable this warning
2024-11-07 00:03:16,908 INFO  [main] WebSocketBroadcastIntegrationTest: Started WebSocketBroadcastIntegrationTest in 1.836 seconds (process running for 2.32)
2024-11-07 00:03:16,912 DEBUG [main] HttpModuleBuilder: Patterns [/chatapp/{id}, /health-check/{service}, /service-info/{service}, /info, /chatapp/{id}/{eventID}, /chatapp] in 'simpleUrlHandlerMapping'
2024-11-07 00:03:48,476 INFO  [main] WebSocketBroadcastIntegrationTest: Starting WebSocketBroadcastIntegrationTest using Java 22.0.2 with PID 2386 (started by premkumar in /Users/premkumar/LinkerSod/chatapp/chatapp-service)
2024-11-07 00:03:48,477 INFO  [main] WebSocketBroadcastIntegrationTest: No active profile set, falling back to 1 default profile: "default"
2024-11-07 00:03:49,708 WARN  [main] JpaBaseConfiguration$JpaWebConfiguration: spring.jpa.open-in-view is enabled by default. Therefore, database queries may be performed during view rendering. Explicitly configure spring.jpa.open-in-view to disable this warning
2024-11-07 00:03:50,095 INFO  [main] WebSocketBroadcastIntegrationTest: Started WebSocketBroadcastIntegrationTest in 1.712 seconds (process running for 2.172)
2024-11-07 00:03:50,100 DEBUG [main] HttpModuleBuilder: Patterns [/chatapp/{id}, /health-check/{service}, /service-info/{service}, /info, /chatapp/{id}/{eventID}, /chatapp] in 'simpleUrlHandlerMapping'
2024-11-07 00:04:08,059 INFO  [main] WebSocketBroadcastIntegrationTest: Starting WebSocketBroadcastIntegrationTest using Java 22.0.2 with PID 2397 (started by premkumar in /Users/premkumar/LinkerSod/chatapp/chatapp-service)
2024-11-07 00:04:08,061 INFO  [main] WebSocketBroadcastIntegrationTest: No active profile set, falling back to 1 default profile: "default"
2024-11-07 00:04:09,379 WARN  [main] JpaBaseConfiguration$JpaWebConfiguration: spring.jpa.open-in-view is enabled by default. Therefore, database queries may be performed during view rendering. Explicitly configure spring.jpa.open-in-view to disable this warning
2024-11-07 00:04:09,786 INFO  [main] WebSocketBroadcastIntegrationTest: Started WebSocketBroadcastIntegrationTest in 1.829 seconds (process running for 2.289)
2024-11-07 00:04:09,793 DEBUG [main] HttpModuleBuilder: Patterns [/chatapp/{id}, /health-check/{service}, /service-info/{service}, /info, /chatapp/{id}/{eventID}, /chatapp] in 'simpleUrlHandlerMapping'
2024-11-07 00:04:52,735 INFO  [main] WebSocketBroadcastIntegrationTest: Starting WebSocketBroadcastIntegrationTest using Java 22.0.2 with PID 2412 (started by premkumar in /Users/premkumar/LinkerSod/chatapp/chatapp-service)
2024-11-07 00:04:52,735 INFO  [main] WebSocketBroadcastIntegrationTest: No active profile set, falling back to 1 default profile: "default"
2024-11-07 00:04:53,937 WARN  [main] JpaBaseConfiguration$JpaWebConfiguration: spring.jpa.open-in-view is enabled by default. Therefore, database queries may be performed during view rendering. Explicitly configure spring.jpa.open-in-view to disable this warning
2024-11-07 00:04:54,313 INFO  [main] WebSocketBroadcastIntegrationTest: Started WebSocketBroadcastIntegrationTest in 1.675 seconds (process running for 2.099)
2024-11-07 00:04:54,316 DEBUG [main] HttpModuleBuilder: Patterns [/chatapp/{id}, /health-check/{service}, /service-info/{service}, /info, /chatapp/{id}/{eventID}, /chatapp] in 'simpleUrlHandlerMapping'
2024-11-07 00:08:25,236 INFO  [main] WebSocketTwoClientsIntegrationTest: Starting WebSocketTwoClientsIntegrationTest using Java 22.0.2 with PID 2447 (started by premkumar in /Users/premkumar/LinkerSod/chatapp/chatapp-service)
2024-11-07 00:08:25,237 INFO  [main] WebSocketTwoClientsIntegrationTest: No active profile set, falling back to 1 default profile: "default"
2024-11-07 00:08:26,527 WARN  [main] JpaBaseConfiguration$JpaWebConfiguration: spring.jpa.open-in-view is enabled by default. Therefore, database queries may be performed during view rendering. Explicitly configure spring.jpa.open-in-view to disable this warning
2024-11-07 00:08:26,958 INFO  [main] WebSocketTwoClientsIntegrationTest: Started WebSocketTwoClientsIntegrationTest in 1.825 seconds (process running for 2.324)
2024-11-07 00:08:26,961 DEBUG [main] HttpModuleBuilder: Patterns [/chatapp/{id}, /health-check/{service}, /service-info/{service}, /info, /chatapp/{id}/{eventID}, /chatapp] in 'simpleUrlHandlerMapping'
2024-11-07 00:09:17,536 INFO  [main] WebSocketTwoClientsIntegrationTest: Starting WebSocketTwoClientsIntegrationTest using Java 22.0.2 with PID 2461 (started by premkumar in /Users/premkumar/LinkerSod/chatapp/chatapp-service)
2024-11-07 00:09:17,537 INFO  [main] WebSocketTwoClientsIntegrationTest: No active profile set, falling back to 1 default profile: "default"
2024-11-07 00:09:20,038 WARN  [main] JpaBaseConfiguration$JpaWebConfiguration: spring.jpa.open-in-view is enabled by default. Therefore, database queries may be performed during view rendering. Explicitly configure spring.jpa.open-in-view to disable this warning
2024-11-07 00:09:21,045 INFO  [main] WebSocketTwoClientsIntegrationTest: Started WebSocketTwoClientsIntegrationTest in 3.714 seconds (process running for 4.78)
2024-11-07 00:09:21,052 DEBUG [main] HttpModuleBuilder: Patterns [/chatapp/{id}, /health-check/{service}, /service-info/{service}, /info, /chatapp/{id}/{eventID}, /chatapp] in 'simpleUrlHandlerMapping'
2024-11-07 00:10:30,518 INFO  [main] WebSocketTwoClientsIntegrationTest: Starting WebSocketTwoClientsIntegrationTest using Java 22.0.2 with PID 2477 (started by premkumar in /Users/premkumar/LinkerSod/chatapp/chatapp-service)
2024-11-07 00:10:30,519 INFO  [main] WebSocketTwoClientsIntegrationTest: No active profile set, falling back to 1 default profile: "default"
2024-11-07 00:10:31,782 WARN  [main] JpaBaseConfiguration$JpaWebConfiguration: spring.jpa.open-in-view is enabled by default. Therefore, database queries may be performed during view rendering. Explicitly configure spring.jpa.open-in-view to disable this warning
2024-11-07 00:10:32,180 INFO  [main] WebSocketTwoClientsIntegrationTest: Started WebSocketTwoClientsIntegrationTest in 1.755 seconds (process running for 2.201)
2024-11-07 00:10:32,184 DEBUG [main] HttpModuleBuilder: Patterns [/chatapp/{id}, /health-check/{service}, /service-info/{service}, /info, /chatapp/{id}/{eventID}, /chatapp] in 'simpleUrlHandlerMapping'
2024-11-07 00:11:01,215 INFO  [main] WebSocketTwoClientsIntegrationTest: Starting WebSocketTwoClientsIntegrationTest using Java 22.0.2 with PID 2485 (started by premkumar in /Users/premkumar/LinkerSod/chatapp/chatapp-service)
2024-11-07 00:11:01,216 INFO  [main] WebSocketTwoClientsIntegrationTest: No active profile set, falling back to 1 default profile: "default"
2024-11-07 00:11:02,523 WARN  [main] JpaBaseConfiguration$JpaWebConfiguration: spring.jpa.open-in-view is enabled by default. Therefore, database queries may be performed during view rendering. Explicitly configure spring.jpa.open-in-view to disable this warning
2024-11-07 00:11:02,926 INFO  [main] WebSocketTwoClientsIntegrationTest: Started WebSocketTwoClientsIntegrationTest in 1.812 seconds (process running for 2.267)
2024-11-07 00:11:02,930 DEBUG [main] HttpModuleBuilder: Patterns [/chatapp/{id}, /health-check/{service}, /service-info/{service}, /info, /chatapp/{id}/{eventID}, /chatapp] in 'simpleUrlHandlerMapping'
2024-11-07 00:12:19,755 INFO  [main] WebSocketTwoClientsIntegrationTest: Starting WebSocketTwoClientsIntegrationTest using Java 22.0.2 with PID 2494 (started by premkumar in /Users/premkumar/LinkerSod/chatapp/chatapp-service)
2024-11-07 00:12:19,756 INFO  [main] WebSocketTwoClientsIntegrationTest: No active profile set, falling back to 1 default profile: "default"
2024-11-07 00:12:22,239 WARN  [main] JpaBaseConfiguration$JpaWebConfiguration: spring.jpa.open-in-view is enabled by default. Therefore, database queries may be performed during view rendering. Explicitly configure spring.jpa.open-in-view to disable this warning
2024-11-07 00:12:23,215 INFO  [main] WebSocketTwoClientsIntegrationTest: Started WebSocketTwoClientsIntegrationTest in 3.648 seconds (process running for 4.692)
2024-11-07 00:12:23,222 DEBUG [main] HttpModuleBuilder: Patterns [/chatapp/{id}, /health-check/{service}, /service-info/{service}, /info, /chatapp/{id}/{eventID}, /chatapp] in 'simpleUrlHandlerMapping'
2024-11-07 00:44:46,208 INFO  [main] WebSocketTwoClientsIntegrationTest: Starting WebSocketTwoClientsIntegrationTest using Java 22.0.2 with PID 2923 (started by premkumar in /Users/premkumar/LinkerSod/chatapp/chatapp-service)
2024-11-07 00:44:46,209 INFO  [main] WebSocketTwoClientsIntegrationTest: No active profile set, falling back to 1 default profile: "default"
2024-11-07 00:44:47,548 WARN  [main] JpaBaseConfiguration$JpaWebConfiguration: spring.jpa.open-in-view is enabled by default. Therefore, database queries may be performed during view rendering. Explicitly configure spring.jpa.open-in-view to disable this warning
2024-11-07 00:44:47,948 INFO  [main] WebSocketTwoClientsIntegrationTest: Started WebSocketTwoClientsIntegrationTest in 1.846 seconds (process running for 2.305)
2024-11-07 00:44:47,951 DEBUG [main] HttpModuleBuilder: Patterns [/chatapp/{id}, /health-check/{service}, /service-info/{service}, /info, /chatapp/{id}/{eventID}, /chatapp] in 'simpleUrlHandlerMapping'
2024-11-07 00:46:30,567 INFO  [main] WebSocketTwoClientsIntegrationTest: Starting WebSocketTwoClientsIntegrationTest using Java 22.0.2 with PID 2937 (started by premkumar in /Users/premkumar/LinkerSod/chatapp/chatapp-service)
2024-11-07 00:46:30,568 INFO  [main] WebSocketTwoClientsIntegrationTest: No active profile set, falling back to 1 default profile: "default"
2024-11-07 00:46:33,072 WARN  [main] JpaBaseConfiguration$JpaWebConfiguration: spring.jpa.open-in-view is enabled by default. Therefore, database queries may be performed during view rendering. Explicitly configure spring.jpa.open-in-view to disable this warning
2024-11-07 00:46:34,018 INFO  [main] WebSocketTwoClientsIntegrationTest: Started WebSocketTwoClientsIntegrationTest in 3.659 seconds (process running for 4.546)
2024-11-07 00:46:34,025 DEBUG [main] HttpModuleBuilder: Patterns [/chatapp/{id}, /health-check/{service}, /service-info/{service}, /info, /chatapp/{id}/{eventID}, /chatapp] in 'simpleUrlHandlerMapping'
2024-11-07 00:52:07,184 WARN  [Hikari housekeeper] HikariPool: Hikari - Thread starvation or clock leap detected (housekeeper delta=5m35s282ms).
2024-11-07 00:52:07,252 ERROR [main] SockJsClient: Initial SockJS "Info" request to server failed, url=ws://localhost:54386/realtimedata
org.springframework.web.client.ResourceAccessException: I/O error on GET request for "http://localhost:54386/realtimedata/info": Connection reset
	at org.springframework.web.client.RestTemplate.createResourceAccessException(RestTemplate.java:915)
	at org.springframework.web.client.RestTemplate.doExecute(RestTemplate.java:895)
	at org.springframework.web.client.RestTemplate.execute(RestTemplate.java:830)
	at org.springframework.web.socket.sockjs.client.RestTemplateXhrTransport.executeInfoRequestInternal(RestTemplateXhrTransport.java:138)
	at org.springframework.web.socket.sockjs.client.AbstractXhrTransport.executeInfoRequest(AbstractXhrTransport.java:134)
	at org.springframework.web.socket.sockjs.client.SockJsClient.getServerInfo(SockJsClient.java:293)
	at org.springframework.web.socket.sockjs.client.SockJsClient.execute(SockJsClient.java:247)
	at org.springframework.web.socket.messaging.WebSocketStompClient.connectAsync(WebSocketStompClient.java:353)
	at org.springframework.web.socket.messaging.WebSocketStompClient.connectAsync(WebSocketStompClient.java:312)
	at org.springframework.web.socket.messaging.WebSocketStompClient.connectAsync(WebSocketStompClient.java:269)
	at org.springframework.web.socket.messaging.WebSocketStompClient.connectAsync(WebSocketStompClient.java:232)
	at org.springframework.web.socket.messaging.WebSocketStompClient.connect(WebSocketStompClient.java:218)
	at com.sod.doc.chatapp.WebSocketTwoClientsIntegrationTest.setup(WebSocketTwoClientsIntegrationTest.java:44)
	at java.base/jdk.internal.reflect.DirectMethodHandleAccessor.invoke(DirectMethodHandleAccessor.java:103)
	at java.base/java.lang.reflect.Method.invoke(Method.java:580)
	at org.junit.platform.commons.util.ReflectionUtils.invokeMethod(ReflectionUtils.java:728)
	at org.junit.jupiter.engine.execution.MethodInvocation.proceed(MethodInvocation.java:60)
	at org.junit.jupiter.engine.execution.InvocationInterceptorChain$ValidatingInvocation.proceed(InvocationInterceptorChain.java:131)
	at org.junit.jupiter.engine.extension.TimeoutExtension.intercept(TimeoutExtension.java:156)
	at org.junit.jupiter.engine.extension.TimeoutExtension.interceptLifecycleMethod(TimeoutExtension.java:128)
	at org.junit.jupiter.engine.extension.TimeoutExtension.interceptBeforeEachMethod(TimeoutExtension.java:78)
	at org.junit.jupiter.engine.execution.InterceptingExecutableInvoker$ReflectiveInterceptorCall.lambda$ofVoidMethod$0(InterceptingExecutableInvoker.java:103)
	at org.junit.jupiter.engine.execution.InterceptingExecutableInvoker.lambda$invoke$0(InterceptingExecutableInvoker.java:93)
	at org.junit.jupiter.engine.execution.InvocationInterceptorChain$InterceptedInvocation.proceed(InvocationInterceptorChain.java:106)
	at org.junit.jupiter.engine.execution.InvocationInterceptorChain.proceed(InvocationInterceptorChain.java:64)
	at org.junit.jupiter.engine.execution.InvocationInterceptorChain.chainAndInvoke(InvocationInterceptorChain.java:45)
	at org.junit.jupiter.engine.execution.InvocationInterceptorChain.invoke(InvocationInterceptorChain.java:37)
	at org.junit.jupiter.engine.execution.InterceptingExecutableInvoker.invoke(InterceptingExecutableInvoker.java:92)
	at org.junit.jupiter.engine.execution.InterceptingExecutableInvoker.invoke(InterceptingExecutableInvoker.java:86)
	at org.junit.jupiter.engine.descriptor.ClassBasedTestDescriptor.invokeMethodInExtensionContext(ClassBasedTestDescriptor.java:521)
	at org.junit.jupiter.engine.descriptor.ClassBasedTestDescriptor.lambda$synthesizeBeforeEachMethodAdapter$23(ClassBasedTestDescriptor.java:506)
	at org.junit.jupiter.engine.descriptor.TestMethodTestDescriptor.lambda$invokeBeforeEachMethods$3(TestMethodTestDescriptor.java:175)
	at org.junit.jupiter.engine.descriptor.TestMethodTestDescriptor.lambda$invokeBeforeMethodsOrCallbacksUntilExceptionOccurs$6(TestMethodTestDescriptor.java:203)
	at org.junit.platform.engine.support.hierarchical.ThrowableCollector.execute(ThrowableCollector.java:73)
	at org.junit.jupiter.engine.descriptor.TestMethodTestDescriptor.invokeBeforeMethodsOrCallbacksUntilExceptionOccurs(TestMethodTestDescriptor.java:203)
	at org.junit.jupiter.engine.descriptor.TestMethodTestDescriptor.invokeBeforeEachMethods(TestMethodTestDescriptor.java:172)
	at org.junit.jupiter.engine.descriptor.TestMethodTestDescriptor.execute(TestMethodTestDescriptor.java:135)
	at org.junit.jupiter.engine.descriptor.TestMethodTestDescriptor.execute(TestMethodTestDescriptor.java:69)
	at org.junit.platform.engine.support.hierarchical.NodeTestTask.lambda$executeRecursively$6(NodeTestTask.java:151)
	at org.junit.platform.engine.support.hierarchical.ThrowableCollector.execute(ThrowableCollector.java:73)
	at org.junit.platform.engine.support.hierarchical.NodeTestTask.lambda$executeRecursively$8(NodeTestTask.java:141)
	at org.junit.platform.engine.support.hierarchical.Node.around(Node.java:137)
	at org.junit.platform.engine.support.hierarchical.NodeTestTask.lambda$executeRecursively$9(NodeTestTask.java:139)
	at org.junit.platform.engine.support.hierarchical.ThrowableCollector.execute(ThrowableCollector.java:73)
	at org.junit.platform.engine.support.hierarchical.NodeTestTask.executeRecursively(NodeTestTask.java:138)
	at org.junit.platform.engine.support.hierarchical.NodeTestTask.execute(NodeTestTask.java:95)
	at java.base/java.util.ArrayList.forEach(ArrayList.java:1597)
	at org.junit.platform.engine.support.hierarchical.SameThreadHierarchicalTestExecutorService.invokeAll(SameThreadHierarchicalTestExecutorService.java:41)
	at org.junit.platform.engine.support.hierarchical.NodeTestTask.lambda$executeRecursively$6(NodeTestTask.java:155)
	at org.junit.platform.engine.support.hierarchical.ThrowableCollector.execute(ThrowableCollector.java:73)
	at org.junit.platform.engine.support.hierarchical.NodeTestTask.lambda$executeRecursively$8(NodeTestTask.java:141)
	at org.junit.platform.engine.support.hierarchical.Node.around(Node.java:137)
	at org.junit.platform.engine.support.hierarchical.NodeTestTask.lambda$executeRecursively$9(NodeTestTask.java:139)
	at org.junit.platform.engine.support.hierarchical.ThrowableCollector.execute(ThrowableCollector.java:73)
	at org.junit.platform.engine.support.hierarchical.NodeTestTask.executeRecursively(NodeTestTask.java:138)
	at org.junit.platform.engine.support.hierarchical.NodeTestTask.execute(NodeTestTask.java:95)
	at java.base/java.util.ArrayList.forEach(ArrayList.java:1597)
	at org.junit.platform.engine.support.hierarchical.SameThreadHierarchicalTestExecutorService.invokeAll(SameThreadHierarchicalTestExecutorService.java:41)
	at org.junit.platform.engine.support.hierarchical.NodeTestTask.lambda$executeRecursively$6(NodeTestTask.java:155)
	at org.junit.platform.engine.support.hierarchical.ThrowableCollector.execute(ThrowableCollector.java:73)
	at org.junit.platform.engine.support.hierarchical.NodeTestTask.lambda$executeRecursively$8(NodeTestTask.java:141)
	at org.junit.platform.engine.support.hierarchical.Node.around(Node.java:137)
	at org.junit.platform.engine.support.hierarchical.NodeTestTask.lambda$executeRecursively$9(NodeTestTask.java:139)
	at org.junit.platform.engine.support.hierarchical.ThrowableCollector.execute(ThrowableCollector.java:73)
	at org.junit.platform.engine.support.hierarchical.NodeTestTask.executeRecursively(NodeTestTask.java:138)
	at org.junit.platform.engine.support.hierarchical.NodeTestTask.execute(NodeTestTask.java:95)
	at org.junit.platform.engine.support.hierarchical.SameThreadHierarchicalTestExecutorService.submit(SameThreadHierarchicalTestExecutorService.java:35)
	at org.junit.platform.engine.support.hierarchical.HierarchicalTestExecutor.execute(HierarchicalTestExecutor.java:57)
	at org.junit.platform.engine.support.hierarchical.HierarchicalTestEngine.execute(HierarchicalTestEngine.java:54)
	at org.junit.platform.launcher.core.EngineExecutionOrchestrator.execute(EngineExecutionOrchestrator.java:198)
	at org.junit.platform.launcher.core.EngineExecutionOrchestrator.execute(EngineExecutionOrchestrator.java:169)
	at org.junit.platform.launcher.core.EngineExecutionOrchestrator.execute(EngineExecutionOrchestrator.java:93)
	at org.junit.platform.launcher.core.EngineExecutionOrchestrator.lambda$execute$0(EngineExecutionOrchestrator.java:58)
	at org.junit.platform.launcher.core.EngineExecutionOrchestrator.withInterceptedStreams(EngineExecutionOrchestrator.java:141)
	at org.junit.platform.launcher.core.EngineExecutionOrchestrator.execute(EngineExecutionOrchestrator.java:57)
	at org.junit.platform.launcher.core.DefaultLauncher.execute(DefaultLauncher.java:103)
	at org.junit.platform.launcher.core.DefaultLauncher.execute(DefaultLauncher.java:85)
	at org.junit.platform.launcher.core.DelegatingLauncher.execute(DelegatingLauncher.java:47)
	at org.junit.platform.launcher.core.SessionPerRequestLauncher.execute(SessionPerRequestLauncher.java:63)
	at com.intellij.junit5.JUnit5IdeaTestRunner.startRunnerWithArgs(JUnit5IdeaTestRunner.java:57)
	at com.intellij.rt.junit.IdeaTestRunner$Repeater$1.execute(IdeaTestRunner.java:38)
	at com.intellij.rt.execution.junit.TestsRepeater.repeat(TestsRepeater.java:11)
	at com.intellij.rt.junit.IdeaTestRunner$Repeater.startRunnerWithArgs(IdeaTestRunner.java:35)
	at com.intellij.rt.junit.JUnitStarter.prepareStreamsAndStart(JUnitStarter.java:232)
	at com.intellij.rt.junit.JUnitStarter.main(JUnitStarter.java:55)
Caused by: java.net.SocketException: Connection reset
	at java.base/sun.nio.ch.NioSocketImpl.implRead(NioSocketImpl.java:318)
	at java.base/sun.nio.ch.NioSocketImpl.read(NioSocketImpl.java:346)
	at java.base/sun.nio.ch.NioSocketImpl$1.read(NioSocketImpl.java:796)
	at java.base/java.net.Socket$SocketInputStream.implRead(Socket.java:1108)
	at java.base/java.net.Socket$SocketInputStream.read(Socket.java:1095)
	at java.base/java.io.BufferedInputStream.fill(BufferedInputStream.java:291)
	at java.base/java.io.BufferedInputStream.read1(BufferedInputStream.java:347)
	at java.base/java.io.BufferedInputStream.implRead(BufferedInputStream.java:420)
	at java.base/java.io.BufferedInputStream.read(BufferedInputStream.java:399)
	at java.base/sun.net.www.http.HttpClient.parseHTTPHeader(HttpClient.java:827)
	at java.base/sun.net.www.http.HttpClient.parseHTTP(HttpClient.java:759)
	at java.base/sun.net.www.http.HttpClient.parseHTTPHeader(HttpClient.java:952)
	at java.base/sun.net.www.http.HttpClient.parseHTTP(HttpClient.java:759)
	at java.base/sun.net.www.protocol.http.HttpURLConnection.getInputStream0(HttpURLConnection.java:1706)
	at java.base/sun.net.www.protocol.http.HttpURLConnection.getInputStream(HttpURLConnection.java:1615)
	at java.base/java.net.HttpURLConnection.getResponseCode(HttpURLConnection.java:531)
	at org.springframework.http.client.SimpleClientHttpRequest.executeInternal(SimpleClientHttpRequest.java:88)
	at org.springframework.http.client.AbstractStreamingClientHttpRequest.executeInternal(AbstractStreamingClientHttpRequest.java:70)
	at org.springframework.http.client.AbstractClientHttpRequest.execute(AbstractClientHttpRequest.java:66)
	at org.springframework.web.client.RestTemplate.doExecute(RestTemplate.java:889)
	... 83 common frames omitted
2024-11-07 00:52:11,651 INFO  [main] WebSocketTwoClientsIntegrationTest: Starting WebSocketTwoClientsIntegrationTest using Java 22.0.2 with PID 2973 (started by premkumar in /Users/premkumar/LinkerSod/chatapp/chatapp-service)
2024-11-07 00:52:11,652 INFO  [main] WebSocketTwoClientsIntegrationTest: No active profile set, falling back to 1 default profile: "default"
2024-11-07 00:52:13,049 WARN  [main] JpaBaseConfiguration$JpaWebConfiguration: spring.jpa.open-in-view is enabled by default. Therefore, database queries may be performed during view rendering. Explicitly configure spring.jpa.open-in-view to disable this warning
2024-11-07 00:52:13,523 INFO  [main] WebSocketTwoClientsIntegrationTest: Started WebSocketTwoClientsIntegrationTest in 1.98 seconds (process running for 2.453)
2024-11-07 00:52:13,526 DEBUG [main] HttpModuleBuilder: Patterns [/chatapp/{id}, /health-check/{service}, /service-info/{service}, /info, /chatapp/{id}/{eventID}, /chatapp] in 'simpleUrlHandlerMapping'
2024-11-07 00:52:24,466 INFO  [main] WebSocketTwoClientsIntegrationTest: Starting WebSocketTwoClientsIntegrationTest using Java 22.0.2 with PID 2983 (started by premkumar in /Users/premkumar/LinkerSod/chatapp/chatapp-service)
2024-11-07 00:52:24,467 INFO  [main] WebSocketTwoClientsIntegrationTest: No active profile set, falling back to 1 default profile: "default"
2024-11-07 00:52:26,990 WARN  [main] JpaBaseConfiguration$JpaWebConfiguration: spring.jpa.open-in-view is enabled by default. Therefore, database queries may be performed during view rendering. Explicitly configure spring.jpa.open-in-view to disable this warning
2024-11-07 00:52:27,967 INFO  [main] WebSocketTwoClientsIntegrationTest: Started WebSocketTwoClientsIntegrationTest in 3.722 seconds (process running for 4.664)
2024-11-07 00:52:27,973 DEBUG [main] HttpModuleBuilder: Patterns [/chatapp/{id}, /health-check/{service}, /service-info/{service}, /info, /chatapp/{id}/{eventID}, /chatapp] in 'simpleUrlHandlerMapping'
2024-11-07 00:54:23,512 WARN  [Hikari housekeeper] HikariPool: Hikari - Thread starvation or clock leap detected (housekeeper delta=1m27s263ms).
2024-11-07 00:54:29,865 INFO  [main] WebSocketTwoClientsIntegrationTest: Starting WebSocketTwoClientsIntegrationTest using Java 22.0.2 with PID 3001 (started by premkumar in /Users/premkumar/LinkerSod/chatapp/chatapp-service)
2024-11-07 00:54:29,866 INFO  [main] WebSocketTwoClientsIntegrationTest: No active profile set, falling back to 1 default profile: "default"
2024-11-07 00:54:32,335 WARN  [main] JpaBaseConfiguration$JpaWebConfiguration: spring.jpa.open-in-view is enabled by default. Therefore, database queries may be performed during view rendering. Explicitly configure spring.jpa.open-in-view to disable this warning
2024-11-07 00:54:33,287 INFO  [main] WebSocketTwoClientsIntegrationTest: Started WebSocketTwoClientsIntegrationTest in 3.634 seconds (process running for 4.51)
2024-11-07 00:54:33,294 DEBUG [main] HttpModuleBuilder: Patterns [/chatapp/{id}, /health-check/{service}, /service-info/{service}, /info, /chatapp/{id}/{eventID}, /chatapp] in 'simpleUrlHandlerMapping'
2024-11-07 00:55:02,009 INFO  [main] WebSocketTwoClientsIntegrationTest: Starting WebSocketTwoClientsIntegrationTest using Java 22.0.2 with PID 3018 (started by premkumar in /Users/premkumar/LinkerSod/chatapp/chatapp-service)
2024-11-07 00:55:02,009 INFO  [main] WebSocketTwoClientsIntegrationTest: No active profile set, falling back to 1 default profile: "default"
2024-11-07 00:55:03,357 WARN  [main] JpaBaseConfiguration$JpaWebConfiguration: spring.jpa.open-in-view is enabled by default. Therefore, database queries may be performed during view rendering. Explicitly configure spring.jpa.open-in-view to disable this warning
2024-11-07 00:55:03,767 INFO  [main] WebSocketTwoClientsIntegrationTest: Started WebSocketTwoClientsIntegrationTest in 1.857 seconds (process running for 2.332)
2024-11-07 00:55:03,771 DEBUG [main] HttpModuleBuilder: Patterns [/chatapp/{id}, /health-check/{service}, /service-info/{service}, /info, /chatapp/{id}/{eventID}, /chatapp] in 'simpleUrlHandlerMapping'
2024-11-07 00:55:19,097 INFO  [main] WebSocketTwoClientsIntegrationTest: Starting WebSocketTwoClientsIntegrationTest using Java 22.0.2 with PID 3024 (started by premkumar in /Users/premkumar/LinkerSod/chatapp/chatapp-service)
2024-11-07 00:55:19,098 INFO  [main] WebSocketTwoClientsIntegrationTest: No active profile set, falling back to 1 default profile: "default"
2024-11-07 00:55:21,840 WARN  [main] JpaBaseConfiguration$JpaWebConfiguration: spring.jpa.open-in-view is enabled by default. Therefore, database queries may be performed during view rendering. Explicitly configure spring.jpa.open-in-view to disable this warning
2024-11-07 00:55:22,844 INFO  [main] WebSocketTwoClientsIntegrationTest: Started WebSocketTwoClientsIntegrationTest in 3.956 seconds (process running for 4.9)
2024-11-07 00:55:22,851 DEBUG [main] HttpModuleBuilder: Patterns [/chatapp/{id}, /health-check/{service}, /service-info/{service}, /info, /chatapp/{id}/{eventID}, /chatapp] in 'simpleUrlHandlerMapping'
2024-11-07 00:56:25,169 INFO  [main] WebSocketTwoClientsIntegrationTest: Starting WebSocketTwoClientsIntegrationTest using Java 22.0.2 with PID 3042 (started by premkumar in /Users/premkumar/LinkerSod/chatapp/chatapp-service)
2024-11-07 00:56:25,171 INFO  [main] WebSocketTwoClientsIntegrationTest: No active profile set, falling back to 1 default profile: "default"
2024-11-07 00:56:27,723 WARN  [main] JpaBaseConfiguration$JpaWebConfiguration: spring.jpa.open-in-view is enabled by default. Therefore, database queries may be performed during view rendering. Explicitly configure spring.jpa.open-in-view to disable this warning
2024-11-07 00:56:28,695 INFO  [main] WebSocketTwoClientsIntegrationTest: Started WebSocketTwoClientsIntegrationTest in 3.737 seconds (process running for 4.689)
2024-11-07 00:56:28,706 DEBUG [main] HttpModuleBuilder: Patterns [/chatapp/{id}, /health-check/{service}, /service-info/{service}, /info, /chatapp/{id}/{eventID}, /chatapp] in 'simpleUrlHandlerMapping'
2024-11-07 00:57:50,461 INFO  [main] WebSocketTwoClientsIntegrationTest: Starting WebSocketTwoClientsIntegrationTest using Java 22.0.2 with PID 3052 (started by premkumar in /Users/premkumar/LinkerSod/chatapp/chatapp-service)
2024-11-07 00:57:50,462 INFO  [main] WebSocketTwoClientsIntegrationTest: No active profile set, falling back to 1 default profile: "default"
2024-11-07 00:57:51,745 WARN  [main] JpaBaseConfiguration$JpaWebConfiguration: spring.jpa.open-in-view is enabled by default. Therefore, database queries may be performed during view rendering. Explicitly configure spring.jpa.open-in-view to disable this warning
2024-11-07 00:57:52,145 INFO  [main] WebSocketTwoClientsIntegrationTest: Started WebSocketTwoClientsIntegrationTest in 1.773 seconds (process running for 2.233)
2024-11-07 00:57:52,148 DEBUG [main] HttpModuleBuilder: Patterns [/chatapp/{id}, /health-check/{service}, /service-info/{service}, /info, /chatapp/{id}/{eventID}, /chatapp] in 'simpleUrlHandlerMapping'
2024-11-07 00:58:37,109 INFO  [main] WebSocketTwoClientsIntegrationTest: Starting WebSocketTwoClientsIntegrationTest using Java 22.0.2 with PID 3067 (started by premkumar in /Users/premkumar/LinkerSod/chatapp/chatapp-service)
2024-11-07 00:58:37,110 INFO  [main] WebSocketTwoClientsIntegrationTest: No active profile set, falling back to 1 default profile: "default"
2024-11-07 00:58:39,536 WARN  [main] JpaBaseConfiguration$JpaWebConfiguration: spring.jpa.open-in-view is enabled by default. Therefore, database queries may be performed during view rendering. Explicitly configure spring.jpa.open-in-view to disable this warning
2024-11-07 00:58:40,510 INFO  [main] WebSocketTwoClientsIntegrationTest: Started WebSocketTwoClientsIntegrationTest in 3.6 seconds (process running for 4.532)
2024-11-07 00:58:40,517 DEBUG [main] HttpModuleBuilder: Patterns [/chatapp/{id}, /health-check/{service}, /service-info/{service}, /info, /chatapp/{id}/{eventID}, /chatapp] in 'simpleUrlHandlerMapping'
2024-11-07 00:59:37,774 INFO  [main] WebSocketTwoClientsIntegrationTest: Starting WebSocketTwoClientsIntegrationTest using Java 22.0.2 with PID 3078 (started by premkumar in /Users/premkumar/LinkerSod/chatapp/chatapp-service)
2024-11-07 00:59:37,775 INFO  [main] WebSocketTwoClientsIntegrationTest: No active profile set, falling back to 1 default profile: "default"
2024-11-07 00:59:39,123 WARN  [main] JpaBaseConfiguration$JpaWebConfiguration: spring.jpa.open-in-view is enabled by default. Therefore, database queries may be performed during view rendering. Explicitly configure spring.jpa.open-in-view to disable this warning
2024-11-07 00:59:39,540 INFO  [main] WebSocketTwoClientsIntegrationTest: Started WebSocketTwoClientsIntegrationTest in 1.868 seconds (process running for 2.336)
2024-11-07 00:59:39,543 DEBUG [main] HttpModuleBuilder: Patterns [/chatapp/{id}, /health-check/{service}, /service-info/{service}, /info, /chatapp/{id}/{eventID}, /chatapp] in 'simpleUrlHandlerMapping'
2024-11-07 01:00:06,268 INFO  [main] WebSocketTwoClientsIntegrationTest: Starting WebSocketTwoClientsIntegrationTest using Java 22.0.2 with PID 3089 (started by premkumar in /Users/premkumar/LinkerSod/chatapp/chatapp-service)
2024-11-07 01:00:06,268 INFO  [main] WebSocketTwoClientsIntegrationTest: No active profile set, falling back to 1 default profile: "default"
2024-11-07 01:00:07,506 WARN  [main] JpaBaseConfiguration$JpaWebConfiguration: spring.jpa.open-in-view is enabled by default. Therefore, database queries may be performed during view rendering. Explicitly configure spring.jpa.open-in-view to disable this warning
2024-11-07 01:00:07,920 INFO  [main] WebSocketTwoClientsIntegrationTest: Started WebSocketTwoClientsIntegrationTest in 1.743 seconds (process running for 2.166)
2024-11-07 01:00:07,924 DEBUG [main] HttpModuleBuilder: Patterns [/chatapp/{id}, /health-check/{service}, /service-info/{service}, /info, /chatapp/{id}/{eventID}, /chatapp] in 'simpleUrlHandlerMapping'
2024-11-07 13:38:49,864 INFO  [main] WebSocketTwoClientsIntegrationTest: Starting WebSocketTwoClientsIntegrationTest using Java 22.0.2 with PID 3815 (started by premkumar in /Users/premkumar/LinkerSod/chatapp/chatapp-service)
2024-11-07 13:38:49,865 INFO  [main] WebSocketTwoClientsIntegrationTest: No active profile set, falling back to 1 default profile: "default"
2024-11-07 13:38:51,395 WARN  [main] JpaBaseConfiguration$JpaWebConfiguration: spring.jpa.open-in-view is enabled by default. Therefore, database queries may be performed during view rendering. Explicitly configure spring.jpa.open-in-view to disable this warning
2024-11-07 13:38:51,774 INFO  [main] WebSocketTwoClientsIntegrationTest: Started WebSocketTwoClientsIntegrationTest in 2.025 seconds (process running for 2.521)
2024-11-07 13:38:51,777 DEBUG [main] HttpModuleBuilder: Patterns [/chatapp/{id}, /health-check/{service}, /service-info/{service}, /info, /chatapp/{id}/{eventID}, /chatapp] in 'simpleUrlHandlerMapping'
2024-11-07 13:38:56,247 WARN  [WebSocketClient-AsyncIO-9] SqlExceptionHelper: SQL Error: 42104, SQLState: 42S04
2024-11-07 13:38:56,247 WARN  [WebSocketClient-AsyncIO-3] SqlExceptionHelper: SQL Error: 42104, SQLState: 42S04
2024-11-07 13:38:56,247 WARN  [WebSocketClient-AsyncIO-7] SqlExceptionHelper: SQL Error: 42104, SQLState: 42S04
2024-11-07 13:38:56,248 ERROR [WebSocketClient-AsyncIO-3] SqlExceptionHelper: Table "WEB_SOCKET_CONNECTION" not found (this database is empty); SQL statement:
update web_socket_connection set client_ip=?,is_connected=?,session_id=?,user_id=? where id=? [42104-224]
2024-11-07 13:38:56,247 WARN  [WebSocketClient-AsyncIO-8] SqlExceptionHelper: SQL Error: 42104, SQLState: 42S04
2024-11-07 13:38:56,248 ERROR [WebSocketClient-AsyncIO-9] SqlExceptionHelper: Table "WEB_SOCKET_CONNECTION" not found (this database is empty); SQL statement:
update web_socket_connection set client_ip=?,is_connected=?,session_id=?,user_id=? where id=? [42104-224]
2024-11-07 13:38:56,248 ERROR [WebSocketClient-AsyncIO-8] SqlExceptionHelper: Table "WEB_SOCKET_CONNECTION" not found (this database is empty); SQL statement:
update web_socket_connection set client_ip=?,is_connected=?,session_id=?,user_id=? where id=? [42104-224]
2024-11-07 13:38:56,248 ERROR [WebSocketClient-AsyncIO-7] SqlExceptionHelper: Table "WEB_SOCKET_CONNECTION" not found (this database is empty); SQL statement:
update web_socket_connection set client_ip=?,is_connected=?,session_id=?,user_id=? where id=? [42104-224]
2024-11-07 13:39:46,019 INFO  [main] WebSocketTwoClientsIntegrationTest: Starting WebSocketTwoClientsIntegrationTest using Java 22.0.2 with PID 3829 (started by premkumar in /Users/premkumar/LinkerSod/chatapp/chatapp-service)
2024-11-07 13:39:46,019 INFO  [main] WebSocketTwoClientsIntegrationTest: No active profile set, falling back to 1 default profile: "default"
2024-11-07 13:39:47,540 WARN  [main] JpaBaseConfiguration$JpaWebConfiguration: spring.jpa.open-in-view is enabled by default. Therefore, database queries may be performed during view rendering. Explicitly configure spring.jpa.open-in-view to disable this warning
2024-11-07 13:39:47,967 INFO  [main] WebSocketTwoClientsIntegrationTest: Started WebSocketTwoClientsIntegrationTest in 2.055 seconds (process running for 2.518)
2024-11-07 13:39:47,971 DEBUG [main] HttpModuleBuilder: Patterns [/chatapp/{id}, /health-check/{service}, /service-info/{service}, /info, /chatapp/{id}/{eventID}, /chatapp] in 'simpleUrlHandlerMapping'
2024-11-07 13:39:52,429 WARN  [WebSocketClient-AsyncIO-7] SqlExceptionHelper: SQL Error: 42104, SQLState: 42S04
2024-11-07 13:39:52,429 WARN  [WebSocketClient-AsyncIO-9] SqlExceptionHelper: SQL Error: 42104, SQLState: 42S04
2024-11-07 13:39:52,429 WARN  [WebSocketClient-AsyncIO-1] SqlExceptionHelper: SQL Error: 42104, SQLState: 42S04
2024-11-07 13:39:52,429 WARN  [WebSocketClient-AsyncIO-8] SqlExceptionHelper: SQL Error: 42104, SQLState: 42S04
2024-11-07 13:39:52,429 ERROR [WebSocketClient-AsyncIO-7] SqlExceptionHelper: Table "WEB_SOCKET_CONNECTION" not found (this database is empty); SQL statement:
update web_socket_connection set client_ip=?,is_connected=?,session_id=?,user_id=? where id=? [42104-224]
2024-11-07 13:39:52,429 ERROR [WebSocketClient-AsyncIO-9] SqlExceptionHelper: Table "WEB_SOCKET_CONNECTION" not found (this database is empty); SQL statement:
update web_socket_connection set client_ip=?,is_connected=?,session_id=?,user_id=? where id=? [42104-224]
2024-11-07 13:39:52,430 ERROR [WebSocketClient-AsyncIO-1] SqlExceptionHelper: Table "WEB_SOCKET_CONNECTION" not found (this database is empty); SQL statement:
update web_socket_connection set client_ip=?,is_connected=?,session_id=?,user_id=? where id=? [42104-224]
2024-11-07 13:39:52,430 ERROR [WebSocketClient-AsyncIO-8] SqlExceptionHelper: Table "WEB_SOCKET_CONNECTION" not found (this database is empty); SQL statement:
update web_socket_connection set client_ip=?,is_connected=?,session_id=?,user_id=? where id=? [42104-224]
2024-11-07 13:41:54,148 INFO  [main] WebSocketTwoClientsIntegrationTest: Starting WebSocketTwoClientsIntegrationTest using Java 22.0.2 with PID 3841 (started by premkumar in /Users/premkumar/LinkerSod/chatapp/chatapp-service)
2024-11-07 13:41:54,148 INFO  [main] WebSocketTwoClientsIntegrationTest: No active profile set, falling back to 1 default profile: "default"
2024-11-07 13:41:55,451 WARN  [main] JpaBaseConfiguration$JpaWebConfiguration: spring.jpa.open-in-view is enabled by default. Therefore, database queries may be performed during view rendering. Explicitly configure spring.jpa.open-in-view to disable this warning
2024-11-07 13:41:55,830 INFO  [main] WebSocketTwoClientsIntegrationTest: Started WebSocketTwoClientsIntegrationTest in 1.771 seconds (process running for 2.218)
2024-11-07 13:41:55,834 DEBUG [main] HttpModuleBuilder: Patterns [/chatapp/{id}, /health-check/{service}, /service-info/{service}, /info, /chatapp/{id}/{eventID}, /chatapp] in 'simpleUrlHandlerMapping'
2024-11-07 13:42:25,396 INFO  [main] WebSocketTwoClientsIntegrationTest: Starting WebSocketTwoClientsIntegrationTest using Java 22.0.2 with PID 3853 (started by premkumar in /Users/premkumar/LinkerSod/chatapp/chatapp-service)
2024-11-07 13:42:25,397 INFO  [main] WebSocketTwoClientsIntegrationTest: No active profile set, falling back to 1 default profile: "default"
2024-11-07 13:42:26,685 WARN  [main] JpaBaseConfiguration$JpaWebConfiguration: spring.jpa.open-in-view is enabled by default. Therefore, database queries may be performed during view rendering. Explicitly configure spring.jpa.open-in-view to disable this warning
2024-11-07 13:42:27,067 INFO  [main] WebSocketTwoClientsIntegrationTest: Started WebSocketTwoClientsIntegrationTest in 1.766 seconds (process running for 2.201)
2024-11-07 13:42:27,071 DEBUG [main] HttpModuleBuilder: Patterns [/chatapp/{id}, /health-check/{service}, /service-info/{service}, /info, /chatapp/{id}/{eventID}, /chatapp] in 'simpleUrlHandlerMapping'
2024-11-07 13:42:36,539 WARN  [WebSocketClient-AsyncIO-6] SqlExceptionHelper: SQL Error: 42104, SQLState: 42S04
2024-11-07 13:42:36,539 WARN  [WebSocketClient-AsyncIO-8] SqlExceptionHelper: SQL Error: 42104, SQLState: 42S04
2024-11-07 13:42:36,539 WARN  [WebSocketClient-AsyncIO-3] SqlExceptionHelper: SQL Error: 42104, SQLState: 42S04
2024-11-07 13:42:36,539 WARN  [WebSocketClient-AsyncIO-7] SqlExceptionHelper: SQL Error: 42104, SQLState: 42S04
2024-11-07 13:42:36,540 ERROR [WebSocketClient-AsyncIO-6] SqlExceptionHelper: Table "WEB_SOCKET_CONNECTION" not found (this database is empty); SQL statement:
update web_socket_connection set client_ip=?,is_connected=?,session_id=?,user_id=? where id=? [42104-224]
2024-11-07 13:42:36,540 ERROR [WebSocketClient-AsyncIO-8] SqlExceptionHelper: Table "WEB_SOCKET_CONNECTION" not found (this database is empty); SQL statement:
update web_socket_connection set client_ip=?,is_connected=?,session_id=?,user_id=? where id=? [42104-224]
2024-11-07 13:42:36,540 ERROR [WebSocketClient-AsyncIO-3] SqlExceptionHelper: Table "WEB_SOCKET_CONNECTION" not found (this database is empty); SQL statement:
update web_socket_connection set client_ip=?,is_connected=?,session_id=?,user_id=? where id=? [42104-224]
2024-11-07 13:42:36,540 ERROR [WebSocketClient-AsyncIO-7] SqlExceptionHelper: Table "WEB_SOCKET_CONNECTION" not found (this database is empty); SQL statement:
update web_socket_connection set client_ip=?,is_connected=?,session_id=?,user_id=? where id=? [42104-224]
2024-11-07 13:43:16,706 INFO  [main] WebSocketTwoClientsIntegrationTest: Starting WebSocketTwoClientsIntegrationTest using Java 22.0.2 with PID 3862 (started by premkumar in /Users/premkumar/LinkerSod/chatapp/chatapp-service)
2024-11-07 13:43:16,706 INFO  [main] WebSocketTwoClientsIntegrationTest: No active profile set, falling back to 1 default profile: "default"
2024-11-07 13:43:17,982 WARN  [main] JpaBaseConfiguration$JpaWebConfiguration: spring.jpa.open-in-view is enabled by default. Therefore, database queries may be performed during view rendering. Explicitly configure spring.jpa.open-in-view to disable this warning
2024-11-07 13:43:18,358 INFO  [main] WebSocketTwoClientsIntegrationTest: Started WebSocketTwoClientsIntegrationTest in 1.742 seconds (process running for 2.171)
2024-11-07 13:43:18,362 DEBUG [main] HttpModuleBuilder: Patterns [/chatapp/{id}, /health-check/{service}, /service-info/{service}, /info, /chatapp/{id}/{eventID}, /chatapp] in 'simpleUrlHandlerMapping'
2024-11-07 13:43:27,838 WARN  [WebSocketClient-AsyncIO-3] SqlExceptionHelper: SQL Error: 42104, SQLState: 42S04
2024-11-07 13:43:27,838 WARN  [WebSocketClient-AsyncIO-7] SqlExceptionHelper: SQL Error: 42104, SQLState: 42S04
2024-11-07 13:43:27,838 WARN  [WebSocketClient-AsyncIO-6] SqlExceptionHelper: SQL Error: 42104, SQLState: 42S04
2024-11-07 13:43:27,838 WARN  [WebSocketClient-AsyncIO-4] SqlExceptionHelper: SQL Error: 42104, SQLState: 42S04
2024-11-07 13:43:27,839 ERROR [WebSocketClient-AsyncIO-6] SqlExceptionHelper: Table "WEB_SOCKET_CONNECTION" not found (this database is empty); SQL statement:
update web_socket_connection set client_ip=?,is_connected=?,session_id=?,user_id=? where id=? [42104-224]
2024-11-07 13:43:27,839 ERROR [WebSocketClient-AsyncIO-3] SqlExceptionHelper: Table "WEB_SOCKET_CONNECTION" not found (this database is empty); SQL statement:
update web_socket_connection set client_ip=?,is_connected=?,session_id=?,user_id=? where id=? [42104-224]
2024-11-07 13:43:27,839 ERROR [WebSocketClient-AsyncIO-7] SqlExceptionHelper: Table "WEB_SOCKET_CONNECTION" not found (this database is empty); SQL statement:
update web_socket_connection set client_ip=?,is_connected=?,session_id=?,user_id=? where id=? [42104-224]
2024-11-07 13:43:27,839 ERROR [WebSocketClient-AsyncIO-4] SqlExceptionHelper: Table "WEB_SOCKET_CONNECTION" not found (this database is empty); SQL statement:
update web_socket_connection set client_ip=?,is_connected=?,session_id=?,user_id=? where id=? [42104-224]
2024-11-07 13:47:09,962 INFO  [main] WebSocketTwoClientsIntegrationTest: Starting WebSocketTwoClientsIntegrationTest using Java 22.0.2 with PID 3896 (started by premkumar in /Users/premkumar/LinkerSod/chatapp/chatapp-service)
2024-11-07 13:47:09,962 INFO  [main] WebSocketTwoClientsIntegrationTest: No active profile set, falling back to 1 default profile: "default"
2024-11-07 13:47:11,363 WARN  [main] JpaBaseConfiguration$JpaWebConfiguration: spring.jpa.open-in-view is enabled by default. Therefore, database queries may be performed during view rendering. Explicitly configure spring.jpa.open-in-view to disable this warning
2024-11-07 13:47:11,767 INFO  [main] WebSocketTwoClientsIntegrationTest: Started WebSocketTwoClientsIntegrationTest in 1.905 seconds (process running for 2.375)
2024-11-07 13:47:11,771 DEBUG [main] HttpModuleBuilder: Patterns [/chatapp/{id}, /health-check/{service}, /service-info/{service}, /info, /chatapp/{id}/{eventID}, /chatapp] in 'simpleUrlHandlerMapping'
2024-11-07 13:47:21,252 WARN  [WebSocketClient-AsyncIO-4] SqlExceptionHelper: SQL Error: 42104, SQLState: 42S04
2024-11-07 13:47:21,252 WARN  [WebSocketClient-AsyncIO-9] SqlExceptionHelper: SQL Error: 42104, SQLState: 42S04
2024-11-07 13:47:21,252 WARN  [WebSocketClient-AsyncIO-7] SqlExceptionHelper: SQL Error: 42104, SQLState: 42S04
2024-11-07 13:47:21,252 WARN  [WebSocketClient-AsyncIO-8] SqlExceptionHelper: SQL Error: 42104, SQLState: 42S04
2024-11-07 13:47:21,253 ERROR [WebSocketClient-AsyncIO-7] SqlExceptionHelper: Table "WEB_SOCKET_CONNECTION" not found (this database is empty); SQL statement:
update web_socket_connection set client_ip=?,is_connected=?,session_id=?,user_id=? where id=? [42104-224]
2024-11-07 13:47:21,253 ERROR [WebSocketClient-AsyncIO-4] SqlExceptionHelper: Table "WEB_SOCKET_CONNECTION" not found (this database is empty); SQL statement:
update web_socket_connection set client_ip=?,is_connected=?,session_id=?,user_id=? where id=? [42104-224]
2024-11-07 13:47:21,253 ERROR [WebSocketClient-AsyncIO-9] SqlExceptionHelper: Table "WEB_SOCKET_CONNECTION" not found (this database is empty); SQL statement:
update web_socket_connection set client_ip=?,is_connected=?,session_id=?,user_id=? where id=? [42104-224]
2024-11-07 13:47:21,253 ERROR [WebSocketClient-AsyncIO-8] SqlExceptionHelper: Table "WEB_SOCKET_CONNECTION" not found (this database is empty); SQL statement:
update web_socket_connection set client_ip=?,is_connected=?,session_id=?,user_id=? where id=? [42104-224]
2024-11-07 13:48:58,038 INFO  [main] WebSocketTwoClientsIntegrationTest: Starting WebSocketTwoClientsIntegrationTest using Java 22.0.2 with PID 3917 (started by premkumar in /Users/premkumar/LinkerSod/chatapp/chatapp-service)
2024-11-07 13:48:58,039 INFO  [main] WebSocketTwoClientsIntegrationTest: No active profile set, falling back to 1 default profile: "default"
2024-11-07 13:48:59,298 WARN  [main] JpaBaseConfiguration$JpaWebConfiguration: spring.jpa.open-in-view is enabled by default. Therefore, database queries may be performed during view rendering. Explicitly configure spring.jpa.open-in-view to disable this warning
2024-11-07 13:48:59,667 INFO  [main] WebSocketTwoClientsIntegrationTest: Started WebSocketTwoClientsIntegrationTest in 1.722 seconds (process running for 2.172)
2024-11-07 13:48:59,671 DEBUG [main] HttpModuleBuilder: Patterns [/chatapp/{id}, /health-check/{service}, /service-info/{service}, /info, /chatapp/{id}/{eventID}, /chatapp] in 'simpleUrlHandlerMapping'
2024-11-07 13:49:09,135 WARN  [WebSocketClient-AsyncIO-6] SqlExceptionHelper: SQL Error: 42104, SQLState: 42S04
2024-11-07 13:49:09,135 WARN  [WebSocketClient-AsyncIO-2] SqlExceptionHelper: SQL Error: 42104, SQLState: 42S04
2024-11-07 13:49:09,135 WARN  [WebSocketClient-AsyncIO-7] SqlExceptionHelper: SQL Error: 42104, SQLState: 42S04
2024-11-07 13:49:09,136 ERROR [WebSocketClient-AsyncIO-2] SqlExceptionHelper: Table "WEB_SOCKET_CONNECTION" not found (this database is empty); SQL statement:
update web_socket_connection set client_ip=?,is_connected=?,session_id=?,user_id=? where id=? [42104-224]
2024-11-07 13:49:09,135 WARN  [WebSocketClient-AsyncIO-8] SqlExceptionHelper: SQL Error: 42104, SQLState: 42S04
2024-11-07 13:49:09,136 ERROR [WebSocketClient-AsyncIO-6] SqlExceptionHelper: Table "WEB_SOCKET_CONNECTION" not found (this database is empty); SQL statement:
update web_socket_connection set client_ip=?,is_connected=?,session_id=?,user_id=? where id=? [42104-224]
2024-11-07 13:49:09,136 ERROR [WebSocketClient-AsyncIO-7] SqlExceptionHelper: Table "WEB_SOCKET_CONNECTION" not found (this database is empty); SQL statement:
update web_socket_connection set client_ip=?,is_connected=?,session_id=?,user_id=? where id=? [42104-224]
2024-11-07 13:49:09,136 ERROR [WebSocketClient-AsyncIO-8] SqlExceptionHelper: Table "WEB_SOCKET_CONNECTION" not found (this database is empty); SQL statement:
update web_socket_connection set client_ip=?,is_connected=?,session_id=?,user_id=? where id=? [42104-224]
2024-11-07 19:00:16,454 INFO  [main] WebSocketTwoClientsIntegrationTest: Starting WebSocketTwoClientsIntegrationTest using Java 22.0.2 with PID 5898 (started by premkumar in /Users/premkumar/LinkerSod/chatapp/chatapp-service)
2024-11-07 19:00:16,455 INFO  [main] WebSocketTwoClientsIntegrationTest: No active profile set, falling back to 1 default profile: "default"
2024-11-07 19:00:17,812 WARN  [main] JpaBaseConfiguration$JpaWebConfiguration: spring.jpa.open-in-view is enabled by default. Therefore, database queries may be performed during view rendering. Explicitly configure spring.jpa.open-in-view to disable this warning
2024-11-07 19:00:18,204 INFO  [main] WebSocketTwoClientsIntegrationTest: Started WebSocketTwoClientsIntegrationTest in 1.862 seconds (process running for 2.35)
2024-11-07 19:00:18,208 DEBUG [main] HttpModuleBuilder: Patterns [/chatapp/{id}, /health-check/{service}, /service-info/{service}, /info, /chatapp/{id}/{eventID}, /chatapp] in 'simpleUrlHandlerMapping'
2024-11-07 19:00:22,665 WARN  [WebSocketClient-AsyncIO-7] SqlExceptionHelper: SQL Error: 42104, SQLState: 42S04
2024-11-07 19:00:22,665 WARN  [WebSocketClient-AsyncIO-1] SqlExceptionHelper: SQL Error: 42104, SQLState: 42S04
2024-11-07 19:00:22,665 WARN  [WebSocketClient-AsyncIO-9] SqlExceptionHelper: SQL Error: 42104, SQLState: 42S04
2024-11-07 19:00:22,665 WARN  [WebSocketClient-AsyncIO-8] SqlExceptionHelper: SQL Error: 42104, SQLState: 42S04
2024-11-07 19:00:22,666 ERROR [WebSocketClient-AsyncIO-9] SqlExceptionHelper: Table "WEB_SOCKET_CONNECTION" not found (this database is empty); SQL statement:
update web_socket_connection set client_ip=?,is_connected=?,session_id=?,user_id=? where id=? [42104-224]
2024-11-07 19:00:22,666 ERROR [WebSocketClient-AsyncIO-7] SqlExceptionHelper: Table "WEB_SOCKET_CONNECTION" not found (this database is empty); SQL statement:
update web_socket_connection set client_ip=?,is_connected=?,session_id=?,user_id=? where id=? [42104-224]
2024-11-07 19:00:22,666 ERROR [WebSocketClient-AsyncIO-1] SqlExceptionHelper: Table "WEB_SOCKET_CONNECTION" not found (this database is empty); SQL statement:
update web_socket_connection set client_ip=?,is_connected=?,session_id=?,user_id=? where id=? [42104-224]
2024-11-07 19:00:22,666 ERROR [WebSocketClient-AsyncIO-8] SqlExceptionHelper: Table "WEB_SOCKET_CONNECTION" not found (this database is empty); SQL statement:
update web_socket_connection set client_ip=?,is_connected=?,session_id=?,user_id=? where id=? [42104-224]
