2024-10-19 17:43:08,975 INFO  [main] CukesSteps: Starting CukesSteps using Java 22.0.2 with PID 46212 (started by premkumar in /Users/premkumar/LinkerSod/traceroute/traceroute-service)
2024-10-19 17:43:08,976 DEBUG [main] CukesSteps: Running with Spring Boot v3.2.4, Spring v6.1.5
2024-10-19 17:43:08,976 INFO  [main] CukesSteps: The following 1 profile is active: "unittest"
2024-10-19 17:43:10,045 DEBUG [main] logging: Logging Provider: org.jboss.logging.Slf4jLoggerProvider found via system property
2024-10-19 17:43:11,638 WARN  [main] JpaBaseConfiguration$JpaWebConfiguration: spring.jpa.open-in-view is enabled by default. Therefore, database queries may be performed during view rendering. Explicitly configure spring.jpa.open-in-view to disable this warning
2024-10-19 17:43:11,692 DEBUG [main] Mappings: 
	c.s.d.t.c.c.TracerouteController:
	{POST [/traceroute]}: create(HttpServletRequest,Traceroute)
	{GET [/traceroute/{id}]}: retrieve(HttpServletRequest,String)
	{PUT [/traceroute/{id}/{eventID}]}: processById(HttpServletRequest,String,String,String)
2024-10-19 17:43:11,705 DEBUG [main] Mappings: 
	o.s.b.a.w.s.e.BasicErrorController:
	{ [/error]}: error(HttpServletRequest)
	{ [/error], produces [text/html]}: errorHtml(HttpServletRequest,HttpServletResponse)
2024-10-19 17:43:11,717 DEBUG [main] Mappings: 
	o.s.w.a.OpenApiWebMvcResource:
	{GET [/v3/api-docs], produces [application/json]}: openapiJson(HttpServletRequest,String,Locale)
	{GET [/v3/api-docs.yaml], produces [application/vnd.oai.openapi]}: openapiYaml(HttpServletRequest,String,Locale)
2024-10-19 17:43:11,719 DEBUG [main] Mappings: 
	o.s.w.u.SwaggerWelcomeWebMvc:
	{GET [/swagger-ui.html]}: redirectToUi(HttpServletRequest)
2024-10-19 17:43:11,720 DEBUG [main] Mappings: 
	o.s.w.u.SwaggerConfigResource:
	{GET [/v3/api-docs/swagger-config], produces [application/json]}: openapiJson(HttpServletRequest)
2024-10-19 17:43:11,731 DEBUG [main] Mappings: 'beanNameHandlerMapping' {}
2024-10-19 17:43:11,820 DEBUG [main] Mappings: 'resourceHandlerMapping' {/swagger-ui*/*swagger-initializer.js=ResourceHttpRequestHandler [classpath [META-INF/resources/webjars/]], /swagger-ui*/**=ResourceHttpRequestHandler [classpath [META-INF/resources/webjars/]]}
2024-10-19 17:43:12,235 INFO  [main] CukesSteps: Started CukesSteps in 3.518 seconds (process running for 4.513)
2024-10-19 17:43:12,239 DEBUG [main] Mappings: 'simpleUrlHandlerMapping' {/traceroute/{id}=org.chenile.http.handler.HttpEntryPoint@35370760, /health-check/{service}=org.chenile.http.handler.HttpEntryPoint@2d89c326, /service-info/{service}=org.chenile.http.handler.HttpEntryPoint@769a2877, /traceroute/{id}/{eventID}=org.chenile.http.handler.HttpEntryPoint@2d3b7c22, /info=org.chenile.http.handler.HttpEntryPoint@203a62e2, /traceroute=org.chenile.http.handler.HttpEntryPoint@43c91530}
2024-10-19 17:43:12,285 DEBUG [main] STMFlowStoreImpl: :::::::::::::::::::truefor state::::::::OPENED
2024-10-19 17:43:12,285 DEBUG [main] STMFlowStoreImpl: :::::::::::::::::::truefor state::::::::OPENED
2024-10-19 17:43:12,373 DEBUG [main] CompiledPath: Evaluating path: $['payload']['mutatedEntity']
2024-10-19 17:43:12,376 DEBUG [main] CompiledPath: Evaluating path: $['payload']['mutatedEntity']['id']
2024-10-19 17:43:12,384 DEBUG [main] CompiledPath: Evaluating path: $['payload']['mutatedEntity']['currentState']['stateId']
2024-10-19 17:43:12,384 DEBUG [main] CompiledPath: Evaluating path: $['payload']['mutatedEntity']['openedBy']
2024-10-19 17:43:12,384 DEBUG [main] CompiledPath: Evaluating path: $['payload']['mutatedEntity']['description']
2024-10-19 17:43:12,425 DEBUG [main] CompiledPath: Evaluating path: $['payload']['mutatedEntity']
2024-10-19 17:43:12,425 DEBUG [main] CompiledPath: Evaluating path: $['payload']['mutatedEntity']['id']
2024-10-19 17:43:12,426 DEBUG [main] CompiledPath: Evaluating path: $['payload']['mutatedEntity']['currentState']['stateId']
2024-10-19 17:43:12,426 DEBUG [main] CompiledPath: Evaluating path: $['payload']['mutatedEntity']['openedBy']
2024-10-19 17:43:12,434 DEBUG [main] STMFlowStoreImpl: :::::::::::::::::::truefor state::::::::ASSIGNED
2024-10-19 17:43:12,434 DEBUG [main] STMFlowStoreImpl: :::::::::::::::::::truefor state::::::::ASSIGNED
2024-10-19 17:43:12,441 DEBUG [main] CompiledPath: Evaluating path: $['payload']['mutatedEntity']
2024-10-19 17:43:12,441 DEBUG [main] CompiledPath: Evaluating path: $['payload']['mutatedEntity']['id']
2024-10-19 17:43:12,441 DEBUG [main] CompiledPath: Evaluating path: $['payload']['mutatedEntity']['currentState']['stateId']
2024-10-19 17:43:12,442 DEBUG [main] CompiledPath: Evaluating path: $['payload']['mutatedEntity']['assignee']
2024-10-19 17:43:12,442 DEBUG [main] CompiledPath: Evaluating path: $['payload']['mutatedEntity']['assignComment']
2024-10-19 17:43:12,447 DEBUG [main] STMFlowStoreImpl: :::::::::::::::::::truefor state::::::::RESOLVED
2024-10-19 17:43:12,447 DEBUG [main] STMFlowStoreImpl: :::::::::::::::::::truefor state::::::::RESOLVED
2024-10-19 17:43:12,450 DEBUG [main] CompiledPath: Evaluating path: $['payload']['mutatedEntity']
2024-10-19 17:43:12,450 DEBUG [main] CompiledPath: Evaluating path: $['payload']['mutatedEntity']['id']
2024-10-19 17:43:12,450 DEBUG [main] CompiledPath: Evaluating path: $['payload']['mutatedEntity']['currentState']['stateId']
2024-10-19 17:43:12,450 DEBUG [main] CompiledPath: Evaluating path: $['payload']['mutatedEntity']['resolveComment']
2024-10-19 17:43:12,455 DEBUG [main] STMFlowStoreImpl: :::::::::::::::::::truefor state::::::::CLOSED
2024-10-19 17:43:12,455 DEBUG [main] STMFlowStoreImpl: :::::::::::::::::::truefor state::::::::CLOSED
2024-10-19 17:43:12,457 DEBUG [main] CompiledPath: Evaluating path: $['payload']['mutatedEntity']
2024-10-19 17:43:12,457 DEBUG [main] CompiledPath: Evaluating path: $['payload']['mutatedEntity']['id']
2024-10-19 17:43:12,457 DEBUG [main] CompiledPath: Evaluating path: $['payload']['mutatedEntity']['currentState']['stateId']
2024-10-19 17:43:12,458 DEBUG [main] CompiledPath: Evaluating path: $['payload']['mutatedEntity']['closeComment']
2024-10-19 17:43:12,463 INFO  [main] ServiceInvoker: Error while executing service _tracerouteStateEntityService_.processById. Message = null (type = org.chenile.base.exception.ErrorNumException)
2024-10-19 17:43:12,463 DEBUG [main] ChenileExceptionHandler: code = 6001 locale = en
2024-10-19 17:43:12,464 DEBUG [main] MultipleMessageSource: No properties file found for [classpath*:messages]
2024-10-19 17:43:12,464 DEBUG [main] MultipleMessageSource: Loading properties [messages_en_US.properties]
2024-10-19 17:43:12,464 DEBUG [main] MultipleMessageSource: Loading properties [messages_en_US.properties]
2024-10-19 17:43:12,464 DEBUG [main] MultipleMessageSource: Loading properties [messages_en_US.properties]
2024-10-19 17:43:12,464 DEBUG [main] MultipleMessageSource: No properties file found for [classpath*:messages_en_US]
2024-10-19 17:43:12,464 DEBUG [main] MultipleMessageSource: Loading properties [messages_en.properties]
2024-10-19 17:43:12,464 DEBUG [main] MultipleMessageSource: Loading properties [messages_en.properties]
2024-10-19 17:43:12,465 DEBUG [main] MultipleMessageSource: Loading properties [messages_en.properties]
2024-10-19 17:43:12,465 DEBUG [main] MultipleMessageSource: No properties file found for [classpath*:messages_en]
2024-10-19 17:43:12,471 DEBUG [main] CompiledPath: Evaluating path: $['payload']['mutatedEntity']
2024-10-19 17:43:12,493 DEBUG [main] Runtime: Runtime.exit() called with status: 0
java.lang.Throwable: Runtime.exit(0)
	at java.base/java.lang.Shutdown.logRuntimeExit(Shutdown.java:179)
	at java.base/java.lang.Shutdown.exit(Shutdown.java:160)
	at java.base/java.lang.Runtime.exit(Runtime.java:188)
	at java.base/java.lang.System.exit(System.java:1925)
	at org.apache.maven.surefire.booter.ForkedBooter.acknowledgedExit(ForkedBooter.java:381)
	at org.apache.maven.surefire.booter.ForkedBooter.execute(ForkedBooter.java:178)
	at org.apache.maven.surefire.booter.ForkedBooter.run(ForkedBooter.java:507)
	at org.apache.maven.surefire.booter.ForkedBooter.main(ForkedBooter.java:495)
2024-10-19 17:43:45,188 INFO  [main] CukesSteps: Starting CukesSteps using Java 22.0.2 with PID 46315 (started by premkumar in /Users/premkumar/LinkerSod/traceroute/traceroute-service)
2024-10-19 17:43:45,189 DEBUG [main] CukesSteps: Running with Spring Boot v3.2.4, Spring v6.1.5
2024-10-19 17:43:45,189 INFO  [main] CukesSteps: The following 1 profile is active: "unittest"
2024-10-19 17:43:46,113 DEBUG [main] logging: Logging Provider: org.jboss.logging.Slf4jLoggerProvider found via system property
2024-10-19 17:43:47,217 WARN  [main] JpaBaseConfiguration$JpaWebConfiguration: spring.jpa.open-in-view is enabled by default. Therefore, database queries may be performed during view rendering. Explicitly configure spring.jpa.open-in-view to disable this warning
2024-10-19 17:43:47,252 DEBUG [main] Mappings: 
	c.s.d.t.c.c.TracerouteController:
	{POST [/traceroute]}: create(HttpServletRequest,Traceroute)
	{GET [/traceroute/{id}]}: retrieve(HttpServletRequest,String)
	{PUT [/traceroute/{id}/{eventID}]}: processById(HttpServletRequest,String,String,String)
2024-10-19 17:43:47,257 DEBUG [main] Mappings: 
	o.s.b.a.w.s.e.BasicErrorController:
	{ [/error]}: error(HttpServletRequest)
	{ [/error], produces [text/html]}: errorHtml(HttpServletRequest,HttpServletResponse)
2024-10-19 17:43:47,264 DEBUG [main] Mappings: 
	o.s.w.a.OpenApiWebMvcResource:
	{GET [/v3/api-docs], produces [application/json]}: openapiJson(HttpServletRequest,String,Locale)
	{GET [/v3/api-docs.yaml], produces [application/vnd.oai.openapi]}: openapiYaml(HttpServletRequest,String,Locale)
2024-10-19 17:43:47,265 DEBUG [main] Mappings: 
	o.s.w.u.SwaggerWelcomeWebMvc:
	{GET [/swagger-ui.html]}: redirectToUi(HttpServletRequest)
2024-10-19 17:43:47,265 DEBUG [main] Mappings: 
	o.s.w.u.SwaggerConfigResource:
	{GET [/v3/api-docs/swagger-config], produces [application/json]}: openapiJson(HttpServletRequest)
2024-10-19 17:43:47,270 DEBUG [main] Mappings: 'beanNameHandlerMapping' {}
2024-10-19 17:43:47,324 DEBUG [main] Mappings: 'resourceHandlerMapping' {/swagger-ui*/*swagger-initializer.js=ResourceHttpRequestHandler [classpath [META-INF/resources/webjars/]], /swagger-ui*/**=ResourceHttpRequestHandler [classpath [META-INF/resources/webjars/]]}
2024-10-19 17:43:47,692 INFO  [main] CukesSteps: Started CukesSteps in 2.754 seconds (process running for 3.617)
2024-10-19 17:43:47,696 DEBUG [main] Mappings: 'simpleUrlHandlerMapping' {/traceroute/{id}=org.chenile.http.handler.HttpEntryPoint@2d34fedd, /health-check/{service}=org.chenile.http.handler.HttpEntryPoint@efacf45, /service-info/{service}=org.chenile.http.handler.HttpEntryPoint@4df45a80, /traceroute/{id}/{eventID}=org.chenile.http.handler.HttpEntryPoint@6464df4e, /info=org.chenile.http.handler.HttpEntryPoint@6e2c1709, /traceroute=org.chenile.http.handler.HttpEntryPoint@36747d6e}
2024-10-19 17:43:47,742 DEBUG [main] STMFlowStoreImpl: :::::::::::::::::::truefor state::::::::OPENED
2024-10-19 17:43:47,742 DEBUG [main] STMFlowStoreImpl: :::::::::::::::::::truefor state::::::::OPENED
2024-10-19 17:43:47,822 DEBUG [main] CompiledPath: Evaluating path: $['payload']['mutatedEntity']
2024-10-19 17:43:47,825 DEBUG [main] CompiledPath: Evaluating path: $['payload']['mutatedEntity']['id']
2024-10-19 17:43:47,833 DEBUG [main] CompiledPath: Evaluating path: $['payload']['mutatedEntity']['currentState']['stateId']
2024-10-19 17:43:47,834 DEBUG [main] CompiledPath: Evaluating path: $['payload']['mutatedEntity']['openedBy']
2024-10-19 17:43:47,834 DEBUG [main] CompiledPath: Evaluating path: $['payload']['mutatedEntity']['description']
2024-10-19 17:43:47,876 DEBUG [main] CompiledPath: Evaluating path: $['payload']['mutatedEntity']
2024-10-19 17:43:47,876 DEBUG [main] CompiledPath: Evaluating path: $['payload']['mutatedEntity']['id']
2024-10-19 17:43:47,876 DEBUG [main] CompiledPath: Evaluating path: $['payload']['mutatedEntity']['currentState']['stateId']
2024-10-19 17:43:47,877 DEBUG [main] CompiledPath: Evaluating path: $['payload']['mutatedEntity']['openedBy']
2024-10-19 17:43:47,883 DEBUG [main] STMFlowStoreImpl: :::::::::::::::::::truefor state::::::::ASSIGNED
2024-10-19 17:43:47,883 DEBUG [main] STMFlowStoreImpl: :::::::::::::::::::truefor state::::::::ASSIGNED
2024-10-19 17:43:47,891 DEBUG [main] CompiledPath: Evaluating path: $['payload']['mutatedEntity']
2024-10-19 17:43:47,891 DEBUG [main] CompiledPath: Evaluating path: $['payload']['mutatedEntity']['id']
2024-10-19 17:43:47,891 DEBUG [main] CompiledPath: Evaluating path: $['payload']['mutatedEntity']['currentState']['stateId']
2024-10-19 17:43:47,891 DEBUG [main] CompiledPath: Evaluating path: $['payload']['mutatedEntity']['assignee']
2024-10-19 17:43:47,892 DEBUG [main] CompiledPath: Evaluating path: $['payload']['mutatedEntity']['assignComment']
2024-10-19 17:43:47,896 DEBUG [main] STMFlowStoreImpl: :::::::::::::::::::truefor state::::::::RESOLVED
2024-10-19 17:43:47,896 DEBUG [main] STMFlowStoreImpl: :::::::::::::::::::truefor state::::::::RESOLVED
2024-10-19 17:43:47,899 DEBUG [main] CompiledPath: Evaluating path: $['payload']['mutatedEntity']
2024-10-19 17:43:47,899 DEBUG [main] CompiledPath: Evaluating path: $['payload']['mutatedEntity']['id']
2024-10-19 17:43:47,899 DEBUG [main] CompiledPath: Evaluating path: $['payload']['mutatedEntity']['currentState']['stateId']
2024-10-19 17:43:47,899 DEBUG [main] CompiledPath: Evaluating path: $['payload']['mutatedEntity']['resolveComment']
2024-10-19 17:43:47,904 DEBUG [main] STMFlowStoreImpl: :::::::::::::::::::truefor state::::::::CLOSED
2024-10-19 17:43:47,904 DEBUG [main] STMFlowStoreImpl: :::::::::::::::::::truefor state::::::::CLOSED
2024-10-19 17:43:47,906 DEBUG [main] CompiledPath: Evaluating path: $['payload']['mutatedEntity']
2024-10-19 17:43:47,907 DEBUG [main] CompiledPath: Evaluating path: $['payload']['mutatedEntity']['id']
2024-10-19 17:43:47,907 DEBUG [main] CompiledPath: Evaluating path: $['payload']['mutatedEntity']['currentState']['stateId']
2024-10-19 17:43:47,907 DEBUG [main] CompiledPath: Evaluating path: $['payload']['mutatedEntity']['closeComment']
2024-10-19 17:43:47,913 INFO  [main] ServiceInvoker: Error while executing service _tracerouteStateEntityService_.processById. Message = null (type = org.chenile.base.exception.ErrorNumException)
2024-10-19 17:43:47,913 DEBUG [main] ChenileExceptionHandler: code = 6001 locale = en
2024-10-19 17:43:47,914 DEBUG [main] MultipleMessageSource: No properties file found for [classpath*:messages]
2024-10-19 17:43:47,914 DEBUG [main] MultipleMessageSource: Loading properties [messages_en_US.properties]
2024-10-19 17:43:47,914 DEBUG [main] MultipleMessageSource: Loading properties [messages_en_US.properties]
2024-10-19 17:43:47,914 DEBUG [main] MultipleMessageSource: Loading properties [messages_en_US.properties]
2024-10-19 17:43:47,914 DEBUG [main] MultipleMessageSource: No properties file found for [classpath*:messages_en_US]
2024-10-19 17:43:47,914 DEBUG [main] MultipleMessageSource: Loading properties [messages_en.properties]
2024-10-19 17:43:47,914 DEBUG [main] MultipleMessageSource: Loading properties [messages_en.properties]
2024-10-19 17:43:47,914 DEBUG [main] MultipleMessageSource: Loading properties [messages_en.properties]
2024-10-19 17:43:47,914 DEBUG [main] MultipleMessageSource: No properties file found for [classpath*:messages_en]
2024-10-19 17:43:47,921 DEBUG [main] CompiledPath: Evaluating path: $['payload']['mutatedEntity']
2024-10-19 17:43:47,947 DEBUG [main] Runtime: Runtime.exit() called with status: 0
java.lang.Throwable: Runtime.exit(0)
	at java.base/java.lang.Shutdown.logRuntimeExit(Shutdown.java:179)
	at java.base/java.lang.Shutdown.exit(Shutdown.java:160)
	at java.base/java.lang.Runtime.exit(Runtime.java:188)
	at java.base/java.lang.System.exit(System.java:1925)
	at org.apache.maven.surefire.booter.ForkedBooter.acknowledgedExit(ForkedBooter.java:381)
	at org.apache.maven.surefire.booter.ForkedBooter.execute(ForkedBooter.java:178)
	at org.apache.maven.surefire.booter.ForkedBooter.run(ForkedBooter.java:507)
	at org.apache.maven.surefire.booter.ForkedBooter.main(ForkedBooter.java:495)
