2024-09-17 00:01:57,635 INFO  [main] CukesSteps: Starting CukesSteps using Java 22.0.2 with PID 49898 (started by premkumar in /Users/premkumar/LinkerSod/traceroute/traceroute-service)
2024-09-17 00:01:57,635 DEBUG [main] CukesSteps: Running with Spring Boot v3.2.4, Spring v6.1.5
2024-09-17 00:01:57,635 INFO  [main] CukesSteps: The following 1 profile is active: "unittest"
2024-09-17 00:01:58,567 DEBUG [main] logging: Logging Provider: org.jboss.logging.Slf4jLoggerProvider found via system property
2024-09-17 00:01:59,765 WARN  [main] JpaBaseConfiguration$JpaWebConfiguration: spring.jpa.open-in-view is enabled by default. Therefore, database queries may be performed during view rendering. Explicitly configure spring.jpa.open-in-view to disable this warning
2024-09-17 00:01:59,795 DEBUG [main] Mappings: 
	c.s.d.t.c.c.TracerouteController:
	{POST [/traceroute]}: create(HttpServletRequest,Traceroute)
	{GET [/traceroute/{id}]}: retrieve(HttpServletRequest,String)
	{PUT [/traceroute/{id}/{eventID}]}: processById(HttpServletRequest,String,String,String)
2024-09-17 00:01:59,801 DEBUG [main] Mappings: 
	o.s.b.a.w.s.e.BasicErrorController:
	{ [/error]}: error(HttpServletRequest)
	{ [/error], produces [text/html]}: errorHtml(HttpServletRequest,HttpServletResponse)
2024-09-17 00:01:59,808 DEBUG [main] Mappings: 
	o.s.w.a.OpenApiWebMvcResource:
	{GET [/v3/api-docs], produces [application/json]}: openapiJson(HttpServletRequest,String,Locale)
	{GET [/v3/api-docs.yaml], produces [application/vnd.oai.openapi]}: openapiYaml(HttpServletRequest,String,Locale)
2024-09-17 00:01:59,810 DEBUG [main] Mappings: 
	o.s.w.u.SwaggerWelcomeWebMvc:
	{GET [/swagger-ui.html]}: redirectToUi(HttpServletRequest)
2024-09-17 00:01:59,810 DEBUG [main] Mappings: 
	o.s.w.u.SwaggerConfigResource:
	{GET [/v3/api-docs/swagger-config], produces [application/json]}: openapiJson(HttpServletRequest)
2024-09-17 00:01:59,814 DEBUG [main] Mappings: 'beanNameHandlerMapping' {}
2024-09-17 00:01:59,869 DEBUG [main] Mappings: 'resourceHandlerMapping' {/swagger-ui*/*swagger-initializer.js=ResourceHttpRequestHandler [classpath [META-INF/resources/webjars/]], /swagger-ui*/**=ResourceHttpRequestHandler [classpath [META-INF/resources/webjars/]]}
2024-09-17 00:02:00,245 INFO  [main] CukesSteps: Started CukesSteps in 2.847 seconds (process running for 3.744)
2024-09-17 00:02:00,249 DEBUG [main] Mappings: 'simpleUrlHandlerMapping' {/traceroute/{id}=org.chenile.http.handler.HttpEntryPoint@6aae5a28, /health-check/{service}=org.chenile.http.handler.HttpEntryPoint@34e2e1e7, /service-info/{service}=org.chenile.http.handler.HttpEntryPoint@79c74143, /traceroute/{id}/{eventID}=org.chenile.http.handler.HttpEntryPoint@35d38d55, /info=org.chenile.http.handler.HttpEntryPoint@2d34fedd, /traceroute=org.chenile.http.handler.HttpEntryPoint@efacf45}
2024-09-17 00:02:00,295 DEBUG [main] STMFlowStoreImpl: :::::::::::::::::::truefor state::::::::OPENED
2024-09-17 00:02:00,295 DEBUG [main] STMFlowStoreImpl: :::::::::::::::::::truefor state::::::::OPENED
2024-09-17 00:02:00,384 DEBUG [main] CompiledPath: Evaluating path: $['payload']['mutatedEntity']
2024-09-17 00:02:00,387 DEBUG [main] CompiledPath: Evaluating path: $['payload']['mutatedEntity']['id']
2024-09-17 00:02:00,396 DEBUG [main] CompiledPath: Evaluating path: $['payload']['mutatedEntity']['currentState']['stateId']
2024-09-17 00:02:00,396 DEBUG [main] CompiledPath: Evaluating path: $['payload']['mutatedEntity']['openedBy']
2024-09-17 00:02:00,396 DEBUG [main] CompiledPath: Evaluating path: $['payload']['mutatedEntity']['description']
2024-09-17 00:02:00,450 DEBUG [main] CompiledPath: Evaluating path: $['payload']['mutatedEntity']
2024-09-17 00:02:00,450 DEBUG [main] CompiledPath: Evaluating path: $['payload']['mutatedEntity']['id']
2024-09-17 00:02:00,450 DEBUG [main] CompiledPath: Evaluating path: $['payload']['mutatedEntity']['currentState']['stateId']
2024-09-17 00:02:00,451 DEBUG [main] CompiledPath: Evaluating path: $['payload']['mutatedEntity']['openedBy']
2024-09-17 00:02:00,460 DEBUG [main] STMFlowStoreImpl: :::::::::::::::::::truefor state::::::::ASSIGNED
2024-09-17 00:02:00,460 DEBUG [main] STMFlowStoreImpl: :::::::::::::::::::truefor state::::::::ASSIGNED
2024-09-17 00:02:00,467 DEBUG [main] CompiledPath: Evaluating path: $['payload']['mutatedEntity']
2024-09-17 00:02:00,467 DEBUG [main] CompiledPath: Evaluating path: $['payload']['mutatedEntity']['id']
2024-09-17 00:02:00,467 DEBUG [main] CompiledPath: Evaluating path: $['payload']['mutatedEntity']['currentState']['stateId']
2024-09-17 00:02:00,467 DEBUG [main] CompiledPath: Evaluating path: $['payload']['mutatedEntity']['assignee']
2024-09-17 00:02:00,468 DEBUG [main] CompiledPath: Evaluating path: $['payload']['mutatedEntity']['assignComment']
2024-09-17 00:02:00,472 DEBUG [main] STMFlowStoreImpl: :::::::::::::::::::truefor state::::::::RESOLVED
2024-09-17 00:02:00,472 DEBUG [main] STMFlowStoreImpl: :::::::::::::::::::truefor state::::::::RESOLVED
2024-09-17 00:02:00,475 DEBUG [main] CompiledPath: Evaluating path: $['payload']['mutatedEntity']
2024-09-17 00:02:00,475 DEBUG [main] CompiledPath: Evaluating path: $['payload']['mutatedEntity']['id']
2024-09-17 00:02:00,475 DEBUG [main] CompiledPath: Evaluating path: $['payload']['mutatedEntity']['currentState']['stateId']
2024-09-17 00:02:00,475 DEBUG [main] CompiledPath: Evaluating path: $['payload']['mutatedEntity']['resolveComment']
2024-09-17 00:02:00,479 DEBUG [main] STMFlowStoreImpl: :::::::::::::::::::truefor state::::::::CLOSED
2024-09-17 00:02:00,480 DEBUG [main] STMFlowStoreImpl: :::::::::::::::::::truefor state::::::::CLOSED
2024-09-17 00:02:00,482 DEBUG [main] CompiledPath: Evaluating path: $['payload']['mutatedEntity']
2024-09-17 00:02:00,482 DEBUG [main] CompiledPath: Evaluating path: $['payload']['mutatedEntity']['id']
2024-09-17 00:02:00,482 DEBUG [main] CompiledPath: Evaluating path: $['payload']['mutatedEntity']['currentState']['stateId']
2024-09-17 00:02:00,482 DEBUG [main] CompiledPath: Evaluating path: $['payload']['mutatedEntity']['closeComment']
2024-09-17 00:02:00,486 INFO  [main] ServiceInvoker: Error while executing service _tracerouteStateEntityService_.processById. Message = null (type = org.chenile.base.exception.ErrorNumException)
2024-09-17 00:02:00,487 DEBUG [main] ChenileExceptionHandler: code = 6001 locale = en
2024-09-17 00:02:00,488 DEBUG [main] MultipleMessageSource: No properties file found for [classpath*:messages]
2024-09-17 00:02:00,488 DEBUG [main] MultipleMessageSource: Loading properties [messages_en_US.properties]
2024-09-17 00:02:00,488 DEBUG [main] MultipleMessageSource: Loading properties [messages_en_US.properties]
2024-09-17 00:02:00,488 DEBUG [main] MultipleMessageSource: Loading properties [messages_en_US.properties]
2024-09-17 00:02:00,488 DEBUG [main] MultipleMessageSource: No properties file found for [classpath*:messages_en_US]
2024-09-17 00:02:00,488 DEBUG [main] MultipleMessageSource: Loading properties [messages_en.properties]
2024-09-17 00:02:00,488 DEBUG [main] MultipleMessageSource: Loading properties [messages_en.properties]
2024-09-17 00:02:00,488 DEBUG [main] MultipleMessageSource: Loading properties [messages_en.properties]
2024-09-17 00:02:00,488 DEBUG [main] MultipleMessageSource: No properties file found for [classpath*:messages_en]
2024-09-17 00:02:00,494 DEBUG [main] CompiledPath: Evaluating path: $['payload']['mutatedEntity']
2024-09-17 00:02:00,515 DEBUG [main] Runtime: Runtime.exit() called with status: 0
java.lang.Throwable: Runtime.exit(0)
	at java.base/java.lang.Shutdown.logRuntimeExit(Shutdown.java:179)
	at java.base/java.lang.Shutdown.exit(Shutdown.java:160)
	at java.base/java.lang.Runtime.exit(Runtime.java:188)
	at java.base/java.lang.System.exit(System.java:1925)
	at org.apache.maven.surefire.booter.ForkedBooter.acknowledgedExit(ForkedBooter.java:381)
	at org.apache.maven.surefire.booter.ForkedBooter.execute(ForkedBooter.java:178)
	at org.apache.maven.surefire.booter.ForkedBooter.run(ForkedBooter.java:507)
	at org.apache.maven.surefire.booter.ForkedBooter.main(ForkedBooter.java:495)
