2024-10-20 00:08:01,158 INFO  [main] CukesSteps: Starting CukesSteps using Java 22.0.2 with PID 50881 (started by premkumar in /Users/premkumar/LinkerSod/traceroute/traceroute-service)
2024-10-20 00:08:01,158 DEBUG [main] CukesSteps: Running with Spring Boot v3.2.4, Spring v6.1.5
2024-10-20 00:08:01,158 INFO  [main] CukesSteps: The following 1 profile is active: "unittest"
2024-10-20 00:08:02,070 DEBUG [main] logging: Logging Provider: org.jboss.logging.Slf4jLoggerProvider found via system property
2024-10-20 00:08:03,197 WARN  [main] JpaBaseConfiguration$JpaWebConfiguration: spring.jpa.open-in-view is enabled by default. Therefore, database queries may be performed during view rendering. Explicitly configure spring.jpa.open-in-view to disable this warning
2024-10-20 00:08:03,227 DEBUG [main] Mappings: 
	c.s.d.t.c.c.TracerouteController:
	{PUT [/traceroute/{id}/{eventID}]}: processById(HttpServletRequest,String,String,String)
	{POST [/traceroute]}: create(HttpServletRequest,Traceroute)
	{GET [/traceroute/{id}]}: retrieve(HttpServletRequest,String)
2024-10-20 00:08:03,232 DEBUG [main] Mappings: 
	o.s.b.a.w.s.e.BasicErrorController:
	{ [/error], produces [text/html]}: errorHtml(HttpServletRequest,HttpServletResponse)
	{ [/error]}: error(HttpServletRequest)
2024-10-20 00:08:03,239 DEBUG [main] Mappings: 
	o.s.w.a.OpenApiWebMvcResource:
	{GET [/v3/api-docs], produces [application/json]}: openapiJson(HttpServletRequest,String,Locale)
	{GET [/v3/api-docs.yaml], produces [application/vnd.oai.openapi]}: openapiYaml(HttpServletRequest,String,Locale)
2024-10-20 00:08:03,240 DEBUG [main] Mappings: 
	o.s.w.u.SwaggerWelcomeWebMvc:
	{GET [/swagger-ui.html]}: redirectToUi(HttpServletRequest)
2024-10-20 00:08:03,240 DEBUG [main] Mappings: 
	o.s.w.u.SwaggerConfigResource:
	{GET [/v3/api-docs/swagger-config], produces [application/json]}: openapiJson(HttpServletRequest)
2024-10-20 00:08:03,245 DEBUG [main] Mappings: 'beanNameHandlerMapping' {}
2024-10-20 00:08:03,298 DEBUG [main] Mappings: 'resourceHandlerMapping' {/swagger-ui*/*swagger-initializer.js=ResourceHttpRequestHandler [classpath [META-INF/resources/webjars/]], /swagger-ui*/**=ResourceHttpRequestHandler [classpath [META-INF/resources/webjars/]]}
2024-10-20 00:08:03,674 INFO  [main] CukesSteps: Started CukesSteps in 2.738 seconds (process running for 3.638)
2024-10-20 00:08:03,678 DEBUG [main] Mappings: 'simpleUrlHandlerMapping' {/traceroute/{id}=org.chenile.http.handler.HttpEntryPoint@6aae5a28, /health-check/{service}=org.chenile.http.handler.HttpEntryPoint@34e2e1e7, /service-info/{service}=org.chenile.http.handler.HttpEntryPoint@79c74143, /traceroute/{id}/{eventID}=org.chenile.http.handler.HttpEntryPoint@35d38d55, /info=org.chenile.http.handler.HttpEntryPoint@2d34fedd, /traceroute=org.chenile.http.handler.HttpEntryPoint@efacf45}
2024-10-20 00:08:03,725 DEBUG [main] STMFlowStoreImpl: :::::::::::::::::::truefor state::::::::OPENED
2024-10-20 00:08:03,725 DEBUG [main] STMFlowStoreImpl: :::::::::::::::::::truefor state::::::::OPENED
2024-10-20 00:08:03,810 DEBUG [main] CompiledPath: Evaluating path: $['payload']['mutatedEntity']
2024-10-20 00:08:03,813 DEBUG [main] CompiledPath: Evaluating path: $['payload']['mutatedEntity']['id']
2024-10-20 00:08:03,829 DEBUG [main] CompiledPath: Evaluating path: $['payload']['mutatedEntity']['currentState']['stateId']
2024-10-20 00:08:03,829 DEBUG [main] CompiledPath: Evaluating path: $['payload']['mutatedEntity']['openedBy']
2024-10-20 00:08:03,829 DEBUG [main] CompiledPath: Evaluating path: $['payload']['mutatedEntity']['description']
2024-10-20 00:08:03,873 DEBUG [main] CompiledPath: Evaluating path: $['payload']['mutatedEntity']
2024-10-20 00:08:03,873 DEBUG [main] CompiledPath: Evaluating path: $['payload']['mutatedEntity']['id']
2024-10-20 00:08:03,873 DEBUG [main] CompiledPath: Evaluating path: $['payload']['mutatedEntity']['currentState']['stateId']
2024-10-20 00:08:03,874 DEBUG [main] CompiledPath: Evaluating path: $['payload']['mutatedEntity']['openedBy']
2024-10-20 00:08:03,881 DEBUG [main] STMFlowStoreImpl: :::::::::::::::::::truefor state::::::::ASSIGNED
2024-10-20 00:08:03,881 DEBUG [main] STMFlowStoreImpl: :::::::::::::::::::truefor state::::::::ASSIGNED
2024-10-20 00:08:03,889 DEBUG [main] CompiledPath: Evaluating path: $['payload']['mutatedEntity']
2024-10-20 00:08:03,889 DEBUG [main] CompiledPath: Evaluating path: $['payload']['mutatedEntity']['id']
2024-10-20 00:08:03,889 DEBUG [main] CompiledPath: Evaluating path: $['payload']['mutatedEntity']['currentState']['stateId']
2024-10-20 00:08:03,889 DEBUG [main] CompiledPath: Evaluating path: $['payload']['mutatedEntity']['assignee']
2024-10-20 00:08:03,889 DEBUG [main] CompiledPath: Evaluating path: $['payload']['mutatedEntity']['assignComment']
2024-10-20 00:08:03,894 DEBUG [main] STMFlowStoreImpl: :::::::::::::::::::truefor state::::::::RESOLVED
2024-10-20 00:08:03,894 DEBUG [main] STMFlowStoreImpl: :::::::::::::::::::truefor state::::::::RESOLVED
2024-10-20 00:08:03,897 DEBUG [main] CompiledPath: Evaluating path: $['payload']['mutatedEntity']
2024-10-20 00:08:03,897 DEBUG [main] CompiledPath: Evaluating path: $['payload']['mutatedEntity']['id']
2024-10-20 00:08:03,897 DEBUG [main] CompiledPath: Evaluating path: $['payload']['mutatedEntity']['currentState']['stateId']
2024-10-20 00:08:03,897 DEBUG [main] CompiledPath: Evaluating path: $['payload']['mutatedEntity']['resolveComment']
2024-10-20 00:08:03,901 DEBUG [main] STMFlowStoreImpl: :::::::::::::::::::truefor state::::::::CLOSED
2024-10-20 00:08:03,901 DEBUG [main] STMFlowStoreImpl: :::::::::::::::::::truefor state::::::::CLOSED
2024-10-20 00:08:03,904 DEBUG [main] CompiledPath: Evaluating path: $['payload']['mutatedEntity']
2024-10-20 00:08:03,904 DEBUG [main] CompiledPath: Evaluating path: $['payload']['mutatedEntity']['id']
2024-10-20 00:08:03,904 DEBUG [main] CompiledPath: Evaluating path: $['payload']['mutatedEntity']['currentState']['stateId']
2024-10-20 00:08:03,904 DEBUG [main] CompiledPath: Evaluating path: $['payload']['mutatedEntity']['closeComment']
2024-10-20 00:08:03,908 INFO  [main] ServiceInvoker: Error while executing service _tracerouteStateEntityService_.processById. Message = null (type = org.chenile.base.exception.ErrorNumException)
2024-10-20 00:08:03,908 DEBUG [main] ChenileExceptionHandler: code = 6001 locale = en
2024-10-20 00:08:03,909 DEBUG [main] MultipleMessageSource: No properties file found for [classpath*:messages]
2024-10-20 00:08:03,910 DEBUG [main] MultipleMessageSource: Loading properties [messages_en_US.properties]
2024-10-20 00:08:03,910 DEBUG [main] MultipleMessageSource: Loading properties [messages_en_US.properties]
2024-10-20 00:08:03,910 DEBUG [main] MultipleMessageSource: Loading properties [messages_en_US.properties]
2024-10-20 00:08:03,910 DEBUG [main] MultipleMessageSource: No properties file found for [classpath*:messages_en_US]
2024-10-20 00:08:03,910 DEBUG [main] MultipleMessageSource: Loading properties [messages_en.properties]
2024-10-20 00:08:03,910 DEBUG [main] MultipleMessageSource: Loading properties [messages_en.properties]
2024-10-20 00:08:03,910 DEBUG [main] MultipleMessageSource: Loading properties [messages_en.properties]
2024-10-20 00:08:03,910 DEBUG [main] MultipleMessageSource: No properties file found for [classpath*:messages_en]
2024-10-20 00:08:03,916 DEBUG [main] CompiledPath: Evaluating path: $['payload']['mutatedEntity']
2024-10-20 00:08:03,940 DEBUG [main] Runtime: Runtime.exit() called with status: 0
java.lang.Throwable: Runtime.exit(0)
	at java.base/java.lang.Shutdown.logRuntimeExit(Shutdown.java:179)
	at java.base/java.lang.Shutdown.exit(Shutdown.java:160)
	at java.base/java.lang.Runtime.exit(Runtime.java:188)
	at java.base/java.lang.System.exit(System.java:1925)
	at org.apache.maven.surefire.booter.ForkedBooter.acknowledgedExit(ForkedBooter.java:381)
	at org.apache.maven.surefire.booter.ForkedBooter.execute(ForkedBooter.java:178)
	at org.apache.maven.surefire.booter.ForkedBooter.run(ForkedBooter.java:507)
	at org.apache.maven.surefire.booter.ForkedBooter.main(ForkedBooter.java:495)
